[2023-03-29T09:00:49.263+0000] {taskinstance.py:1087} INFO - Dependencies all met for <TaskInstance: docker_sample.print_date scheduled__2023-03-29T06:30:00+00:00 [queued]>
[2023-03-29T09:00:49.269+0000] {taskinstance.py:1087} INFO - Dependencies all met for <TaskInstance: docker_sample.print_date scheduled__2023-03-29T06:30:00+00:00 [queued]>
[2023-03-29T09:00:49.269+0000] {taskinstance.py:1283} INFO - 
--------------------------------------------------------------------------------
[2023-03-29T09:00:49.270+0000] {taskinstance.py:1284} INFO - Starting attempt 1 of 2
[2023-03-29T09:00:49.270+0000] {taskinstance.py:1285} INFO - 
--------------------------------------------------------------------------------
[2023-03-29T09:00:49.293+0000] {taskinstance.py:1304} INFO - Executing <Task(BashOperator): print_date> on 2023-03-29 06:30:00+00:00
[2023-03-29T09:00:49.298+0000] {standard_task_runner.py:55} INFO - Started process 194297 to run task
[2023-03-29T09:00:49.304+0000] {standard_task_runner.py:82} INFO - Running: ['airflow', 'tasks', 'run', 'docker_sample', 'print_date', 'scheduled__2023-03-29T06:30:00+00:00', '--job-id', '1461', '--raw', '--subdir', 'DAGS_FOLDER/test_docker_operator.py', '--cfg-path', '/tmp/tmpj7okk805']
[2023-03-29T09:00:49.305+0000] {standard_task_runner.py:83} INFO - Job 1461: Subtask print_date
[2023-03-29T09:00:49.372+0000] {task_command.py:389} INFO - Running <TaskInstance: docker_sample.print_date scheduled__2023-03-29T06:30:00+00:00 [running]> on host vibrdairflow.tciw5gv3lhjetcyg0kqzfvdylc.hx.internal.cloudapp.net
[2023-03-29T09:00:49.463+0000] {taskinstance.py:1511} INFO - Exporting the following env vars:
AIRFLOW_CTX_DAG_EMAIL=airflow@example.com
AIRFLOW_CTX_DAG_OWNER=airflow
AIRFLOW_CTX_DAG_ID=docker_sample
AIRFLOW_CTX_TASK_ID=print_date
AIRFLOW_CTX_EXECUTION_DATE=2023-03-29T06:30:00+00:00
AIRFLOW_CTX_TRY_NUMBER=1
AIRFLOW_CTX_DAG_RUN_ID=scheduled__2023-03-29T06:30:00+00:00
[2023-03-29T09:00:49.465+0000] {subprocess.py:63} INFO - Tmp dir root location: 
 /tmp
[2023-03-29T09:00:49.465+0000] {subprocess.py:75} INFO - Running command: ['/bin/bash', '-c', 'date']
[2023-03-29T09:00:49.475+0000] {subprocess.py:86} INFO - Output:
[2023-03-29T09:00:49.480+0000] {subprocess.py:93} INFO - Wed Mar 29 09:00:49 UTC 2023
[2023-03-29T09:00:49.480+0000] {subprocess.py:97} INFO - Command exited with return code 0
[2023-03-29T09:00:49.513+0000] {taskinstance.py:1322} INFO - Marking task as SUCCESS. dag_id=docker_sample, task_id=print_date, execution_date=20230329T063000, start_date=20230329T090049, end_date=20230329T090049
[2023-03-29T09:00:49.554+0000] {local_task_job.py:159} INFO - Task exited with return code 0
[2023-03-29T09:00:49.578+0000] {taskinstance.py:2582} INFO - 2 downstream tasks scheduled from follow-on schedule check
