[2023-03-29T07:20:48.093+0000] {taskinstance.py:1087} INFO - Dependencies all met for <TaskInstance: docker_dag.docker_command scheduled__2023-03-29T06:05:00+00:00 [queued]>
[2023-03-29T07:20:48.100+0000] {taskinstance.py:1087} INFO - Dependencies all met for <TaskInstance: docker_dag.docker_command scheduled__2023-03-29T06:05:00+00:00 [queued]>
[2023-03-29T07:20:48.100+0000] {taskinstance.py:1283} INFO - 
--------------------------------------------------------------------------------
[2023-03-29T07:20:48.100+0000] {taskinstance.py:1284} INFO - Starting attempt 2 of 2
[2023-03-29T07:20:48.100+0000] {taskinstance.py:1285} INFO - 
--------------------------------------------------------------------------------
[2023-03-29T07:20:48.128+0000] {taskinstance.py:1304} INFO - Executing <Task(DockerOperator): docker_command> on 2023-03-29 06:05:00+00:00
[2023-03-29T07:20:48.131+0000] {standard_task_runner.py:55} INFO - Started process 16461 to run task
[2023-03-29T07:20:48.137+0000] {standard_task_runner.py:82} INFO - Running: ['airflow', 'tasks', 'run', 'docker_dag', 'docker_command', 'scheduled__2023-03-29T06:05:00+00:00', '--job-id', '595', '--raw', '--subdir', 'DAGS_FOLDER/test_docker_dag.py', '--cfg-path', '/tmp/tmp8a_rg7gk']
[2023-03-29T07:20:48.139+0000] {standard_task_runner.py:83} INFO - Job 595: Subtask docker_command
[2023-03-29T07:20:48.206+0000] {task_command.py:389} INFO - Running <TaskInstance: docker_dag.docker_command scheduled__2023-03-29T06:05:00+00:00 [running]> on host vibrdairflow.tciw5gv3lhjetcyg0kqzfvdylc.hx.internal.cloudapp.net
[2023-03-29T07:20:48.263+0000] {taskinstance.py:1511} INFO - Exporting the following env vars:
AIRFLOW_CTX_DAG_OWNER=airflow
AIRFLOW_CTX_DAG_ID=docker_dag
AIRFLOW_CTX_TASK_ID=docker_command
AIRFLOW_CTX_EXECUTION_DATE=2023-03-29T06:05:00+00:00
AIRFLOW_CTX_TRY_NUMBER=2
AIRFLOW_CTX_DAG_RUN_ID=scheduled__2023-03-29T06:05:00+00:00
[2023-03-29T07:20:48.301+0000] {docker.py:432} INFO - Pulling docker image centos:latest
[2023-03-29T07:20:51.133+0000] {docker.py:446} INFO - latest: Pulling from library/centos
[2023-03-29T07:20:51.888+0000] {docker.py:446} INFO - a1d0c7532777: Pulling fs layer
[2023-03-29T07:20:52.602+0000] {docker.py:446} INFO - a1d0c7532777: Downloading
[2023-03-29T07:20:53.199+0000] {docker.py:446} INFO - a1d0c7532777: Download complete
[2023-03-29T07:20:53.321+0000] {docker.py:446} INFO - a1d0c7532777: Extracting
[2023-03-29T07:20:58.663+0000] {docker.py:446} INFO - a1d0c7532777: Pull complete
[2023-03-29T07:20:58.703+0000] {docker.py:441} INFO - Digest: sha256:a27fd8080b517143cbbbab9dfb7c8571c40d67d534bbdee55bd6c473f432b177
[2023-03-29T07:20:58.720+0000] {docker.py:441} INFO - Status: Downloaded newer image for centos:latest
[2023-03-29T07:20:58.726+0000] {docker.py:306} INFO - Starting docker container from image centos:latest
[2023-03-29T07:20:58.732+0000] {docker.py:314} WARNING - Using remote engine or docker-in-docker and mounting temporary volume from host is not supported. Falling back to `mount_tmp_dir=False` mode. You can set `mount_tmp_dir` parameter to False to disable mounting and remove the warning
[2023-03-29T07:21:36.024+0000] {taskinstance.py:1322} INFO - Marking task as SUCCESS. dag_id=docker_dag, task_id=docker_command, execution_date=20230329T060500, start_date=20230329T072048, end_date=20230329T072136
[2023-03-29T07:21:36.096+0000] {local_task_job.py:159} INFO - Task exited with return code 0
[2023-03-29T07:21:36.110+0000] {taskinstance.py:2582} INFO - 1 downstream tasks scheduled from follow-on schedule check
