[2023-03-29T04:45:18.661+0000] {taskinstance.py:1087} INFO - Dependencies all met for <TaskInstance: docker_sample.sleep scheduled__2023-03-27T04:40:00+00:00 [queued]>
[2023-03-29T04:45:18.670+0000] {taskinstance.py:1087} INFO - Dependencies all met for <TaskInstance: docker_sample.sleep scheduled__2023-03-27T04:40:00+00:00 [queued]>
[2023-03-29T04:45:18.670+0000] {taskinstance.py:1283} INFO - 
--------------------------------------------------------------------------------
[2023-03-29T04:45:18.670+0000] {taskinstance.py:1284} INFO - Starting attempt 1 of 4
[2023-03-29T04:45:18.671+0000] {taskinstance.py:1285} INFO - 
--------------------------------------------------------------------------------
[2023-03-29T04:45:18.696+0000] {taskinstance.py:1304} INFO - Executing <Task(BashOperator): sleep> on 2023-03-27 04:40:00+00:00
[2023-03-29T04:45:18.700+0000] {standard_task_runner.py:55} INFO - Started process 192975 to run task
[2023-03-29T04:45:18.705+0000] {standard_task_runner.py:82} INFO - Running: ['airflow', 'tasks', 'run', 'docker_sample', 'sleep', 'scheduled__2023-03-27T04:40:00+00:00', '--job-id', '195', '--raw', '--subdir', 'DAGS_FOLDER/test_docker_operator.py', '--cfg-path', '/tmp/tmpgk52dy_9']
[2023-03-29T04:45:18.707+0000] {standard_task_runner.py:83} INFO - Job 195: Subtask sleep
[2023-03-29T04:45:18.768+0000] {task_command.py:389} INFO - Running <TaskInstance: docker_sample.sleep scheduled__2023-03-27T04:40:00+00:00 [running]> on host vibrdairflow.tciw5gv3lhjetcyg0kqzfvdylc.hx.internal.cloudapp.net
[2023-03-29T04:45:18.853+0000] {taskinstance.py:1511} INFO - Exporting the following env vars:
AIRFLOW_CTX_DAG_EMAIL=airflow@example.com
AIRFLOW_CTX_DAG_OWNER=airflow
AIRFLOW_CTX_DAG_ID=docker_sample
AIRFLOW_CTX_TASK_ID=sleep
AIRFLOW_CTX_EXECUTION_DATE=2023-03-27T04:40:00+00:00
AIRFLOW_CTX_TRY_NUMBER=1
AIRFLOW_CTX_DAG_RUN_ID=scheduled__2023-03-27T04:40:00+00:00
[2023-03-29T04:45:18.855+0000] {subprocess.py:63} INFO - Tmp dir root location: 
 /tmp
[2023-03-29T04:45:18.856+0000] {subprocess.py:75} INFO - Running command: ['/bin/bash', '-c', 'sleep 5']
[2023-03-29T04:45:18.866+0000] {subprocess.py:86} INFO - Output:
[2023-03-29T04:45:23.869+0000] {subprocess.py:97} INFO - Command exited with return code 0
[2023-03-29T04:45:23.900+0000] {taskinstance.py:1322} INFO - Marking task as SUCCESS. dag_id=docker_sample, task_id=sleep, execution_date=20230327T044000, start_date=20230329T044518, end_date=20230329T044523
[2023-03-29T04:45:23.940+0000] {local_task_job.py:159} INFO - Task exited with return code 0
[2023-03-29T04:45:23.955+0000] {taskinstance.py:2582} INFO - 0 downstream tasks scheduled from follow-on schedule check
