[2022-12-16T09:09:15.095+0000] {taskinstance.py:1087} INFO - Dependencies all met for <TaskInstance: example_bash_operator.also_run_this manual__2022-12-16T09:09:03.812904+00:00 [queued]>
[2022-12-16T09:09:15.100+0000] {taskinstance.py:1087} INFO - Dependencies all met for <TaskInstance: example_bash_operator.also_run_this manual__2022-12-16T09:09:03.812904+00:00 [queued]>
[2022-12-16T09:09:15.100+0000] {taskinstance.py:1283} INFO - 
--------------------------------------------------------------------------------
[2022-12-16T09:09:15.100+0000] {taskinstance.py:1284} INFO - Starting attempt 1 of 1
[2022-12-16T09:09:15.100+0000] {taskinstance.py:1285} INFO - 
--------------------------------------------------------------------------------
[2022-12-16T09:09:15.125+0000] {taskinstance.py:1304} INFO - Executing <Task(BashOperator): also_run_this> on 2022-12-16 09:09:03.812904+00:00
[2022-12-16T09:09:15.128+0000] {standard_task_runner.py:55} INFO - Started process 58199 to run task
[2022-12-16T09:09:15.132+0000] {standard_task_runner.py:82} INFO - Running: ['airflow', 'tasks', 'run', 'example_bash_operator', 'also_run_this', 'manual__2022-12-16T09:09:03.812904+00:00', '--job-id', '22', '--raw', '--subdir', '/home/azureuser/.local/lib/python3.8/site-packages/airflow/example_dags/example_bash_operator.py', '--cfg-path', '/tmp/tmpq67440s3']
[2022-12-16T09:09:15.133+0000] {standard_task_runner.py:83} INFO - Job 22: Subtask also_run_this
[2022-12-16T09:09:15.208+0000] {task_command.py:389} INFO - Running <TaskInstance: example_bash_operator.also_run_this manual__2022-12-16T09:09:03.812904+00:00 [running]> on host vibrdairflow.tciw5gv3lhjetcyg0kqzfvdylc.hx.internal.cloudapp.net
[2022-12-16T09:09:15.270+0000] {taskinstance.py:1511} INFO - Exporting the following env vars:
AIRFLOW_CTX_DAG_OWNER=airflow
AIRFLOW_CTX_DAG_ID=example_bash_operator
AIRFLOW_CTX_TASK_ID=also_run_this
AIRFLOW_CTX_EXECUTION_DATE=2022-12-16T09:09:03.812904+00:00
AIRFLOW_CTX_TRY_NUMBER=1
AIRFLOW_CTX_DAG_RUN_ID=manual__2022-12-16T09:09:03.812904+00:00
[2022-12-16T09:09:15.271+0000] {subprocess.py:63} INFO - Tmp dir root location: 
 /tmp
[2022-12-16T09:09:15.271+0000] {subprocess.py:75} INFO - Running command: ['/bin/bash', '-c', 'echo "ti_key=example_bash_operator__also_run_this__20221216"']
[2022-12-16T09:09:15.278+0000] {subprocess.py:86} INFO - Output:
[2022-12-16T09:09:15.280+0000] {subprocess.py:93} INFO - ti_key=example_bash_operator__also_run_this__20221216
[2022-12-16T09:09:15.280+0000] {subprocess.py:97} INFO - Command exited with return code 0
[2022-12-16T09:09:15.310+0000] {taskinstance.py:1322} INFO - Marking task as SUCCESS. dag_id=example_bash_operator, task_id=also_run_this, execution_date=20221216T090903, start_date=20221216T090915, end_date=20221216T090915
[2022-12-16T09:09:15.343+0000] {local_task_job.py:159} INFO - Task exited with return code 0
[2022-12-16T09:09:15.358+0000] {taskinstance.py:2582} INFO - 0 downstream tasks scheduled from follow-on schedule check
