[2023-03-29T06:57:27.860+0000] {taskinstance.py:1087} INFO - Dependencies all met for <TaskInstance: docker_sample.sleep scheduled__2023-03-27T14:30:00+00:00 [queued]>
[2023-03-29T06:57:27.866+0000] {taskinstance.py:1087} INFO - Dependencies all met for <TaskInstance: docker_sample.sleep scheduled__2023-03-27T14:30:00+00:00 [queued]>
[2023-03-29T06:57:27.866+0000] {taskinstance.py:1283} INFO - 
--------------------------------------------------------------------------------
[2023-03-29T06:57:27.866+0000] {taskinstance.py:1284} INFO - Starting attempt 1 of 4
[2023-03-29T06:57:27.866+0000] {taskinstance.py:1285} INFO - 
--------------------------------------------------------------------------------
[2023-03-29T06:57:27.890+0000] {taskinstance.py:1304} INFO - Executing <Task(BashOperator): sleep> on 2023-03-27 14:30:00+00:00
[2023-03-29T06:57:27.894+0000] {standard_task_runner.py:55} INFO - Started process 353207 to run task
[2023-03-29T06:57:27.899+0000] {standard_task_runner.py:82} INFO - Running: ['airflow', 'tasks', 'run', 'docker_sample', 'sleep', 'scheduled__2023-03-27T14:30:00+00:00', '--job-id', '438', '--raw', '--subdir', 'DAGS_FOLDER/test_docker_operator.py', '--cfg-path', '/tmp/tmpfnvb49uc']
[2023-03-29T06:57:27.901+0000] {standard_task_runner.py:83} INFO - Job 438: Subtask sleep
[2023-03-29T06:57:27.961+0000] {task_command.py:389} INFO - Running <TaskInstance: docker_sample.sleep scheduled__2023-03-27T14:30:00+00:00 [running]> on host vibrdairflow.tciw5gv3lhjetcyg0kqzfvdylc.hx.internal.cloudapp.net
[2023-03-29T06:57:28.053+0000] {taskinstance.py:1511} INFO - Exporting the following env vars:
AIRFLOW_CTX_DAG_EMAIL=airflow@example.com
AIRFLOW_CTX_DAG_OWNER=airflow
AIRFLOW_CTX_DAG_ID=docker_sample
AIRFLOW_CTX_TASK_ID=sleep
AIRFLOW_CTX_EXECUTION_DATE=2023-03-27T14:30:00+00:00
AIRFLOW_CTX_TRY_NUMBER=1
AIRFLOW_CTX_DAG_RUN_ID=scheduled__2023-03-27T14:30:00+00:00
[2023-03-29T06:57:28.055+0000] {subprocess.py:63} INFO - Tmp dir root location: 
 /tmp
[2023-03-29T06:57:28.056+0000] {subprocess.py:75} INFO - Running command: ['/bin/bash', '-c', 'sleep 5']
[2023-03-29T06:57:28.065+0000] {subprocess.py:86} INFO - Output:
[2023-03-29T06:57:33.070+0000] {subprocess.py:97} INFO - Command exited with return code 0
[2023-03-29T06:57:33.104+0000] {taskinstance.py:1322} INFO - Marking task as SUCCESS. dag_id=docker_sample, task_id=sleep, execution_date=20230327T143000, start_date=20230329T065727, end_date=20230329T065733
[2023-03-29T06:57:33.159+0000] {local_task_job.py:159} INFO - Task exited with return code 0
[2023-03-29T06:57:33.168+0000] {taskinstance.py:2582} INFO - 0 downstream tasks scheduled from follow-on schedule check
