[2023-03-29T06:42:00.855+0000] {taskinstance.py:1087} INFO - Dependencies all met for <TaskInstance: docker_sample.print_date scheduled__2023-03-27T08:50:00+00:00 [queued]>
[2023-03-29T06:42:00.862+0000] {taskinstance.py:1087} INFO - Dependencies all met for <TaskInstance: docker_sample.print_date scheduled__2023-03-27T08:50:00+00:00 [queued]>
[2023-03-29T06:42:00.862+0000] {taskinstance.py:1283} INFO - 
--------------------------------------------------------------------------------
[2023-03-29T06:42:00.862+0000] {taskinstance.py:1284} INFO - Starting attempt 1 of 2
[2023-03-29T06:42:00.862+0000] {taskinstance.py:1285} INFO - 
--------------------------------------------------------------------------------
[2023-03-29T06:42:00.894+0000] {taskinstance.py:1304} INFO - Executing <Task(BashOperator): print_date> on 2023-03-27 08:50:00+00:00
[2023-03-29T06:42:00.898+0000] {standard_task_runner.py:55} INFO - Started process 328752 to run task
[2023-03-29T06:42:00.904+0000] {standard_task_runner.py:82} INFO - Running: ['airflow', 'tasks', 'run', 'docker_sample', 'print_date', 'scheduled__2023-03-27T08:50:00+00:00', '--job-id', '292', '--raw', '--subdir', 'DAGS_FOLDER/test_docker_operator.py', '--cfg-path', '/tmp/tmpwr8r5l9q']
[2023-03-29T06:42:00.906+0000] {standard_task_runner.py:83} INFO - Job 292: Subtask print_date
[2023-03-29T06:42:00.976+0000] {task_command.py:389} INFO - Running <TaskInstance: docker_sample.print_date scheduled__2023-03-27T08:50:00+00:00 [running]> on host vibrdairflow.tciw5gv3lhjetcyg0kqzfvdylc.hx.internal.cloudapp.net
[2023-03-29T06:42:01.069+0000] {taskinstance.py:1511} INFO - Exporting the following env vars:
AIRFLOW_CTX_DAG_EMAIL=airflow@example.com
AIRFLOW_CTX_DAG_OWNER=airflow
AIRFLOW_CTX_DAG_ID=docker_sample
AIRFLOW_CTX_TASK_ID=print_date
AIRFLOW_CTX_EXECUTION_DATE=2023-03-27T08:50:00+00:00
AIRFLOW_CTX_TRY_NUMBER=1
AIRFLOW_CTX_DAG_RUN_ID=scheduled__2023-03-27T08:50:00+00:00
[2023-03-29T06:42:01.072+0000] {subprocess.py:63} INFO - Tmp dir root location: 
 /tmp
[2023-03-29T06:42:01.073+0000] {subprocess.py:75} INFO - Running command: ['/bin/bash', '-c', 'date']
[2023-03-29T06:42:01.082+0000] {subprocess.py:86} INFO - Output:
[2023-03-29T06:42:01.087+0000] {subprocess.py:93} INFO - Wed Mar 29 06:42:01 UTC 2023
[2023-03-29T06:42:01.087+0000] {subprocess.py:97} INFO - Command exited with return code 0
[2023-03-29T06:42:01.121+0000] {taskinstance.py:1322} INFO - Marking task as SUCCESS. dag_id=docker_sample, task_id=print_date, execution_date=20230327T085000, start_date=20230329T064200, end_date=20230329T064201
[2023-03-29T06:42:01.155+0000] {local_task_job.py:159} INFO - Task exited with return code 0
[2023-03-29T06:42:01.177+0000] {taskinstance.py:2582} INFO - 2 downstream tasks scheduled from follow-on schedule check
