2023-03-27 06:57:27,273 INFO - Starting the scheduler
2023-03-27 06:57:27,274 INFO - Processing each file at most -1 times
2023-03-27 06:57:27,276 INFO - Loaded executor: SequentialExecutor
2023-03-27 06:57:27,280 INFO - Launched DagFileProcessorManager with pid: 40068
2023-03-27 06:57:27,282 INFO - Resetting orphaned tasks for active dag runs
2023-03-27 06:57:27,287 INFO - Configured default timezone Timezone('UTC')
2023-03-27 07:02:27,631 INFO - Resetting orphaned tasks for active dag runs
2023-03-27 07:07:27,917 INFO - Resetting orphaned tasks for active dag runs
2023-03-27 07:12:28,141 INFO - Resetting orphaned tasks for active dag runs
2023-03-27 07:17:28,423 INFO - Resetting orphaned tasks for active dag runs
2023-03-27 07:22:28,710 INFO - Resetting orphaned tasks for active dag runs
2023-03-27 07:27:28,962 INFO - Resetting orphaned tasks for active dag runs
2023-03-27 07:32:29,246 INFO - Resetting orphaned tasks for active dag runs
2023-03-27 07:37:29,433 INFO - Resetting orphaned tasks for active dag runs
2023-03-27 07:42:29,718 INFO - Resetting orphaned tasks for active dag runs
2023-03-27 07:47:29,998 INFO - Resetting orphaned tasks for active dag runs
2023-03-27 07:52:30,178 INFO - Resetting orphaned tasks for active dag runs
2023-03-27 07:57:30,460 INFO - Resetting orphaned tasks for active dag runs
2023-03-27 08:02:30,937 INFO - Resetting orphaned tasks for active dag runs
2023-03-27 08:07:31,121 INFO - Resetting orphaned tasks for active dag runs
2023-03-27 08:12:31,191 INFO - Resetting orphaned tasks for active dag runs
2023-03-27 08:17:31,440 INFO - Resetting orphaned tasks for active dag runs
2023-03-27 08:22:31,695 INFO - Resetting orphaned tasks for active dag runs
2023-03-27 08:27:31,772 INFO - Resetting orphaned tasks for active dag runs
2023-03-27 08:32:32,023 INFO - Resetting orphaned tasks for active dag runs
2023-03-27 08:37:32,275 INFO - Resetting orphaned tasks for active dag runs
2023-03-27 08:42:32,525 INFO - Resetting orphaned tasks for active dag runs
2023-03-27 08:47:32,781 INFO - Resetting orphaned tasks for active dag runs
2023-03-27 08:52:32,948 INFO - Resetting orphaned tasks for active dag runs
2023-03-27 08:57:33,103 INFO - Resetting orphaned tasks for active dag runs
2023-03-27 09:02:33,252 INFO - Resetting orphaned tasks for active dag runs
2023-03-27 09:07:33,316 INFO - Resetting orphaned tasks for active dag runs
2023-03-27 09:12:33,565 INFO - Resetting orphaned tasks for active dag runs
2023-03-27 09:17:33,816 INFO - Resetting orphaned tasks for active dag runs
2023-03-27 09:22:34,071 INFO - Resetting orphaned tasks for active dag runs
2023-03-27 09:27:34,325 INFO - Resetting orphaned tasks for active dag runs
2023-03-27 09:32:34,578 INFO - Resetting orphaned tasks for active dag runs
2023-03-27 09:37:34,827 INFO - Resetting orphaned tasks for active dag runs
2023-03-27 09:42:35,174 INFO - Resetting orphaned tasks for active dag runs
2023-03-27 09:47:35,423 INFO - Resetting orphaned tasks for active dag runs
2023-03-27 09:52:35,677 INFO - Resetting orphaned tasks for active dag runs
2023-03-27 09:57:35,932 INFO - Resetting orphaned tasks for active dag runs
2023-03-27 10:02:36,382 INFO - Resetting orphaned tasks for active dag runs
2023-03-27 10:07:36,858 INFO - Resetting orphaned tasks for active dag runs
2023-03-27 10:12:37,109 INFO - Resetting orphaned tasks for active dag runs
2023-03-27 10:17:37,268 INFO - Resetting orphaned tasks for active dag runs
2023-03-27 10:22:37,294 INFO - Resetting orphaned tasks for active dag runs
2023-03-27 10:27:37,650 INFO - Resetting orphaned tasks for active dag runs
2023-03-27 10:32:37,804 INFO - Resetting orphaned tasks for active dag runs
2023-03-27 10:37:38,254 INFO - Resetting orphaned tasks for active dag runs
2023-03-27 10:42:38,610 INFO - Resetting orphaned tasks for active dag runs
2023-03-27 10:47:38,861 INFO - Resetting orphaned tasks for active dag runs
2023-03-27 10:52:39,014 INFO - Resetting orphaned tasks for active dag runs
2023-03-27 10:57:39,463 INFO - Resetting orphaned tasks for active dag runs
2023-03-27 11:02:39,813 INFO - Resetting orphaned tasks for active dag runs
2023-03-27 11:07:40,262 INFO - Resetting orphaned tasks for active dag runs
2023-03-27 11:12:40,410 INFO - Resetting orphaned tasks for active dag runs
2023-03-27 11:17:40,760 INFO - Resetting orphaned tasks for active dag runs
2023-03-27 11:22:41,111 INFO - Resetting orphaned tasks for active dag runs
2023-03-27 11:27:41,564 INFO - Resetting orphaned tasks for active dag runs
2023-03-27 11:32:41,911 INFO - Resetting orphaned tasks for active dag runs
2023-03-27 11:37:42,163 INFO - Resetting orphaned tasks for active dag runs
2023-03-27 11:42:42,411 INFO - Resetting orphaned tasks for active dag runs
2023-03-27 11:47:42,551 INFO - Resetting orphaned tasks for active dag runs
2023-03-27 11:52:42,799 INFO - Resetting orphaned tasks for active dag runs
2023-03-27 11:57:43,055 INFO - Resetting orphaned tasks for active dag runs
2023-03-27 12:02:43,305 INFO - Resetting orphaned tasks for active dag runs
2023-03-27 12:07:43,553 INFO - Resetting orphaned tasks for active dag runs
2023-03-27 12:12:43,701 INFO - Resetting orphaned tasks for active dag runs
2023-03-27 12:17:43,833 INFO - Resetting orphaned tasks for active dag runs
2023-03-27 12:22:44,081 INFO - Resetting orphaned tasks for active dag runs
2023-03-27 12:27:44,334 INFO - Resetting orphaned tasks for active dag runs
2023-03-27 12:32:44,424 INFO - Resetting orphaned tasks for active dag runs
2023-03-27 12:37:44,573 INFO - Resetting orphaned tasks for active dag runs
2023-03-27 12:42:44,822 INFO - Resetting orphaned tasks for active dag runs
2023-03-27 12:47:45,072 INFO - Resetting orphaned tasks for active dag runs
2023-03-27 12:52:45,354 INFO - Resetting orphaned tasks for active dag runs
2023-03-27 12:57:45,525 INFO - Resetting orphaned tasks for active dag runs
2023-03-27 13:02:45,772 INFO - Resetting orphaned tasks for active dag runs
2023-03-27 13:07:46,024 INFO - Resetting orphaned tasks for active dag runs
2023-03-27 13:12:46,274 INFO - Resetting orphaned tasks for active dag runs
2023-03-27 13:17:46,527 INFO - Resetting orphaned tasks for active dag runs
2023-03-27 13:22:46,781 INFO - Resetting orphaned tasks for active dag runs
2023-03-27 13:27:47,032 INFO - Resetting orphaned tasks for active dag runs
2023-03-27 13:32:47,280 INFO - Resetting orphaned tasks for active dag runs
2023-03-27 13:37:47,411 INFO - Resetting orphaned tasks for active dag runs
2023-03-27 13:42:47,688 INFO - Resetting orphaned tasks for active dag runs
2023-03-27 13:47:47,937 INFO - Resetting orphaned tasks for active dag runs
2023-03-27 13:52:48,185 INFO - Resetting orphaned tasks for active dag runs
2023-03-27 13:57:48,360 INFO - Resetting orphaned tasks for active dag runs
2023-03-27 14:02:48,610 INFO - Resetting orphaned tasks for active dag runs
2023-03-27 14:07:48,858 INFO - Resetting orphaned tasks for active dag runs
2023-03-27 14:12:49,107 INFO - Resetting orphaned tasks for active dag runs
2023-03-27 14:17:49,356 INFO - Resetting orphaned tasks for active dag runs
2023-03-27 14:22:49,595 INFO - Resetting orphaned tasks for active dag runs
2023-03-27 14:27:49,703 INFO - Resetting orphaned tasks for active dag runs
2023-03-27 14:32:49,851 INFO - Resetting orphaned tasks for active dag runs
2023-03-27 14:37:50,006 INFO - Resetting orphaned tasks for active dag runs
2023-03-27 14:42:50,356 INFO - Resetting orphaned tasks for active dag runs
2023-03-27 14:47:50,603 INFO - Resetting orphaned tasks for active dag runs
2023-03-27 14:52:50,851 INFO - Resetting orphaned tasks for active dag runs
2023-03-27 14:57:51,096 INFO - Resetting orphaned tasks for active dag runs
2023-03-27 15:02:51,346 INFO - Resetting orphaned tasks for active dag runs
2023-03-27 15:07:51,598 INFO - Resetting orphaned tasks for active dag runs
2023-03-27 15:12:51,852 INFO - Resetting orphaned tasks for active dag runs
2023-03-27 15:17:52,102 INFO - Resetting orphaned tasks for active dag runs
2023-03-27 15:22:52,357 INFO - Resetting orphaned tasks for active dag runs
2023-03-27 15:27:52,616 INFO - Resetting orphaned tasks for active dag runs
2023-03-27 15:32:52,795 INFO - Resetting orphaned tasks for active dag runs
2023-03-27 15:37:53,043 INFO - Resetting orphaned tasks for active dag runs
2023-03-27 15:42:53,195 INFO - Resetting orphaned tasks for active dag runs
2023-03-27 15:47:53,442 INFO - Resetting orphaned tasks for active dag runs
2023-03-27 15:52:53,713 INFO - Resetting orphaned tasks for active dag runs
2023-03-27 15:57:53,724 INFO - Resetting orphaned tasks for active dag runs
2023-03-27 16:02:53,848 INFO - Resetting orphaned tasks for active dag runs
2023-03-27 16:07:54,055 INFO - Resetting orphaned tasks for active dag runs
2023-03-27 16:12:54,150 INFO - Resetting orphaned tasks for active dag runs
2023-03-27 16:17:54,394 INFO - Resetting orphaned tasks for active dag runs
2023-03-27 16:22:54,655 INFO - Resetting orphaned tasks for active dag runs
2023-03-27 16:27:54,902 INFO - Resetting orphaned tasks for active dag runs
2023-03-27 16:32:54,962 INFO - Resetting orphaned tasks for active dag runs
2023-03-27 16:37:55,113 INFO - Resetting orphaned tasks for active dag runs
2023-03-27 16:42:55,380 INFO - Resetting orphaned tasks for active dag runs
2023-03-27 16:47:55,628 INFO - Resetting orphaned tasks for active dag runs
2023-03-27 16:52:55,878 INFO - Resetting orphaned tasks for active dag runs
2023-03-27 16:57:56,128 INFO - Resetting orphaned tasks for active dag runs
2023-03-27 17:02:56,397 INFO - Resetting orphaned tasks for active dag runs
2023-03-27 17:07:56,644 INFO - Resetting orphaned tasks for active dag runs
2023-03-27 17:12:56,789 INFO - Resetting orphaned tasks for active dag runs
2023-03-27 17:17:57,036 INFO - Resetting orphaned tasks for active dag runs
2023-03-27 17:22:57,283 INFO - Resetting orphaned tasks for active dag runs
2023-03-27 17:27:57,530 INFO - Resetting orphaned tasks for active dag runs
2023-03-27 17:32:57,680 INFO - Resetting orphaned tasks for active dag runs
2023-03-27 17:37:57,929 INFO - Resetting orphaned tasks for active dag runs
2023-03-27 17:42:57,964 INFO - Resetting orphaned tasks for active dag runs
2023-03-27 17:47:58,126 INFO - Resetting orphaned tasks for active dag runs
2023-03-27 17:52:58,159 INFO - Resetting orphaned tasks for active dag runs
2023-03-27 17:57:58,410 INFO - Resetting orphaned tasks for active dag runs
2023-03-27 18:02:58,659 INFO - Resetting orphaned tasks for active dag runs
2023-03-27 18:07:58,907 INFO - Resetting orphaned tasks for active dag runs
2023-03-27 18:12:59,156 INFO - Resetting orphaned tasks for active dag runs
2023-03-27 18:17:59,427 INFO - Resetting orphaned tasks for active dag runs
2023-03-27 18:22:59,675 INFO - Resetting orphaned tasks for active dag runs
2023-03-27 18:27:59,929 INFO - Resetting orphaned tasks for active dag runs
2023-03-27 18:33:00,280 INFO - Resetting orphaned tasks for active dag runs
2023-03-27 18:38:00,503 INFO - Resetting orphaned tasks for active dag runs
2023-03-27 18:43:00,751 INFO - Resetting orphaned tasks for active dag runs
2023-03-27 18:48:01,020 INFO - Resetting orphaned tasks for active dag runs
2023-03-27 18:53:01,267 INFO - Resetting orphaned tasks for active dag runs
2023-03-27 18:58:01,515 INFO - Resetting orphaned tasks for active dag runs
2023-03-27 19:03:01,764 INFO - Resetting orphaned tasks for active dag runs
2023-03-27 19:08:01,839 INFO - Resetting orphaned tasks for active dag runs
2023-03-27 19:13:02,090 INFO - Resetting orphaned tasks for active dag runs
2023-03-27 19:18:02,111 INFO - Resetting orphaned tasks for active dag runs
