[[34m2023-03-27 06:57:27,273[0m] {[34mscheduler_job.py:[0m714} INFO[0m - Starting the scheduler[0m
[[34m2023-03-27 06:57:27,274[0m] {[34mscheduler_job.py:[0m719} INFO[0m - Processing each file at most -1 times[0m
[[34m2023-03-27 06:57:27,276[0m] {[34mexecutor_loader.py:[0m107} INFO[0m - Loaded executor: SequentialExecutor[0m
[[34m2023-03-27 06:57:27,280[0m] {[34mmanager.py:[0m163} INFO[0m - Launched DagFileProcessorManager with pid: 40068[0m
[[34m2023-03-27 06:57:27,282[0m] {[34mscheduler_job.py:[0m1399} INFO[0m - Resetting orphaned tasks for active dag runs[0m
[[34m2023-03-27 06:57:27,287[0m] {[34msettings.py:[0m58} INFO[0m - Configured default timezone Timezone('UTC')[0m
[2023-03-27T06:57:27.301+0000] {manager.py:409} WARNING - Because we cannot use more than 1 thread (parsing_processes = 2) when using sqlite. So we set parallelism to 1.
[[34m2023-03-27 07:02:27,631[0m] {[34mscheduler_job.py:[0m1399} INFO[0m - Resetting orphaned tasks for active dag runs[0m
[[34m2023-03-27 07:07:27,917[0m] {[34mscheduler_job.py:[0m1399} INFO[0m - Resetting orphaned tasks for active dag runs[0m
[[34m2023-03-27 07:12:28,141[0m] {[34mscheduler_job.py:[0m1399} INFO[0m - Resetting orphaned tasks for active dag runs[0m
[[34m2023-03-27 07:17:28,423[0m] {[34mscheduler_job.py:[0m1399} INFO[0m - Resetting orphaned tasks for active dag runs[0m
[[34m2023-03-27 07:22:28,710[0m] {[34mscheduler_job.py:[0m1399} INFO[0m - Resetting orphaned tasks for active dag runs[0m
[[34m2023-03-27 07:27:28,962[0m] {[34mscheduler_job.py:[0m1399} INFO[0m - Resetting orphaned tasks for active dag runs[0m
[[34m2023-03-27 07:32:29,246[0m] {[34mscheduler_job.py:[0m1399} INFO[0m - Resetting orphaned tasks for active dag runs[0m
[[34m2023-03-27 07:37:29,433[0m] {[34mscheduler_job.py:[0m1399} INFO[0m - Resetting orphaned tasks for active dag runs[0m
[[34m2023-03-27 07:42:29,718[0m] {[34mscheduler_job.py:[0m1399} INFO[0m - Resetting orphaned tasks for active dag runs[0m
[[34m2023-03-27 07:47:29,998[0m] {[34mscheduler_job.py:[0m1399} INFO[0m - Resetting orphaned tasks for active dag runs[0m
[[34m2023-03-27 07:52:30,178[0m] {[34mscheduler_job.py:[0m1399} INFO[0m - Resetting orphaned tasks for active dag runs[0m
[[34m2023-03-27 07:57:30,460[0m] {[34mscheduler_job.py:[0m1399} INFO[0m - Resetting orphaned tasks for active dag runs[0m
[[34m2023-03-27 08:02:30,937[0m] {[34mscheduler_job.py:[0m1399} INFO[0m - Resetting orphaned tasks for active dag runs[0m
[[34m2023-03-27 08:07:31,121[0m] {[34mscheduler_job.py:[0m1399} INFO[0m - Resetting orphaned tasks for active dag runs[0m
[[34m2023-03-27 08:12:31,191[0m] {[34mscheduler_job.py:[0m1399} INFO[0m - Resetting orphaned tasks for active dag runs[0m
[[34m2023-03-27 08:17:31,440[0m] {[34mscheduler_job.py:[0m1399} INFO[0m - Resetting orphaned tasks for active dag runs[0m
[[34m2023-03-27 08:22:31,695[0m] {[34mscheduler_job.py:[0m1399} INFO[0m - Resetting orphaned tasks for active dag runs[0m
[[34m2023-03-27 08:27:31,772[0m] {[34mscheduler_job.py:[0m1399} INFO[0m - Resetting orphaned tasks for active dag runs[0m
[[34m2023-03-27 08:32:32,023[0m] {[34mscheduler_job.py:[0m1399} INFO[0m - Resetting orphaned tasks for active dag runs[0m
[[34m2023-03-27 08:37:32,275[0m] {[34mscheduler_job.py:[0m1399} INFO[0m - Resetting orphaned tasks for active dag runs[0m
[[34m2023-03-27 08:42:32,525[0m] {[34mscheduler_job.py:[0m1399} INFO[0m - Resetting orphaned tasks for active dag runs[0m
[[34m2023-03-27 08:47:32,781[0m] {[34mscheduler_job.py:[0m1399} INFO[0m - Resetting orphaned tasks for active dag runs[0m
[[34m2023-03-27 08:52:32,948[0m] {[34mscheduler_job.py:[0m1399} INFO[0m - Resetting orphaned tasks for active dag runs[0m
[[34m2023-03-27 08:57:33,103[0m] {[34mscheduler_job.py:[0m1399} INFO[0m - Resetting orphaned tasks for active dag runs[0m
[[34m2023-03-27 09:02:33,252[0m] {[34mscheduler_job.py:[0m1399} INFO[0m - Resetting orphaned tasks for active dag runs[0m
[[34m2023-03-27 09:07:33,316[0m] {[34mscheduler_job.py:[0m1399} INFO[0m - Resetting orphaned tasks for active dag runs[0m
[[34m2023-03-27 09:12:33,565[0m] {[34mscheduler_job.py:[0m1399} INFO[0m - Resetting orphaned tasks for active dag runs[0m
[[34m2023-03-27 09:17:33,816[0m] {[34mscheduler_job.py:[0m1399} INFO[0m - Resetting orphaned tasks for active dag runs[0m
[[34m2023-03-27 09:22:34,071[0m] {[34mscheduler_job.py:[0m1399} INFO[0m - Resetting orphaned tasks for active dag runs[0m
[[34m2023-03-27 09:27:34,325[0m] {[34mscheduler_job.py:[0m1399} INFO[0m - Resetting orphaned tasks for active dag runs[0m
[[34m2023-03-27 09:32:34,578[0m] {[34mscheduler_job.py:[0m1399} INFO[0m - Resetting orphaned tasks for active dag runs[0m
[[34m2023-03-27 09:37:34,827[0m] {[34mscheduler_job.py:[0m1399} INFO[0m - Resetting orphaned tasks for active dag runs[0m
[[34m2023-03-27 09:42:35,174[0m] {[34mscheduler_job.py:[0m1399} INFO[0m - Resetting orphaned tasks for active dag runs[0m
[[34m2023-03-27 09:47:35,423[0m] {[34mscheduler_job.py:[0m1399} INFO[0m - Resetting orphaned tasks for active dag runs[0m
[[34m2023-03-27 09:52:35,677[0m] {[34mscheduler_job.py:[0m1399} INFO[0m - Resetting orphaned tasks for active dag runs[0m
[[34m2023-03-27 09:57:35,932[0m] {[34mscheduler_job.py:[0m1399} INFO[0m - Resetting orphaned tasks for active dag runs[0m
[[34m2023-03-27 10:02:36,382[0m] {[34mscheduler_job.py:[0m1399} INFO[0m - Resetting orphaned tasks for active dag runs[0m
[[34m2023-03-27 10:07:36,858[0m] {[34mscheduler_job.py:[0m1399} INFO[0m - Resetting orphaned tasks for active dag runs[0m
[[34m2023-03-27 10:12:37,109[0m] {[34mscheduler_job.py:[0m1399} INFO[0m - Resetting orphaned tasks for active dag runs[0m
[[34m2023-03-27 10:17:37,268[0m] {[34mscheduler_job.py:[0m1399} INFO[0m - Resetting orphaned tasks for active dag runs[0m
[[34m2023-03-27 10:22:37,294[0m] {[34mscheduler_job.py:[0m1399} INFO[0m - Resetting orphaned tasks for active dag runs[0m
[[34m2023-03-27 10:27:37,650[0m] {[34mscheduler_job.py:[0m1399} INFO[0m - Resetting orphaned tasks for active dag runs[0m
[[34m2023-03-27 10:32:37,804[0m] {[34mscheduler_job.py:[0m1399} INFO[0m - Resetting orphaned tasks for active dag runs[0m
[[34m2023-03-27 10:37:38,254[0m] {[34mscheduler_job.py:[0m1399} INFO[0m - Resetting orphaned tasks for active dag runs[0m
[[34m2023-03-27 10:42:38,610[0m] {[34mscheduler_job.py:[0m1399} INFO[0m - Resetting orphaned tasks for active dag runs[0m
[[34m2023-03-27 10:47:38,861[0m] {[34mscheduler_job.py:[0m1399} INFO[0m - Resetting orphaned tasks for active dag runs[0m
[[34m2023-03-27 10:52:39,014[0m] {[34mscheduler_job.py:[0m1399} INFO[0m - Resetting orphaned tasks for active dag runs[0m
[[34m2023-03-27 10:57:39,463[0m] {[34mscheduler_job.py:[0m1399} INFO[0m - Resetting orphaned tasks for active dag runs[0m
[[34m2023-03-27 11:02:39,813[0m] {[34mscheduler_job.py:[0m1399} INFO[0m - Resetting orphaned tasks for active dag runs[0m
[[34m2023-03-27 11:07:40,262[0m] {[34mscheduler_job.py:[0m1399} INFO[0m - Resetting orphaned tasks for active dag runs[0m
[[34m2023-03-27 11:12:40,410[0m] {[34mscheduler_job.py:[0m1399} INFO[0m - Resetting orphaned tasks for active dag runs[0m
[[34m2023-03-27 11:17:40,760[0m] {[34mscheduler_job.py:[0m1399} INFO[0m - Resetting orphaned tasks for active dag runs[0m
[[34m2023-03-27 11:22:41,111[0m] {[34mscheduler_job.py:[0m1399} INFO[0m - Resetting orphaned tasks for active dag runs[0m
[[34m2023-03-27 11:27:41,564[0m] {[34mscheduler_job.py:[0m1399} INFO[0m - Resetting orphaned tasks for active dag runs[0m
[[34m2023-03-27 11:32:41,911[0m] {[34mscheduler_job.py:[0m1399} INFO[0m - Resetting orphaned tasks for active dag runs[0m
[[34m2023-03-27 11:37:42,163[0m] {[34mscheduler_job.py:[0m1399} INFO[0m - Resetting orphaned tasks for active dag runs[0m
[[34m2023-03-27 11:42:42,411[0m] {[34mscheduler_job.py:[0m1399} INFO[0m - Resetting orphaned tasks for active dag runs[0m
[[34m2023-03-27 11:47:42,551[0m] {[34mscheduler_job.py:[0m1399} INFO[0m - Resetting orphaned tasks for active dag runs[0m
[[34m2023-03-27 11:52:42,799[0m] {[34mscheduler_job.py:[0m1399} INFO[0m - Resetting orphaned tasks for active dag runs[0m
[[34m2023-03-27 11:57:43,055[0m] {[34mscheduler_job.py:[0m1399} INFO[0m - Resetting orphaned tasks for active dag runs[0m
[[34m2023-03-27 12:02:43,305[0m] {[34mscheduler_job.py:[0m1399} INFO[0m - Resetting orphaned tasks for active dag runs[0m
[[34m2023-03-27 12:07:43,553[0m] {[34mscheduler_job.py:[0m1399} INFO[0m - Resetting orphaned tasks for active dag runs[0m
[[34m2023-03-27 12:12:43,701[0m] {[34mscheduler_job.py:[0m1399} INFO[0m - Resetting orphaned tasks for active dag runs[0m
[[34m2023-03-27 12:17:43,833[0m] {[34mscheduler_job.py:[0m1399} INFO[0m - Resetting orphaned tasks for active dag runs[0m
[[34m2023-03-27 12:22:44,081[0m] {[34mscheduler_job.py:[0m1399} INFO[0m - Resetting orphaned tasks for active dag runs[0m
[[34m2023-03-27 12:27:44,334[0m] {[34mscheduler_job.py:[0m1399} INFO[0m - Resetting orphaned tasks for active dag runs[0m
[[34m2023-03-27 12:32:44,424[0m] {[34mscheduler_job.py:[0m1399} INFO[0m - Resetting orphaned tasks for active dag runs[0m
[[34m2023-03-27 12:37:44,573[0m] {[34mscheduler_job.py:[0m1399} INFO[0m - Resetting orphaned tasks for active dag runs[0m
[[34m2023-03-27 12:42:44,822[0m] {[34mscheduler_job.py:[0m1399} INFO[0m - Resetting orphaned tasks for active dag runs[0m
[[34m2023-03-27 12:47:45,072[0m] {[34mscheduler_job.py:[0m1399} INFO[0m - Resetting orphaned tasks for active dag runs[0m
[[34m2023-03-27 12:52:45,354[0m] {[34mscheduler_job.py:[0m1399} INFO[0m - Resetting orphaned tasks for active dag runs[0m
[[34m2023-03-27 12:57:45,525[0m] {[34mscheduler_job.py:[0m1399} INFO[0m - Resetting orphaned tasks for active dag runs[0m
[[34m2023-03-27 13:02:45,772[0m] {[34mscheduler_job.py:[0m1399} INFO[0m - Resetting orphaned tasks for active dag runs[0m
[[34m2023-03-27 13:07:46,024[0m] {[34mscheduler_job.py:[0m1399} INFO[0m - Resetting orphaned tasks for active dag runs[0m
[[34m2023-03-27 13:12:46,274[0m] {[34mscheduler_job.py:[0m1399} INFO[0m - Resetting orphaned tasks for active dag runs[0m
[[34m2023-03-27 13:17:46,527[0m] {[34mscheduler_job.py:[0m1399} INFO[0m - Resetting orphaned tasks for active dag runs[0m
[[34m2023-03-27 13:22:46,781[0m] {[34mscheduler_job.py:[0m1399} INFO[0m - Resetting orphaned tasks for active dag runs[0m
[[34m2023-03-27 13:27:47,032[0m] {[34mscheduler_job.py:[0m1399} INFO[0m - Resetting orphaned tasks for active dag runs[0m
[[34m2023-03-27 13:32:47,280[0m] {[34mscheduler_job.py:[0m1399} INFO[0m - Resetting orphaned tasks for active dag runs[0m
[[34m2023-03-27 13:37:47,411[0m] {[34mscheduler_job.py:[0m1399} INFO[0m - Resetting orphaned tasks for active dag runs[0m
[[34m2023-03-27 13:42:47,688[0m] {[34mscheduler_job.py:[0m1399} INFO[0m - Resetting orphaned tasks for active dag runs[0m
[[34m2023-03-27 13:47:47,937[0m] {[34mscheduler_job.py:[0m1399} INFO[0m - Resetting orphaned tasks for active dag runs[0m
[[34m2023-03-27 13:52:48,185[0m] {[34mscheduler_job.py:[0m1399} INFO[0m - Resetting orphaned tasks for active dag runs[0m
[[34m2023-03-27 13:57:48,360[0m] {[34mscheduler_job.py:[0m1399} INFO[0m - Resetting orphaned tasks for active dag runs[0m
[[34m2023-03-27 14:02:48,610[0m] {[34mscheduler_job.py:[0m1399} INFO[0m - Resetting orphaned tasks for active dag runs[0m
[[34m2023-03-27 14:07:48,858[0m] {[34mscheduler_job.py:[0m1399} INFO[0m - Resetting orphaned tasks for active dag runs[0m
[[34m2023-03-27 14:12:49,107[0m] {[34mscheduler_job.py:[0m1399} INFO[0m - Resetting orphaned tasks for active dag runs[0m
[[34m2023-03-27 14:17:49,356[0m] {[34mscheduler_job.py:[0m1399} INFO[0m - Resetting orphaned tasks for active dag runs[0m
[[34m2023-03-27 14:22:49,595[0m] {[34mscheduler_job.py:[0m1399} INFO[0m - Resetting orphaned tasks for active dag runs[0m
[[34m2023-03-27 14:27:49,703[0m] {[34mscheduler_job.py:[0m1399} INFO[0m - Resetting orphaned tasks for active dag runs[0m
[[34m2023-03-27 14:32:49,851[0m] {[34mscheduler_job.py:[0m1399} INFO[0m - Resetting orphaned tasks for active dag runs[0m
[[34m2023-03-27 14:37:50,006[0m] {[34mscheduler_job.py:[0m1399} INFO[0m - Resetting orphaned tasks for active dag runs[0m
[[34m2023-03-27 14:42:50,356[0m] {[34mscheduler_job.py:[0m1399} INFO[0m - Resetting orphaned tasks for active dag runs[0m
[[34m2023-03-27 14:47:50,603[0m] {[34mscheduler_job.py:[0m1399} INFO[0m - Resetting orphaned tasks for active dag runs[0m
[[34m2023-03-27 14:52:50,851[0m] {[34mscheduler_job.py:[0m1399} INFO[0m - Resetting orphaned tasks for active dag runs[0m
[[34m2023-03-27 14:57:51,096[0m] {[34mscheduler_job.py:[0m1399} INFO[0m - Resetting orphaned tasks for active dag runs[0m
[[34m2023-03-27 15:02:51,346[0m] {[34mscheduler_job.py:[0m1399} INFO[0m - Resetting orphaned tasks for active dag runs[0m
[[34m2023-03-27 15:07:51,598[0m] {[34mscheduler_job.py:[0m1399} INFO[0m - Resetting orphaned tasks for active dag runs[0m
[[34m2023-03-27 15:12:51,852[0m] {[34mscheduler_job.py:[0m1399} INFO[0m - Resetting orphaned tasks for active dag runs[0m
[[34m2023-03-27 15:17:52,102[0m] {[34mscheduler_job.py:[0m1399} INFO[0m - Resetting orphaned tasks for active dag runs[0m
[[34m2023-03-27 15:22:52,357[0m] {[34mscheduler_job.py:[0m1399} INFO[0m - Resetting orphaned tasks for active dag runs[0m
[[34m2023-03-27 15:27:52,616[0m] {[34mscheduler_job.py:[0m1399} INFO[0m - Resetting orphaned tasks for active dag runs[0m
[[34m2023-03-27 15:32:52,795[0m] {[34mscheduler_job.py:[0m1399} INFO[0m - Resetting orphaned tasks for active dag runs[0m
[[34m2023-03-27 15:37:53,043[0m] {[34mscheduler_job.py:[0m1399} INFO[0m - Resetting orphaned tasks for active dag runs[0m
[[34m2023-03-27 15:42:53,195[0m] {[34mscheduler_job.py:[0m1399} INFO[0m - Resetting orphaned tasks for active dag runs[0m
[[34m2023-03-27 15:47:53,442[0m] {[34mscheduler_job.py:[0m1399} INFO[0m - Resetting orphaned tasks for active dag runs[0m
[[34m2023-03-27 15:52:53,713[0m] {[34mscheduler_job.py:[0m1399} INFO[0m - Resetting orphaned tasks for active dag runs[0m
[[34m2023-03-27 15:57:53,724[0m] {[34mscheduler_job.py:[0m1399} INFO[0m - Resetting orphaned tasks for active dag runs[0m
[[34m2023-03-27 16:02:53,848[0m] {[34mscheduler_job.py:[0m1399} INFO[0m - Resetting orphaned tasks for active dag runs[0m
[[34m2023-03-27 16:07:54,055[0m] {[34mscheduler_job.py:[0m1399} INFO[0m - Resetting orphaned tasks for active dag runs[0m
[[34m2023-03-27 16:12:54,150[0m] {[34mscheduler_job.py:[0m1399} INFO[0m - Resetting orphaned tasks for active dag runs[0m
[[34m2023-03-27 16:17:54,394[0m] {[34mscheduler_job.py:[0m1399} INFO[0m - Resetting orphaned tasks for active dag runs[0m
[[34m2023-03-27 16:22:54,655[0m] {[34mscheduler_job.py:[0m1399} INFO[0m - Resetting orphaned tasks for active dag runs[0m
[[34m2023-03-27 16:27:54,902[0m] {[34mscheduler_job.py:[0m1399} INFO[0m - Resetting orphaned tasks for active dag runs[0m
[[34m2023-03-27 16:32:54,962[0m] {[34mscheduler_job.py:[0m1399} INFO[0m - Resetting orphaned tasks for active dag runs[0m
[[34m2023-03-27 16:37:55,113[0m] {[34mscheduler_job.py:[0m1399} INFO[0m - Resetting orphaned tasks for active dag runs[0m
[[34m2023-03-27 16:42:55,380[0m] {[34mscheduler_job.py:[0m1399} INFO[0m - Resetting orphaned tasks for active dag runs[0m
[[34m2023-03-27 16:47:55,628[0m] {[34mscheduler_job.py:[0m1399} INFO[0m - Resetting orphaned tasks for active dag runs[0m
[[34m2023-03-27 16:52:55,878[0m] {[34mscheduler_job.py:[0m1399} INFO[0m - Resetting orphaned tasks for active dag runs[0m
[[34m2023-03-27 16:57:56,128[0m] {[34mscheduler_job.py:[0m1399} INFO[0m - Resetting orphaned tasks for active dag runs[0m
[[34m2023-03-27 17:02:56,397[0m] {[34mscheduler_job.py:[0m1399} INFO[0m - Resetting orphaned tasks for active dag runs[0m
[[34m2023-03-27 17:07:56,644[0m] {[34mscheduler_job.py:[0m1399} INFO[0m - Resetting orphaned tasks for active dag runs[0m
[[34m2023-03-27 17:12:56,789[0m] {[34mscheduler_job.py:[0m1399} INFO[0m - Resetting orphaned tasks for active dag runs[0m
[[34m2023-03-27 17:17:57,036[0m] {[34mscheduler_job.py:[0m1399} INFO[0m - Resetting orphaned tasks for active dag runs[0m
[[34m2023-03-27 17:22:57,283[0m] {[34mscheduler_job.py:[0m1399} INFO[0m - Resetting orphaned tasks for active dag runs[0m
[[34m2023-03-27 17:27:57,530[0m] {[34mscheduler_job.py:[0m1399} INFO[0m - Resetting orphaned tasks for active dag runs[0m
[[34m2023-03-27 17:32:57,680[0m] {[34mscheduler_job.py:[0m1399} INFO[0m - Resetting orphaned tasks for active dag runs[0m
[[34m2023-03-27 17:37:57,929[0m] {[34mscheduler_job.py:[0m1399} INFO[0m - Resetting orphaned tasks for active dag runs[0m
[[34m2023-03-27 17:42:57,964[0m] {[34mscheduler_job.py:[0m1399} INFO[0m - Resetting orphaned tasks for active dag runs[0m
[[34m2023-03-27 17:47:58,126[0m] {[34mscheduler_job.py:[0m1399} INFO[0m - Resetting orphaned tasks for active dag runs[0m
[[34m2023-03-27 17:52:58,159[0m] {[34mscheduler_job.py:[0m1399} INFO[0m - Resetting orphaned tasks for active dag runs[0m
[[34m2023-03-27 17:57:58,410[0m] {[34mscheduler_job.py:[0m1399} INFO[0m - Resetting orphaned tasks for active dag runs[0m
[[34m2023-03-27 18:02:58,659[0m] {[34mscheduler_job.py:[0m1399} INFO[0m - Resetting orphaned tasks for active dag runs[0m
[[34m2023-03-27 18:07:58,907[0m] {[34mscheduler_job.py:[0m1399} INFO[0m - Resetting orphaned tasks for active dag runs[0m
[[34m2023-03-27 18:12:59,156[0m] {[34mscheduler_job.py:[0m1399} INFO[0m - Resetting orphaned tasks for active dag runs[0m
[[34m2023-03-27 18:17:59,427[0m] {[34mscheduler_job.py:[0m1399} INFO[0m - Resetting orphaned tasks for active dag runs[0m
[[34m2023-03-27 18:22:59,675[0m] {[34mscheduler_job.py:[0m1399} INFO[0m - Resetting orphaned tasks for active dag runs[0m
[[34m2023-03-27 18:27:59,929[0m] {[34mscheduler_job.py:[0m1399} INFO[0m - Resetting orphaned tasks for active dag runs[0m
[[34m2023-03-27 18:33:00,280[0m] {[34mscheduler_job.py:[0m1399} INFO[0m - Resetting orphaned tasks for active dag runs[0m
[[34m2023-03-27 18:38:00,503[0m] {[34mscheduler_job.py:[0m1399} INFO[0m - Resetting orphaned tasks for active dag runs[0m
[[34m2023-03-27 18:43:00,751[0m] {[34mscheduler_job.py:[0m1399} INFO[0m - Resetting orphaned tasks for active dag runs[0m
[[34m2023-03-27 18:48:01,020[0m] {[34mscheduler_job.py:[0m1399} INFO[0m - Resetting orphaned tasks for active dag runs[0m
[[34m2023-03-27 18:53:01,267[0m] {[34mscheduler_job.py:[0m1399} INFO[0m - Resetting orphaned tasks for active dag runs[0m
[[34m2023-03-27 18:58:01,515[0m] {[34mscheduler_job.py:[0m1399} INFO[0m - Resetting orphaned tasks for active dag runs[0m
[[34m2023-03-27 19:03:01,764[0m] {[34mscheduler_job.py:[0m1399} INFO[0m - Resetting orphaned tasks for active dag runs[0m
[[34m2023-03-27 19:08:01,839[0m] {[34mscheduler_job.py:[0m1399} INFO[0m - Resetting orphaned tasks for active dag runs[0m
[[34m2023-03-27 19:13:02,090[0m] {[34mscheduler_job.py:[0m1399} INFO[0m - Resetting orphaned tasks for active dag runs[0m
[[34m2023-03-27 19:18:02,111[0m] {[34mscheduler_job.py:[0m1399} INFO[0m - Resetting orphaned tasks for active dag runs[0m
