[2023-03-29T08:55:06.581+0000] {taskinstance.py:1087} INFO - Dependencies all met for <TaskInstance: docker_sample.print_hello scheduled__2023-03-29T03:10:00+00:00 [queued]>
[2023-03-29T08:55:06.588+0000] {taskinstance.py:1087} INFO - Dependencies all met for <TaskInstance: docker_sample.print_hello scheduled__2023-03-29T03:10:00+00:00 [queued]>
[2023-03-29T08:55:06.588+0000] {taskinstance.py:1283} INFO - 
--------------------------------------------------------------------------------
[2023-03-29T08:55:06.588+0000] {taskinstance.py:1284} INFO - Starting attempt 1 of 2
[2023-03-29T08:55:06.588+0000] {taskinstance.py:1285} INFO - 
--------------------------------------------------------------------------------
[2023-03-29T08:55:06.618+0000] {taskinstance.py:1304} INFO - Executing <Task(BashOperator): print_hello> on 2023-03-29 03:10:00+00:00
[2023-03-29T08:55:06.622+0000] {standard_task_runner.py:55} INFO - Started process 183340 to run task
[2023-03-29T08:55:06.628+0000] {standard_task_runner.py:82} INFO - Running: ['airflow', 'tasks', 'run', 'docker_sample', 'print_hello', 'scheduled__2023-03-29T03:10:00+00:00', '--job-id', '1388', '--raw', '--subdir', 'DAGS_FOLDER/test_docker_operator.py', '--cfg-path', '/tmp/tmpb5rq9op_']
[2023-03-29T08:55:06.630+0000] {standard_task_runner.py:83} INFO - Job 1388: Subtask print_hello
[2023-03-29T08:55:06.698+0000] {task_command.py:389} INFO - Running <TaskInstance: docker_sample.print_hello scheduled__2023-03-29T03:10:00+00:00 [running]> on host vibrdairflow.tciw5gv3lhjetcyg0kqzfvdylc.hx.internal.cloudapp.net
[2023-03-29T08:55:06.814+0000] {taskinstance.py:1511} INFO - Exporting the following env vars:
AIRFLOW_CTX_DAG_EMAIL=airflow@example.com
AIRFLOW_CTX_DAG_OWNER=airflow
AIRFLOW_CTX_DAG_ID=docker_sample
AIRFLOW_CTX_TASK_ID=print_hello
AIRFLOW_CTX_EXECUTION_DATE=2023-03-29T03:10:00+00:00
AIRFLOW_CTX_TRY_NUMBER=1
AIRFLOW_CTX_DAG_RUN_ID=scheduled__2023-03-29T03:10:00+00:00
[2023-03-29T08:55:06.816+0000] {subprocess.py:63} INFO - Tmp dir root location: 
 /tmp
[2023-03-29T08:55:06.816+0000] {subprocess.py:75} INFO - Running command: ['/bin/bash', '-c', 'echo "hello world!!!"']
[2023-03-29T08:55:06.835+0000] {subprocess.py:86} INFO - Output:
[2023-03-29T08:55:06.835+0000] {subprocess.py:93} INFO - hello world!!!
[2023-03-29T08:55:06.835+0000] {subprocess.py:97} INFO - Command exited with return code 0
[2023-03-29T08:55:06.895+0000] {taskinstance.py:1322} INFO - Marking task as SUCCESS. dag_id=docker_sample, task_id=print_hello, execution_date=20230329T031000, start_date=20230329T085506, end_date=20230329T085506
[2023-03-29T08:55:06.959+0000] {local_task_job.py:159} INFO - Task exited with return code 0
[2023-03-29T08:55:06.979+0000] {taskinstance.py:2582} INFO - 0 downstream tasks scheduled from follow-on schedule check
