[2022-12-16T08:08:36.245+0000] {taskinstance.py:1087} INFO - Dependencies all met for <TaskInstance: example_bash_operator.this_will_skip manual__2022-12-16T08:06:23.260499+00:00 [queued]>
[2022-12-16T08:08:36.250+0000] {taskinstance.py:1087} INFO - Dependencies all met for <TaskInstance: example_bash_operator.this_will_skip manual__2022-12-16T08:06:23.260499+00:00 [queued]>
[2022-12-16T08:08:36.250+0000] {taskinstance.py:1283} INFO - 
--------------------------------------------------------------------------------
[2022-12-16T08:08:36.250+0000] {taskinstance.py:1284} INFO - Starting attempt 1 of 1
[2022-12-16T08:08:36.250+0000] {taskinstance.py:1285} INFO - 
--------------------------------------------------------------------------------
[2022-12-16T08:08:36.269+0000] {taskinstance.py:1304} INFO - Executing <Task(BashOperator): this_will_skip> on 2022-12-16 08:06:23.260499+00:00
[2022-12-16T08:08:36.273+0000] {standard_task_runner.py:55} INFO - Started process 46507 to run task
[2022-12-16T08:08:36.280+0000] {standard_task_runner.py:82} INFO - Running: ['airflow', 'tasks', 'run', 'example_bash_operator', 'this_will_skip', 'manual__2022-12-16T08:06:23.260499+00:00', '--job-id', '13', '--raw', '--subdir', '/home/azureuser/.local/lib/python3.8/site-packages/airflow/example_dags/example_bash_operator.py', '--cfg-path', '/tmp/tmpv3rc5xuk']
[2022-12-16T08:08:36.281+0000] {standard_task_runner.py:83} INFO - Job 13: Subtask this_will_skip
[2022-12-16T08:08:36.338+0000] {task_command.py:389} INFO - Running <TaskInstance: example_bash_operator.this_will_skip manual__2022-12-16T08:06:23.260499+00:00 [running]> on host vibrdairflow.tciw5gv3lhjetcyg0kqzfvdylc.hx.internal.cloudapp.net
[2022-12-16T08:08:36.414+0000] {taskinstance.py:1511} INFO - Exporting the following env vars:
AIRFLOW_CTX_DAG_OWNER=airflow
AIRFLOW_CTX_DAG_ID=example_bash_operator
AIRFLOW_CTX_TASK_ID=this_will_skip
AIRFLOW_CTX_EXECUTION_DATE=2022-12-16T08:06:23.260499+00:00
AIRFLOW_CTX_TRY_NUMBER=1
AIRFLOW_CTX_DAG_RUN_ID=manual__2022-12-16T08:06:23.260499+00:00
[2022-12-16T08:08:36.415+0000] {subprocess.py:63} INFO - Tmp dir root location: 
 /tmp
[2022-12-16T08:08:36.415+0000] {subprocess.py:75} INFO - Running command: ['/bin/bash', '-c', 'echo "hello world"; exit 99;']
[2022-12-16T08:08:36.426+0000] {subprocess.py:86} INFO - Output:
[2022-12-16T08:08:36.428+0000] {subprocess.py:93} INFO - hello world
[2022-12-16T08:08:36.428+0000] {subprocess.py:97} INFO - Command exited with return code 99
[2022-12-16T08:08:36.430+0000] {taskinstance.py:1402} INFO - Bash command returned exit code 99. Skipping.
[2022-12-16T08:08:36.445+0000] {taskinstance.py:1322} INFO - Marking task as SKIPPED. dag_id=example_bash_operator, task_id=this_will_skip, execution_date=20221216T080623, start_date=20221216T080836, end_date=20221216T080836
[2022-12-16T08:08:36.491+0000] {local_task_job.py:159} INFO - Task exited with return code 0
[2022-12-16T08:08:36.551+0000] {taskinstance.py:2582} INFO - 0 downstream tasks scheduled from follow-on schedule check
