[2023-03-28T09:43:38.109+0000] {taskinstance.py:1087} INFO - Dependencies all met for <TaskInstance: example_bash_operator.runme_1 scheduled__2023-03-27T00:00:00+00:00 [queued]>
[2023-03-28T09:43:38.116+0000] {taskinstance.py:1087} INFO - Dependencies all met for <TaskInstance: example_bash_operator.runme_1 scheduled__2023-03-27T00:00:00+00:00 [queued]>
[2023-03-28T09:43:38.116+0000] {taskinstance.py:1283} INFO - 
--------------------------------------------------------------------------------
[2023-03-28T09:43:38.116+0000] {taskinstance.py:1284} INFO - Starting attempt 1 of 1
[2023-03-28T09:43:38.116+0000] {taskinstance.py:1285} INFO - 
--------------------------------------------------------------------------------
[2023-03-28T09:43:38.137+0000] {taskinstance.py:1304} INFO - Executing <Task(BashOperator): runme_1> on 2023-03-27 00:00:00+00:00
[2023-03-28T09:43:38.141+0000] {standard_task_runner.py:55} INFO - Started process 48400 to run task
[2023-03-28T09:43:38.144+0000] {standard_task_runner.py:82} INFO - Running: ['airflow', 'tasks', 'run', 'example_bash_operator', 'runme_1', 'scheduled__2023-03-27T00:00:00+00:00', '--job-id', '62', '--raw', '--subdir', '/home/azureuser/.local/lib/python3.8/site-packages/airflow/example_dags/example_bash_operator.py', '--cfg-path', '/tmp/tmpp8fa0wos']
[2023-03-28T09:43:38.146+0000] {standard_task_runner.py:83} INFO - Job 62: Subtask runme_1
[2023-03-28T09:43:38.216+0000] {task_command.py:389} INFO - Running <TaskInstance: example_bash_operator.runme_1 scheduled__2023-03-27T00:00:00+00:00 [running]> on host vibrdairflow.tciw5gv3lhjetcyg0kqzfvdylc.hx.internal.cloudapp.net
[2023-03-28T09:43:38.284+0000] {taskinstance.py:1511} INFO - Exporting the following env vars:
AIRFLOW_CTX_DAG_OWNER=airflow
AIRFLOW_CTX_DAG_ID=example_bash_operator
AIRFLOW_CTX_TASK_ID=runme_1
AIRFLOW_CTX_EXECUTION_DATE=2023-03-27T00:00:00+00:00
AIRFLOW_CTX_TRY_NUMBER=1
AIRFLOW_CTX_DAG_RUN_ID=scheduled__2023-03-27T00:00:00+00:00
[2023-03-28T09:43:38.285+0000] {subprocess.py:63} INFO - Tmp dir root location: 
 /tmp
[2023-03-28T09:43:38.285+0000] {subprocess.py:75} INFO - Running command: ['/bin/bash', '-c', 'echo "example_bash_operator__runme_1__20230327" && sleep 1']
[2023-03-28T09:43:38.295+0000] {subprocess.py:86} INFO - Output:
[2023-03-28T09:43:38.296+0000] {subprocess.py:93} INFO - example_bash_operator__runme_1__20230327
[2023-03-28T09:43:39.298+0000] {subprocess.py:97} INFO - Command exited with return code 0
[2023-03-28T09:43:39.338+0000] {taskinstance.py:1322} INFO - Marking task as SUCCESS. dag_id=example_bash_operator, task_id=runme_1, execution_date=20230327T000000, start_date=20230328T094338, end_date=20230328T094339
[2023-03-28T09:43:39.367+0000] {local_task_job.py:159} INFO - Task exited with return code 0
[2023-03-28T09:43:39.399+0000] {taskinstance.py:2582} INFO - 0 downstream tasks scheduled from follow-on schedule check
