[2023-03-27T06:52:29.914+0000] {taskinstance.py:1087} INFO - Dependencies all met for <TaskInstance: example_bash_operator.runme_1 scheduled__2023-03-26T00:00:00+00:00 [queued]>
[2023-03-27T06:52:29.921+0000] {taskinstance.py:1087} INFO - Dependencies all met for <TaskInstance: example_bash_operator.runme_1 scheduled__2023-03-26T00:00:00+00:00 [queued]>
[2023-03-27T06:52:29.921+0000] {taskinstance.py:1283} INFO - 
--------------------------------------------------------------------------------
[2023-03-27T06:52:29.921+0000] {taskinstance.py:1284} INFO - Starting attempt 1 of 1
[2023-03-27T06:52:29.921+0000] {taskinstance.py:1285} INFO - 
--------------------------------------------------------------------------------
[2023-03-27T06:52:29.945+0000] {taskinstance.py:1304} INFO - Executing <Task(BashOperator): runme_1> on 2023-03-26 00:00:00+00:00
[2023-03-27T06:52:29.949+0000] {standard_task_runner.py:55} INFO - Started process 38420 to run task
[2023-03-27T06:52:29.954+0000] {standard_task_runner.py:82} INFO - Running: ['airflow', 'tasks', 'run', 'example_bash_operator', 'runme_1', 'scheduled__2023-03-26T00:00:00+00:00', '--job-id', '54', '--raw', '--subdir', '/home/azureuser/.local/lib/python3.8/site-packages/airflow/example_dags/example_bash_operator.py', '--cfg-path', '/tmp/tmpwjadakks']
[2023-03-27T06:52:29.956+0000] {standard_task_runner.py:83} INFO - Job 54: Subtask runme_1
[2023-03-27T06:52:30.029+0000] {task_command.py:389} INFO - Running <TaskInstance: example_bash_operator.runme_1 scheduled__2023-03-26T00:00:00+00:00 [running]> on host vibrdairflow.tciw5gv3lhjetcyg0kqzfvdylc.hx.internal.cloudapp.net
[2023-03-27T06:52:30.102+0000] {taskinstance.py:1511} INFO - Exporting the following env vars:
AIRFLOW_CTX_DAG_OWNER=airflow
AIRFLOW_CTX_DAG_ID=example_bash_operator
AIRFLOW_CTX_TASK_ID=runme_1
AIRFLOW_CTX_EXECUTION_DATE=2023-03-26T00:00:00+00:00
AIRFLOW_CTX_TRY_NUMBER=1
AIRFLOW_CTX_DAG_RUN_ID=scheduled__2023-03-26T00:00:00+00:00
[2023-03-27T06:52:30.104+0000] {subprocess.py:63} INFO - Tmp dir root location: 
 /tmp
[2023-03-27T06:52:30.104+0000] {subprocess.py:75} INFO - Running command: ['/bin/bash', '-c', 'echo "example_bash_operator__runme_1__20230326" && sleep 1']
[2023-03-27T06:52:30.114+0000] {subprocess.py:86} INFO - Output:
[2023-03-27T06:52:30.115+0000] {subprocess.py:93} INFO - example_bash_operator__runme_1__20230326
[2023-03-27T06:52:31.118+0000] {subprocess.py:97} INFO - Command exited with return code 0
[2023-03-27T06:52:31.158+0000] {taskinstance.py:1322} INFO - Marking task as SUCCESS. dag_id=example_bash_operator, task_id=runme_1, execution_date=20230326T000000, start_date=20230327T065229, end_date=20230327T065231
[2023-03-27T06:52:31.212+0000] {local_task_job.py:159} INFO - Task exited with return code 0
[2023-03-27T06:52:31.232+0000] {taskinstance.py:2582} INFO - 0 downstream tasks scheduled from follow-on schedule check
