[2023-03-29T08:35:30.778+0000] {taskinstance.py:1087} INFO - Dependencies all met for <TaskInstance: docker_sample.sleep scheduled__2023-03-28T17:40:00+00:00 [queued]>
[2023-03-29T08:35:30.784+0000] {taskinstance.py:1087} INFO - Dependencies all met for <TaskInstance: docker_sample.sleep scheduled__2023-03-28T17:40:00+00:00 [queued]>
[2023-03-29T08:35:30.785+0000] {taskinstance.py:1283} INFO - 
--------------------------------------------------------------------------------
[2023-03-29T08:35:30.785+0000] {taskinstance.py:1284} INFO - Starting attempt 1 of 4
[2023-03-29T08:35:30.785+0000] {taskinstance.py:1285} INFO - 
--------------------------------------------------------------------------------
[2023-03-29T08:35:30.811+0000] {taskinstance.py:1304} INFO - Executing <Task(BashOperator): sleep> on 2023-03-28 17:40:00+00:00
[2023-03-29T08:35:30.815+0000] {standard_task_runner.py:55} INFO - Started process 143716 to run task
[2023-03-29T08:35:30.823+0000] {standard_task_runner.py:82} INFO - Running: ['airflow', 'tasks', 'run', 'docker_sample', 'sleep', 'scheduled__2023-03-28T17:40:00+00:00', '--job-id', '1154', '--raw', '--subdir', 'DAGS_FOLDER/test_docker_operator.py', '--cfg-path', '/tmp/tmplwu36asp']
[2023-03-29T08:35:30.824+0000] {standard_task_runner.py:83} INFO - Job 1154: Subtask sleep
[2023-03-29T08:35:30.891+0000] {task_command.py:389} INFO - Running <TaskInstance: docker_sample.sleep scheduled__2023-03-28T17:40:00+00:00 [running]> on host vibrdairflow.tciw5gv3lhjetcyg0kqzfvdylc.hx.internal.cloudapp.net
[2023-03-29T08:35:30.981+0000] {taskinstance.py:1511} INFO - Exporting the following env vars:
AIRFLOW_CTX_DAG_EMAIL=airflow@example.com
AIRFLOW_CTX_DAG_OWNER=airflow
AIRFLOW_CTX_DAG_ID=docker_sample
AIRFLOW_CTX_TASK_ID=sleep
AIRFLOW_CTX_EXECUTION_DATE=2023-03-28T17:40:00+00:00
AIRFLOW_CTX_TRY_NUMBER=1
AIRFLOW_CTX_DAG_RUN_ID=scheduled__2023-03-28T17:40:00+00:00
[2023-03-29T08:35:30.983+0000] {subprocess.py:63} INFO - Tmp dir root location: 
 /tmp
[2023-03-29T08:35:30.984+0000] {subprocess.py:75} INFO - Running command: ['/bin/bash', '-c', 'sleep 5']
[2023-03-29T08:35:30.992+0000] {subprocess.py:86} INFO - Output:
[2023-03-29T08:35:35.997+0000] {subprocess.py:97} INFO - Command exited with return code 0
[2023-03-29T08:35:36.029+0000] {taskinstance.py:1322} INFO - Marking task as SUCCESS. dag_id=docker_sample, task_id=sleep, execution_date=20230328T174000, start_date=20230329T083530, end_date=20230329T083536
[2023-03-29T08:35:36.076+0000] {local_task_job.py:159} INFO - Task exited with return code 0
[2023-03-29T08:35:36.087+0000] {taskinstance.py:2582} INFO - 0 downstream tasks scheduled from follow-on schedule check
