[2022-12-16T09:44:26.032+0000] {taskinstance.py:1087} INFO - Dependencies all met for <TaskInstance: tutorial_2.templated backfill__2015-06-05T00:00:00+00:00 [queued]>
[2022-12-16T09:44:26.041+0000] {taskinstance.py:1087} INFO - Dependencies all met for <TaskInstance: tutorial_2.templated backfill__2015-06-05T00:00:00+00:00 [queued]>
[2022-12-16T09:44:26.041+0000] {taskinstance.py:1283} INFO - 
--------------------------------------------------------------------------------
[2022-12-16T09:44:26.041+0000] {taskinstance.py:1284} INFO - Starting attempt 1 of 2
[2022-12-16T09:44:26.041+0000] {taskinstance.py:1285} INFO - 
--------------------------------------------------------------------------------
[2022-12-16T09:44:26.075+0000] {taskinstance.py:1304} INFO - Executing <Task(BashOperator): templated> on 2015-06-05 00:00:00+00:00
[2022-12-16T09:44:26.078+0000] {standard_task_runner.py:55} INFO - Started process 64646 to run task
[2022-12-16T09:44:26.083+0000] {standard_task_runner.py:82} INFO - Running: ['airflow', 'tasks', 'run', 'tutorial_2', 'templated', 'backfill__2015-06-05T00:00:00+00:00', '--job-id', '48', '--pool', 'default_pool', '--raw', '--subdir', 'DAGS_FOLDER/tutorial_2.py', '--cfg-path', '/tmp/tmpg6dnwmqx']
[2022-12-16T09:44:26.084+0000] {standard_task_runner.py:83} INFO - Job 48: Subtask templated
[2022-12-16T09:44:26.135+0000] {task_command.py:389} INFO - Running <TaskInstance: tutorial_2.templated backfill__2015-06-05T00:00:00+00:00 [running]> on host vibrdairflow.tciw5gv3lhjetcyg0kqzfvdylc.hx.internal.cloudapp.net
[2022-12-16T09:44:26.198+0000] {taskinstance.py:1511} INFO - Exporting the following env vars:
AIRFLOW_CTX_DAG_EMAIL=airflow@example.com
AIRFLOW_CTX_DAG_OWNER=airflow
AIRFLOW_CTX_DAG_ID=tutorial_2
AIRFLOW_CTX_TASK_ID=templated
AIRFLOW_CTX_EXECUTION_DATE=2015-06-05T00:00:00+00:00
AIRFLOW_CTX_TRY_NUMBER=1
AIRFLOW_CTX_DAG_RUN_ID=backfill__2015-06-05T00:00:00+00:00
[2022-12-16T09:44:26.199+0000] {subprocess.py:63} INFO - Tmp dir root location: 
 /tmp
[2022-12-16T09:44:26.200+0000] {subprocess.py:75} INFO - Running command: ['/bin/bash', '-c', '\n\n    echo "2015-06-05"\n    echo "2015-06-12"\n\n    echo "2015-06-05"\n    echo "2015-06-12"\n\n    echo "2015-06-05"\n    echo "2015-06-12"\n\n    echo "2015-06-05"\n    echo "2015-06-12"\n\n    echo "2015-06-05"\n    echo "2015-06-12"\n']
[2022-12-16T09:44:26.206+0000] {subprocess.py:86} INFO - Output:
[2022-12-16T09:44:26.208+0000] {subprocess.py:93} INFO - 2015-06-05
[2022-12-16T09:44:26.208+0000] {subprocess.py:93} INFO - 2015-06-12
[2022-12-16T09:44:26.209+0000] {subprocess.py:93} INFO - 2015-06-05
[2022-12-16T09:44:26.209+0000] {subprocess.py:93} INFO - 2015-06-12
[2022-12-16T09:44:26.209+0000] {subprocess.py:93} INFO - 2015-06-05
[2022-12-16T09:44:26.209+0000] {subprocess.py:93} INFO - 2015-06-12
[2022-12-16T09:44:26.209+0000] {subprocess.py:93} INFO - 2015-06-05
[2022-12-16T09:44:26.209+0000] {subprocess.py:93} INFO - 2015-06-12
[2022-12-16T09:44:26.209+0000] {subprocess.py:93} INFO - 2015-06-05
[2022-12-16T09:44:26.209+0000] {subprocess.py:93} INFO - 2015-06-12
[2022-12-16T09:44:26.209+0000] {subprocess.py:97} INFO - Command exited with return code 0
[2022-12-16T09:44:26.237+0000] {taskinstance.py:1322} INFO - Marking task as SUCCESS. dag_id=tutorial_2, task_id=templated, execution_date=20150605T000000, start_date=20221216T094426, end_date=20221216T094426
[2022-12-16T09:44:26.294+0000] {local_task_job.py:159} INFO - Task exited with return code 0
[2022-12-16T09:44:26.305+0000] {taskinstance.py:2582} INFO - 0 downstream tasks scheduled from follow-on schedule check
