[2023-03-29T08:06:22.714+0000] {taskinstance.py:1087} INFO - Dependencies all met for <TaskInstance: docker_dag.print_hello scheduled__2023-03-29T07:05:00+00:00 [queued]>
[2023-03-29T08:06:22.720+0000] {taskinstance.py:1087} INFO - Dependencies all met for <TaskInstance: docker_dag.print_hello scheduled__2023-03-29T07:05:00+00:00 [queued]>
[2023-03-29T08:06:22.721+0000] {taskinstance.py:1283} INFO - 
--------------------------------------------------------------------------------
[2023-03-29T08:06:22.721+0000] {taskinstance.py:1284} INFO - Starting attempt 1 of 2
[2023-03-29T08:06:22.721+0000] {taskinstance.py:1285} INFO - 
--------------------------------------------------------------------------------
[2023-03-29T08:06:22.748+0000] {taskinstance.py:1304} INFO - Executing <Task(BashOperator): print_hello> on 2023-03-29 07:05:00+00:00
[2023-03-29T08:06:22.752+0000] {standard_task_runner.py:55} INFO - Started process 87531 to run task
[2023-03-29T08:06:22.757+0000] {standard_task_runner.py:82} INFO - Running: ['airflow', 'tasks', 'run', 'docker_dag', 'print_hello', 'scheduled__2023-03-29T07:05:00+00:00', '--job-id', '882', '--raw', '--subdir', 'DAGS_FOLDER/test_docker_dag.py', '--cfg-path', '/tmp/tmplm6x7g8k']
[2023-03-29T08:06:22.760+0000] {standard_task_runner.py:83} INFO - Job 882: Subtask print_hello
[2023-03-29T08:06:22.832+0000] {task_command.py:389} INFO - Running <TaskInstance: docker_dag.print_hello scheduled__2023-03-29T07:05:00+00:00 [running]> on host vibrdairflow.tciw5gv3lhjetcyg0kqzfvdylc.hx.internal.cloudapp.net
[2023-03-29T08:06:22.906+0000] {taskinstance.py:1511} INFO - Exporting the following env vars:
AIRFLOW_CTX_DAG_OWNER=airflow
AIRFLOW_CTX_DAG_ID=docker_dag
AIRFLOW_CTX_TASK_ID=print_hello
AIRFLOW_CTX_EXECUTION_DATE=2023-03-29T07:05:00+00:00
AIRFLOW_CTX_TRY_NUMBER=1
AIRFLOW_CTX_DAG_RUN_ID=scheduled__2023-03-29T07:05:00+00:00
[2023-03-29T08:06:22.907+0000] {subprocess.py:63} INFO - Tmp dir root location: 
 /tmp
[2023-03-29T08:06:22.908+0000] {subprocess.py:75} INFO - Running command: ['/bin/bash', '-c', 'echo "hello world"']
[2023-03-29T08:06:22.917+0000] {subprocess.py:86} INFO - Output:
[2023-03-29T08:06:22.919+0000] {subprocess.py:93} INFO - hello world
[2023-03-29T08:06:22.919+0000] {subprocess.py:97} INFO - Command exited with return code 0
[2023-03-29T08:06:22.959+0000] {taskinstance.py:1322} INFO - Marking task as SUCCESS. dag_id=docker_dag, task_id=print_hello, execution_date=20230329T070500, start_date=20230329T080622, end_date=20230329T080622
[2023-03-29T08:06:23.008+0000] {local_task_job.py:159} INFO - Task exited with return code 0
[2023-03-29T08:06:23.021+0000] {taskinstance.py:2582} INFO - 0 downstream tasks scheduled from follow-on schedule check
