[2023-03-29T08:14:34.471+0000] {taskinstance.py:1087} INFO - Dependencies all met for <TaskInstance: docker_sample.sleep scheduled__2023-03-28T11:00:00+00:00 [queued]>
[2023-03-29T08:14:34.477+0000] {taskinstance.py:1087} INFO - Dependencies all met for <TaskInstance: docker_sample.sleep scheduled__2023-03-28T11:00:00+00:00 [queued]>
[2023-03-29T08:14:34.478+0000] {taskinstance.py:1283} INFO - 
--------------------------------------------------------------------------------
[2023-03-29T08:14:34.478+0000] {taskinstance.py:1284} INFO - Starting attempt 1 of 4
[2023-03-29T08:14:34.478+0000] {taskinstance.py:1285} INFO - 
--------------------------------------------------------------------------------
[2023-03-29T08:14:34.504+0000] {taskinstance.py:1304} INFO - Executing <Task(BashOperator): sleep> on 2023-03-28 11:00:00+00:00
[2023-03-29T08:14:34.508+0000] {standard_task_runner.py:55} INFO - Started process 106066 to run task
[2023-03-29T08:14:34.515+0000] {standard_task_runner.py:82} INFO - Running: ['airflow', 'tasks', 'run', 'docker_sample', 'sleep', 'scheduled__2023-03-28T11:00:00+00:00', '--job-id', '982', '--raw', '--subdir', 'DAGS_FOLDER/test_docker_operator.py', '--cfg-path', '/tmp/tmpmi4uu7zu']
[2023-03-29T08:14:34.517+0000] {standard_task_runner.py:83} INFO - Job 982: Subtask sleep
[2023-03-29T08:14:34.579+0000] {task_command.py:389} INFO - Running <TaskInstance: docker_sample.sleep scheduled__2023-03-28T11:00:00+00:00 [running]> on host vibrdairflow.tciw5gv3lhjetcyg0kqzfvdylc.hx.internal.cloudapp.net
[2023-03-29T08:14:34.661+0000] {taskinstance.py:1511} INFO - Exporting the following env vars:
AIRFLOW_CTX_DAG_EMAIL=airflow@example.com
AIRFLOW_CTX_DAG_OWNER=airflow
AIRFLOW_CTX_DAG_ID=docker_sample
AIRFLOW_CTX_TASK_ID=sleep
AIRFLOW_CTX_EXECUTION_DATE=2023-03-28T11:00:00+00:00
AIRFLOW_CTX_TRY_NUMBER=1
AIRFLOW_CTX_DAG_RUN_ID=scheduled__2023-03-28T11:00:00+00:00
[2023-03-29T08:14:34.663+0000] {subprocess.py:63} INFO - Tmp dir root location: 
 /tmp
[2023-03-29T08:14:34.664+0000] {subprocess.py:75} INFO - Running command: ['/bin/bash', '-c', 'sleep 5']
[2023-03-29T08:14:34.675+0000] {subprocess.py:86} INFO - Output:
[2023-03-29T08:14:39.678+0000] {subprocess.py:97} INFO - Command exited with return code 0
[2023-03-29T08:14:39.714+0000] {taskinstance.py:1322} INFO - Marking task as SUCCESS. dag_id=docker_sample, task_id=sleep, execution_date=20230328T110000, start_date=20230329T081434, end_date=20230329T081439
[2023-03-29T08:14:39.776+0000] {local_task_job.py:159} INFO - Task exited with return code 0
[2023-03-29T08:14:39.787+0000] {taskinstance.py:2582} INFO - 0 downstream tasks scheduled from follow-on schedule check
