[2023-03-29T08:22:29.113+0000] {taskinstance.py:1087} INFO - Dependencies all met for <TaskInstance: dbt_maturity_docker_run.print_finish manual__2023-03-29T08:14:54.241107+00:00 [queued]>
[2023-03-29T08:22:29.119+0000] {taskinstance.py:1087} INFO - Dependencies all met for <TaskInstance: dbt_maturity_docker_run.print_finish manual__2023-03-29T08:14:54.241107+00:00 [queued]>
[2023-03-29T08:22:29.120+0000] {taskinstance.py:1283} INFO - 
--------------------------------------------------------------------------------
[2023-03-29T08:22:29.120+0000] {taskinstance.py:1284} INFO - Starting attempt 1 of 2
[2023-03-29T08:22:29.120+0000] {taskinstance.py:1285} INFO - 
--------------------------------------------------------------------------------
[2023-03-29T08:22:29.145+0000] {taskinstance.py:1304} INFO - Executing <Task(BashOperator): print_finish> on 2023-03-29 08:14:54.241107+00:00
[2023-03-29T08:22:29.149+0000] {standard_task_runner.py:55} INFO - Started process 118335 to run task
[2023-03-29T08:22:29.154+0000] {standard_task_runner.py:82} INFO - Running: ['airflow', 'tasks', 'run', 'dbt_maturity_docker_run', 'print_finish', 'manual__2023-03-29T08:14:54.241107+00:00', '--job-id', '995', '--raw', '--subdir', 'DAGS_FOLDER/dbt_docker_operator.py', '--cfg-path', '/tmp/tmpndprs7fp']
[2023-03-29T08:22:29.156+0000] {standard_task_runner.py:83} INFO - Job 995: Subtask print_finish
[2023-03-29T08:22:29.217+0000] {task_command.py:389} INFO - Running <TaskInstance: dbt_maturity_docker_run.print_finish manual__2023-03-29T08:14:54.241107+00:00 [running]> on host vibrdairflow.tciw5gv3lhjetcyg0kqzfvdylc.hx.internal.cloudapp.net
[2023-03-29T08:22:29.293+0000] {taskinstance.py:1511} INFO - Exporting the following env vars:
AIRFLOW_CTX_DAG_EMAIL=tan.phamduy@vib.com.vn
AIRFLOW_CTX_DAG_OWNER=tan
AIRFLOW_CTX_DAG_ID=dbt_maturity_docker_run
AIRFLOW_CTX_TASK_ID=print_finish
AIRFLOW_CTX_EXECUTION_DATE=2023-03-29T08:14:54.241107+00:00
AIRFLOW_CTX_TRY_NUMBER=1
AIRFLOW_CTX_DAG_RUN_ID=manual__2023-03-29T08:14:54.241107+00:00
[2023-03-29T08:22:29.294+0000] {subprocess.py:63} INFO - Tmp dir root location: 
 /tmp
[2023-03-29T08:22:29.295+0000] {subprocess.py:75} INFO - Running command: ['/bin/bash', '-c', 'echo "Task is finished"']
[2023-03-29T08:22:29.307+0000] {subprocess.py:86} INFO - Output:
[2023-03-29T08:22:29.308+0000] {subprocess.py:93} INFO - Task is finished
[2023-03-29T08:22:29.308+0000] {subprocess.py:97} INFO - Command exited with return code 0
[2023-03-29T08:22:29.342+0000] {taskinstance.py:1322} INFO - Marking task as SUCCESS. dag_id=dbt_maturity_docker_run, task_id=print_finish, execution_date=20230329T081454, start_date=20230329T082229, end_date=20230329T082229
[2023-03-29T08:22:29.407+0000] {local_task_job.py:159} INFO - Task exited with return code 0
[2023-03-29T08:22:29.421+0000] {taskinstance.py:2582} INFO - 0 downstream tasks scheduled from follow-on schedule check
