[2023-03-29T07:08:36.986+0000] {taskinstance.py:1087} INFO - Dependencies all met for <TaskInstance: docker_sample.sleep scheduled__2023-03-27T19:10:00+00:00 [queued]>
[2023-03-29T07:08:36.993+0000] {taskinstance.py:1087} INFO - Dependencies all met for <TaskInstance: docker_sample.sleep scheduled__2023-03-27T19:10:00+00:00 [queued]>
[2023-03-29T07:08:36.993+0000] {taskinstance.py:1283} INFO - 
--------------------------------------------------------------------------------
[2023-03-29T07:08:36.993+0000] {taskinstance.py:1284} INFO - Starting attempt 1 of 4
[2023-03-29T07:08:36.994+0000] {taskinstance.py:1285} INFO - 
--------------------------------------------------------------------------------
[2023-03-29T07:08:37.019+0000] {taskinstance.py:1304} INFO - Executing <Task(BashOperator): sleep> on 2023-03-27 19:10:00+00:00
[2023-03-29T07:08:37.024+0000] {standard_task_runner.py:55} INFO - Started process 373915 to run task
[2023-03-29T07:08:37.031+0000] {standard_task_runner.py:82} INFO - Running: ['airflow', 'tasks', 'run', 'docker_sample', 'sleep', 'scheduled__2023-03-27T19:10:00+00:00', '--job-id', '559', '--raw', '--subdir', 'DAGS_FOLDER/test_docker_operator.py', '--cfg-path', '/tmp/tmplhrze_ci']
[2023-03-29T07:08:37.033+0000] {standard_task_runner.py:83} INFO - Job 559: Subtask sleep
[2023-03-29T07:08:37.093+0000] {task_command.py:389} INFO - Running <TaskInstance: docker_sample.sleep scheduled__2023-03-27T19:10:00+00:00 [running]> on host vibrdairflow.tciw5gv3lhjetcyg0kqzfvdylc.hx.internal.cloudapp.net
[2023-03-29T07:08:37.182+0000] {taskinstance.py:1511} INFO - Exporting the following env vars:
AIRFLOW_CTX_DAG_EMAIL=airflow@example.com
AIRFLOW_CTX_DAG_OWNER=airflow
AIRFLOW_CTX_DAG_ID=docker_sample
AIRFLOW_CTX_TASK_ID=sleep
AIRFLOW_CTX_EXECUTION_DATE=2023-03-27T19:10:00+00:00
AIRFLOW_CTX_TRY_NUMBER=1
AIRFLOW_CTX_DAG_RUN_ID=scheduled__2023-03-27T19:10:00+00:00
[2023-03-29T07:08:37.184+0000] {subprocess.py:63} INFO - Tmp dir root location: 
 /tmp
[2023-03-29T07:08:37.184+0000] {subprocess.py:75} INFO - Running command: ['/bin/bash', '-c', 'sleep 5']
[2023-03-29T07:08:37.195+0000] {subprocess.py:86} INFO - Output:
[2023-03-29T07:08:42.198+0000] {subprocess.py:97} INFO - Command exited with return code 0
[2023-03-29T07:08:42.226+0000] {taskinstance.py:1322} INFO - Marking task as SUCCESS. dag_id=docker_sample, task_id=sleep, execution_date=20230327T191000, start_date=20230329T070836, end_date=20230329T070842
[2023-03-29T07:08:42.253+0000] {local_task_job.py:159} INFO - Task exited with return code 0
[2023-03-29T07:08:42.263+0000] {taskinstance.py:2582} INFO - 0 downstream tasks scheduled from follow-on schedule check
