[2023-03-29T08:43:16.235+0000] {taskinstance.py:1087} INFO - Dependencies all met for <TaskInstance: docker_sample.print_hello scheduled__2023-03-28T21:00:00+00:00 [queued]>
[2023-03-29T08:43:16.242+0000] {taskinstance.py:1087} INFO - Dependencies all met for <TaskInstance: docker_sample.print_hello scheduled__2023-03-28T21:00:00+00:00 [queued]>
[2023-03-29T08:43:16.242+0000] {taskinstance.py:1283} INFO - 
--------------------------------------------------------------------------------
[2023-03-29T08:43:16.242+0000] {taskinstance.py:1284} INFO - Starting attempt 1 of 2
[2023-03-29T08:43:16.242+0000] {taskinstance.py:1285} INFO - 
--------------------------------------------------------------------------------
[2023-03-29T08:43:16.266+0000] {taskinstance.py:1304} INFO - Executing <Task(BashOperator): print_hello> on 2023-03-28 21:00:00+00:00
[2023-03-29T08:43:16.272+0000] {standard_task_runner.py:55} INFO - Started process 160587 to run task
[2023-03-29T08:43:16.279+0000] {standard_task_runner.py:82} INFO - Running: ['airflow', 'tasks', 'run', 'docker_sample', 'print_hello', 'scheduled__2023-03-28T21:00:00+00:00', '--job-id', '1238', '--raw', '--subdir', 'DAGS_FOLDER/test_docker_operator.py', '--cfg-path', '/tmp/tmpkj2n42yq']
[2023-03-29T08:43:16.281+0000] {standard_task_runner.py:83} INFO - Job 1238: Subtask print_hello
[2023-03-29T08:43:16.344+0000] {task_command.py:389} INFO - Running <TaskInstance: docker_sample.print_hello scheduled__2023-03-28T21:00:00+00:00 [running]> on host vibrdairflow.tciw5gv3lhjetcyg0kqzfvdylc.hx.internal.cloudapp.net
[2023-03-29T08:43:16.432+0000] {taskinstance.py:1511} INFO - Exporting the following env vars:
AIRFLOW_CTX_DAG_EMAIL=airflow@example.com
AIRFLOW_CTX_DAG_OWNER=airflow
AIRFLOW_CTX_DAG_ID=docker_sample
AIRFLOW_CTX_TASK_ID=print_hello
AIRFLOW_CTX_EXECUTION_DATE=2023-03-28T21:00:00+00:00
AIRFLOW_CTX_TRY_NUMBER=1
AIRFLOW_CTX_DAG_RUN_ID=scheduled__2023-03-28T21:00:00+00:00
[2023-03-29T08:43:16.434+0000] {subprocess.py:63} INFO - Tmp dir root location: 
 /tmp
[2023-03-29T08:43:16.434+0000] {subprocess.py:75} INFO - Running command: ['/bin/bash', '-c', 'echo "hello world!!!"']
[2023-03-29T08:43:16.444+0000] {subprocess.py:86} INFO - Output:
[2023-03-29T08:43:16.447+0000] {subprocess.py:93} INFO - hello world!!!
[2023-03-29T08:43:16.447+0000] {subprocess.py:97} INFO - Command exited with return code 0
[2023-03-29T08:43:16.485+0000] {taskinstance.py:1322} INFO - Marking task as SUCCESS. dag_id=docker_sample, task_id=print_hello, execution_date=20230328T210000, start_date=20230329T084316, end_date=20230329T084316
[2023-03-29T08:43:16.528+0000] {local_task_job.py:159} INFO - Task exited with return code 0
[2023-03-29T08:43:16.543+0000] {taskinstance.py:2582} INFO - 0 downstream tasks scheduled from follow-on schedule check
