[2022-12-16T09:44:11.438+0000] {taskinstance.py:1087} INFO - Dependencies all met for <TaskInstance: tutorial_2.sleep backfill__2015-06-07T00:00:00+00:00 [queued]>
[2022-12-16T09:44:11.444+0000] {taskinstance.py:1087} INFO - Dependencies all met for <TaskInstance: tutorial_2.sleep backfill__2015-06-07T00:00:00+00:00 [queued]>
[2022-12-16T09:44:11.444+0000] {taskinstance.py:1283} INFO - 
--------------------------------------------------------------------------------
[2022-12-16T09:44:11.444+0000] {taskinstance.py:1284} INFO - Starting attempt 1 of 4
[2022-12-16T09:44:11.444+0000] {taskinstance.py:1285} INFO - 
--------------------------------------------------------------------------------
[2022-12-16T09:44:11.466+0000] {taskinstance.py:1304} INFO - Executing <Task(BashOperator): sleep> on 2015-06-07 00:00:00+00:00
[2022-12-16T09:44:11.469+0000] {standard_task_runner.py:55} INFO - Started process 64548 to run task
[2022-12-16T09:44:11.476+0000] {standard_task_runner.py:82} INFO - Running: ['airflow', 'tasks', 'run', 'tutorial_2', 'sleep', 'backfill__2015-06-07T00:00:00+00:00', '--job-id', '43', '--pool', 'default_pool', '--raw', '--subdir', 'DAGS_FOLDER/tutorial_2.py', '--cfg-path', '/tmp/tmp99yip05s']
[2022-12-16T09:44:11.477+0000] {standard_task_runner.py:83} INFO - Job 43: Subtask sleep
[2022-12-16T09:44:11.565+0000] {task_command.py:389} INFO - Running <TaskInstance: tutorial_2.sleep backfill__2015-06-07T00:00:00+00:00 [running]> on host vibrdairflow.tciw5gv3lhjetcyg0kqzfvdylc.hx.internal.cloudapp.net
[2022-12-16T09:44:11.627+0000] {taskinstance.py:1511} INFO - Exporting the following env vars:
AIRFLOW_CTX_DAG_EMAIL=airflow@example.com
AIRFLOW_CTX_DAG_OWNER=airflow
AIRFLOW_CTX_DAG_ID=tutorial_2
AIRFLOW_CTX_TASK_ID=sleep
AIRFLOW_CTX_EXECUTION_DATE=2015-06-07T00:00:00+00:00
AIRFLOW_CTX_TRY_NUMBER=1
AIRFLOW_CTX_DAG_RUN_ID=backfill__2015-06-07T00:00:00+00:00
[2022-12-16T09:44:11.628+0000] {subprocess.py:63} INFO - Tmp dir root location: 
 /tmp
[2022-12-16T09:44:11.629+0000] {subprocess.py:75} INFO - Running command: ['/bin/bash', '-c', 'sleep 5']
[2022-12-16T09:44:11.636+0000] {subprocess.py:86} INFO - Output:
[2022-12-16T09:44:16.639+0000] {subprocess.py:97} INFO - Command exited with return code 0
[2022-12-16T09:44:16.662+0000] {taskinstance.py:1322} INFO - Marking task as SUCCESS. dag_id=tutorial_2, task_id=sleep, execution_date=20150607T000000, start_date=20221216T094411, end_date=20221216T094416
[2022-12-16T09:44:16.693+0000] {local_task_job.py:159} INFO - Task exited with return code 0
[2022-12-16T09:44:16.702+0000] {taskinstance.py:2582} INFO - 0 downstream tasks scheduled from follow-on schedule check
