[2023-03-29T07:23:31.889+0000] {taskinstance.py:1087} INFO - Dependencies all met for <TaskInstance: docker_sample.sleep scheduled__2023-03-27T21:20:00+00:00 [queued]>
[2023-03-29T07:23:31.895+0000] {taskinstance.py:1087} INFO - Dependencies all met for <TaskInstance: docker_sample.sleep scheduled__2023-03-27T21:20:00+00:00 [queued]>
[2023-03-29T07:23:31.896+0000] {taskinstance.py:1283} INFO - 
--------------------------------------------------------------------------------
[2023-03-29T07:23:31.896+0000] {taskinstance.py:1284} INFO - Starting attempt 1 of 4
[2023-03-29T07:23:31.896+0000] {taskinstance.py:1285} INFO - 
--------------------------------------------------------------------------------
[2023-03-29T07:23:31.923+0000] {taskinstance.py:1304} INFO - Executing <Task(BashOperator): sleep> on 2023-03-27 21:20:00+00:00
[2023-03-29T07:23:31.928+0000] {standard_task_runner.py:55} INFO - Started process 21039 to run task
[2023-03-29T07:23:31.934+0000] {standard_task_runner.py:82} INFO - Running: ['airflow', 'tasks', 'run', 'docker_sample', 'sleep', 'scheduled__2023-03-27T21:20:00+00:00', '--job-id', '620', '--raw', '--subdir', 'DAGS_FOLDER/test_docker_operator.py', '--cfg-path', '/tmp/tmpdjmvp9c4']
[2023-03-29T07:23:31.936+0000] {standard_task_runner.py:83} INFO - Job 620: Subtask sleep
[2023-03-29T07:23:31.995+0000] {task_command.py:389} INFO - Running <TaskInstance: docker_sample.sleep scheduled__2023-03-27T21:20:00+00:00 [running]> on host vibrdairflow.tciw5gv3lhjetcyg0kqzfvdylc.hx.internal.cloudapp.net
[2023-03-29T07:23:32.091+0000] {taskinstance.py:1511} INFO - Exporting the following env vars:
AIRFLOW_CTX_DAG_EMAIL=airflow@example.com
AIRFLOW_CTX_DAG_OWNER=airflow
AIRFLOW_CTX_DAG_ID=docker_sample
AIRFLOW_CTX_TASK_ID=sleep
AIRFLOW_CTX_EXECUTION_DATE=2023-03-27T21:20:00+00:00
AIRFLOW_CTX_TRY_NUMBER=1
AIRFLOW_CTX_DAG_RUN_ID=scheduled__2023-03-27T21:20:00+00:00
[2023-03-29T07:23:32.093+0000] {subprocess.py:63} INFO - Tmp dir root location: 
 /tmp
[2023-03-29T07:23:32.093+0000] {subprocess.py:75} INFO - Running command: ['/bin/bash', '-c', 'sleep 5']
[2023-03-29T07:23:32.111+0000] {subprocess.py:86} INFO - Output:
[2023-03-29T07:23:37.110+0000] {subprocess.py:97} INFO - Command exited with return code 0
[2023-03-29T07:23:37.141+0000] {taskinstance.py:1322} INFO - Marking task as SUCCESS. dag_id=docker_sample, task_id=sleep, execution_date=20230327T212000, start_date=20230329T072331, end_date=20230329T072337
[2023-03-29T07:23:37.204+0000] {local_task_job.py:159} INFO - Task exited with return code 0
[2023-03-29T07:23:37.214+0000] {taskinstance.py:2582} INFO - 0 downstream tasks scheduled from follow-on schedule check
