[2022-12-16T09:09:19.094+0000] {taskinstance.py:1087} INFO - Dependencies all met for <TaskInstance: example_bash_operator.run_after_loop manual__2022-12-16T09:09:03.812904+00:00 [queued]>
[2022-12-16T09:09:19.100+0000] {taskinstance.py:1087} INFO - Dependencies all met for <TaskInstance: example_bash_operator.run_after_loop manual__2022-12-16T09:09:03.812904+00:00 [queued]>
[2022-12-16T09:09:19.100+0000] {taskinstance.py:1283} INFO - 
--------------------------------------------------------------------------------
[2022-12-16T09:09:19.100+0000] {taskinstance.py:1284} INFO - Starting attempt 1 of 1
[2022-12-16T09:09:19.100+0000] {taskinstance.py:1285} INFO - 
--------------------------------------------------------------------------------
[2022-12-16T09:09:19.121+0000] {taskinstance.py:1304} INFO - Executing <Task(BashOperator): run_after_loop> on 2022-12-16 09:09:03.812904+00:00
[2022-12-16T09:09:19.124+0000] {standard_task_runner.py:55} INFO - Started process 58264 to run task
[2022-12-16T09:09:19.128+0000] {standard_task_runner.py:82} INFO - Running: ['airflow', 'tasks', 'run', 'example_bash_operator', 'run_after_loop', 'manual__2022-12-16T09:09:03.812904+00:00', '--job-id', '24', '--raw', '--subdir', '/home/azureuser/.local/lib/python3.8/site-packages/airflow/example_dags/example_bash_operator.py', '--cfg-path', '/tmp/tmpc_zugays']
[2022-12-16T09:09:19.129+0000] {standard_task_runner.py:83} INFO - Job 24: Subtask run_after_loop
[2022-12-16T09:09:19.183+0000] {task_command.py:389} INFO - Running <TaskInstance: example_bash_operator.run_after_loop manual__2022-12-16T09:09:03.812904+00:00 [running]> on host vibrdairflow.tciw5gv3lhjetcyg0kqzfvdylc.hx.internal.cloudapp.net
[2022-12-16T09:09:19.239+0000] {taskinstance.py:1511} INFO - Exporting the following env vars:
AIRFLOW_CTX_DAG_OWNER=airflow
AIRFLOW_CTX_DAG_ID=example_bash_operator
AIRFLOW_CTX_TASK_ID=run_after_loop
AIRFLOW_CTX_EXECUTION_DATE=2022-12-16T09:09:03.812904+00:00
AIRFLOW_CTX_TRY_NUMBER=1
AIRFLOW_CTX_DAG_RUN_ID=manual__2022-12-16T09:09:03.812904+00:00
[2022-12-16T09:09:19.240+0000] {subprocess.py:63} INFO - Tmp dir root location: 
 /tmp
[2022-12-16T09:09:19.241+0000] {subprocess.py:75} INFO - Running command: ['/bin/bash', '-c', 'echo 1']
[2022-12-16T09:09:19.247+0000] {subprocess.py:86} INFO - Output:
[2022-12-16T09:09:19.248+0000] {subprocess.py:93} INFO - 1
[2022-12-16T09:09:19.249+0000] {subprocess.py:97} INFO - Command exited with return code 0
[2022-12-16T09:09:19.277+0000] {taskinstance.py:1322} INFO - Marking task as SUCCESS. dag_id=example_bash_operator, task_id=run_after_loop, execution_date=20221216T090903, start_date=20221216T090919, end_date=20221216T090919
[2022-12-16T09:09:19.299+0000] {local_task_job.py:159} INFO - Task exited with return code 0
[2022-12-16T09:09:19.311+0000] {taskinstance.py:2582} INFO - 0 downstream tasks scheduled from follow-on schedule check
