[2023-03-29T02:13:57.639+0000] {taskinstance.py:1087} INFO - Dependencies all met for <TaskInstance: example_bash_operator.this_will_skip scheduled__2023-03-28T00:00:00+00:00 [queued]>
[2023-03-29T02:13:57.645+0000] {taskinstance.py:1087} INFO - Dependencies all met for <TaskInstance: example_bash_operator.this_will_skip scheduled__2023-03-28T00:00:00+00:00 [queued]>
[2023-03-29T02:13:57.645+0000] {taskinstance.py:1283} INFO - 
--------------------------------------------------------------------------------
[2023-03-29T02:13:57.645+0000] {taskinstance.py:1284} INFO - Starting attempt 1 of 1
[2023-03-29T02:13:57.645+0000] {taskinstance.py:1285} INFO - 
--------------------------------------------------------------------------------
[2023-03-29T02:13:57.670+0000] {taskinstance.py:1304} INFO - Executing <Task(BashOperator): this_will_skip> on 2023-03-28 00:00:00+00:00
[2023-03-29T02:13:57.673+0000] {standard_task_runner.py:55} INFO - Started process 3833 to run task
[2023-03-29T02:13:57.679+0000] {standard_task_runner.py:82} INFO - Running: ['airflow', 'tasks', 'run', 'example_bash_operator', 'this_will_skip', 'scheduled__2023-03-28T00:00:00+00:00', '--job-id', '77', '--raw', '--subdir', '/home/azureuser/.local/lib/python3.8/site-packages/airflow/example_dags/example_bash_operator.py', '--cfg-path', '/tmp/tmpt3aank0u']
[2023-03-29T02:13:57.680+0000] {standard_task_runner.py:83} INFO - Job 77: Subtask this_will_skip
[2023-03-29T02:13:57.749+0000] {task_command.py:389} INFO - Running <TaskInstance: example_bash_operator.this_will_skip scheduled__2023-03-28T00:00:00+00:00 [running]> on host vibrdairflow.tciw5gv3lhjetcyg0kqzfvdylc.hx.internal.cloudapp.net
[2023-03-29T02:13:57.825+0000] {taskinstance.py:1511} INFO - Exporting the following env vars:
AIRFLOW_CTX_DAG_OWNER=airflow
AIRFLOW_CTX_DAG_ID=example_bash_operator
AIRFLOW_CTX_TASK_ID=this_will_skip
AIRFLOW_CTX_EXECUTION_DATE=2023-03-28T00:00:00+00:00
AIRFLOW_CTX_TRY_NUMBER=1
AIRFLOW_CTX_DAG_RUN_ID=scheduled__2023-03-28T00:00:00+00:00
[2023-03-29T02:13:57.827+0000] {subprocess.py:63} INFO - Tmp dir root location: 
 /tmp
[2023-03-29T02:13:57.827+0000] {subprocess.py:75} INFO - Running command: ['/bin/bash', '-c', 'echo "hello world"; exit 99;']
[2023-03-29T02:13:57.835+0000] {subprocess.py:86} INFO - Output:
[2023-03-29T02:13:57.837+0000] {subprocess.py:93} INFO - hello world
[2023-03-29T02:13:57.838+0000] {subprocess.py:97} INFO - Command exited with return code 99
[2023-03-29T02:13:57.839+0000] {taskinstance.py:1402} INFO - Bash command returned exit code 99. Skipping.
[2023-03-29T02:13:57.846+0000] {taskinstance.py:1322} INFO - Marking task as SKIPPED. dag_id=example_bash_operator, task_id=this_will_skip, execution_date=20230328T000000, start_date=20230329T021357, end_date=20230329T021357
[2023-03-29T02:13:57.890+0000] {local_task_job.py:159} INFO - Task exited with return code 0
[2023-03-29T02:13:57.909+0000] {taskinstance.py:2582} INFO - 0 downstream tasks scheduled from follow-on schedule check
