[2023-03-29T08:22:53.730+0000] {taskinstance.py:1087} INFO - Dependencies all met for <TaskInstance: docker_sample.print_hello scheduled__2023-03-28T11:20:00+00:00 [queued]>
[2023-03-29T08:22:53.738+0000] {taskinstance.py:1087} INFO - Dependencies all met for <TaskInstance: docker_sample.print_hello scheduled__2023-03-28T11:20:00+00:00 [queued]>
[2023-03-29T08:22:53.738+0000] {taskinstance.py:1283} INFO - 
--------------------------------------------------------------------------------
[2023-03-29T08:22:53.738+0000] {taskinstance.py:1284} INFO - Starting attempt 1 of 2
[2023-03-29T08:22:53.738+0000] {taskinstance.py:1285} INFO - 
--------------------------------------------------------------------------------
[2023-03-29T08:22:53.762+0000] {taskinstance.py:1304} INFO - Executing <Task(BashOperator): print_hello> on 2023-03-28 11:20:00+00:00
[2023-03-29T08:22:53.766+0000] {standard_task_runner.py:55} INFO - Started process 119195 to run task
[2023-03-29T08:22:53.771+0000] {standard_task_runner.py:82} INFO - Running: ['airflow', 'tasks', 'run', 'docker_sample', 'print_hello', 'scheduled__2023-03-28T11:20:00+00:00', '--job-id', '1001', '--raw', '--subdir', 'DAGS_FOLDER/test_docker_operator.py', '--cfg-path', '/tmp/tmpov0eiprr']
[2023-03-29T08:22:53.773+0000] {standard_task_runner.py:83} INFO - Job 1001: Subtask print_hello
[2023-03-29T08:22:53.850+0000] {task_command.py:389} INFO - Running <TaskInstance: docker_sample.print_hello scheduled__2023-03-28T11:20:00+00:00 [running]> on host vibrdairflow.tciw5gv3lhjetcyg0kqzfvdylc.hx.internal.cloudapp.net
[2023-03-29T08:22:53.966+0000] {taskinstance.py:1511} INFO - Exporting the following env vars:
AIRFLOW_CTX_DAG_EMAIL=airflow@example.com
AIRFLOW_CTX_DAG_OWNER=airflow
AIRFLOW_CTX_DAG_ID=docker_sample
AIRFLOW_CTX_TASK_ID=print_hello
AIRFLOW_CTX_EXECUTION_DATE=2023-03-28T11:20:00+00:00
AIRFLOW_CTX_TRY_NUMBER=1
AIRFLOW_CTX_DAG_RUN_ID=scheduled__2023-03-28T11:20:00+00:00
[2023-03-29T08:22:53.968+0000] {subprocess.py:63} INFO - Tmp dir root location: 
 /tmp
[2023-03-29T08:22:53.968+0000] {subprocess.py:75} INFO - Running command: ['/bin/bash', '-c', 'echo "hello world!!!"']
[2023-03-29T08:22:53.978+0000] {subprocess.py:86} INFO - Output:
[2023-03-29T08:22:53.980+0000] {subprocess.py:93} INFO - hello world!!!
[2023-03-29T08:22:53.980+0000] {subprocess.py:97} INFO - Command exited with return code 0
[2023-03-29T08:22:54.020+0000] {taskinstance.py:1322} INFO - Marking task as SUCCESS. dag_id=docker_sample, task_id=print_hello, execution_date=20230328T112000, start_date=20230329T082253, end_date=20230329T082254
[2023-03-29T08:22:54.066+0000] {local_task_job.py:159} INFO - Task exited with return code 0
[2023-03-29T08:22:54.081+0000] {taskinstance.py:2582} INFO - 0 downstream tasks scheduled from follow-on schedule check
