[2022-12-16T09:43:23.970+0000] {taskinstance.py:1087} INFO - Dependencies all met for <TaskInstance: tutorial_2.print_date backfill__2015-06-05T00:00:00+00:00 [queued]>
[2022-12-16T09:43:23.975+0000] {taskinstance.py:1087} INFO - Dependencies all met for <TaskInstance: tutorial_2.print_date backfill__2015-06-05T00:00:00+00:00 [queued]>
[2022-12-16T09:43:23.975+0000] {taskinstance.py:1283} INFO - 
--------------------------------------------------------------------------------
[2022-12-16T09:43:23.975+0000] {taskinstance.py:1284} INFO - Starting attempt 1 of 2
[2022-12-16T09:43:23.975+0000] {taskinstance.py:1285} INFO - 
--------------------------------------------------------------------------------
[2022-12-16T09:43:23.995+0000] {taskinstance.py:1304} INFO - Executing <Task(BashOperator): print_date> on 2015-06-05 00:00:00+00:00
[2022-12-16T09:43:23.997+0000] {standard_task_runner.py:55} INFO - Started process 64222 to run task
[2022-12-16T09:43:24.002+0000] {standard_task_runner.py:82} INFO - Running: ['airflow', 'tasks', 'run', 'tutorial_2', 'print_date', 'backfill__2015-06-05T00:00:00+00:00', '--job-id', '34', '--pool', 'default_pool', '--raw', '--subdir', 'DAGS_FOLDER/tutorial_2.py', '--cfg-path', '/tmp/tmpygq3bvf2']
[2022-12-16T09:43:24.003+0000] {standard_task_runner.py:83} INFO - Job 34: Subtask print_date
[2022-12-16T09:43:24.060+0000] {task_command.py:389} INFO - Running <TaskInstance: tutorial_2.print_date backfill__2015-06-05T00:00:00+00:00 [running]> on host vibrdairflow.tciw5gv3lhjetcyg0kqzfvdylc.hx.internal.cloudapp.net
[2022-12-16T09:43:24.127+0000] {taskinstance.py:1511} INFO - Exporting the following env vars:
AIRFLOW_CTX_DAG_EMAIL=airflow@example.com
AIRFLOW_CTX_DAG_OWNER=airflow
AIRFLOW_CTX_DAG_ID=tutorial_2
AIRFLOW_CTX_TASK_ID=print_date
AIRFLOW_CTX_EXECUTION_DATE=2015-06-05T00:00:00+00:00
AIRFLOW_CTX_TRY_NUMBER=1
AIRFLOW_CTX_DAG_RUN_ID=backfill__2015-06-05T00:00:00+00:00
[2022-12-16T09:43:24.128+0000] {subprocess.py:63} INFO - Tmp dir root location: 
 /tmp
[2022-12-16T09:43:24.128+0000] {subprocess.py:75} INFO - Running command: ['/bin/bash', '-c', 'date']
[2022-12-16T09:43:24.135+0000] {subprocess.py:86} INFO - Output:
[2022-12-16T09:43:24.138+0000] {subprocess.py:93} INFO - Fri Dec 16 09:43:24 UTC 2022
[2022-12-16T09:43:24.138+0000] {subprocess.py:97} INFO - Command exited with return code 0
[2022-12-16T09:43:24.164+0000] {taskinstance.py:1322} INFO - Marking task as SUCCESS. dag_id=tutorial_2, task_id=print_date, execution_date=20150605T000000, start_date=20221216T094323, end_date=20221216T094324
[2022-12-16T09:43:24.213+0000] {local_task_job.py:159} INFO - Task exited with return code 0
[2022-12-16T09:43:24.227+0000] {taskinstance.py:2582} INFO - 2 downstream tasks scheduled from follow-on schedule check
