[2022-12-16T09:44:18.412+0000] {taskinstance.py:1087} INFO - Dependencies all met for <TaskInstance: tutorial_2.templated backfill__2015-06-01T00:00:00+00:00 [queued]>
[2022-12-16T09:44:18.417+0000] {taskinstance.py:1087} INFO - Dependencies all met for <TaskInstance: tutorial_2.templated backfill__2015-06-01T00:00:00+00:00 [queued]>
[2022-12-16T09:44:18.417+0000] {taskinstance.py:1283} INFO - 
--------------------------------------------------------------------------------
[2022-12-16T09:44:18.417+0000] {taskinstance.py:1284} INFO - Starting attempt 1 of 2
[2022-12-16T09:44:18.417+0000] {taskinstance.py:1285} INFO - 
--------------------------------------------------------------------------------
[2022-12-16T09:44:18.440+0000] {taskinstance.py:1304} INFO - Executing <Task(BashOperator): templated> on 2015-06-01 00:00:00+00:00
[2022-12-16T09:44:18.442+0000] {standard_task_runner.py:55} INFO - Started process 64591 to run task
[2022-12-16T09:44:18.447+0000] {standard_task_runner.py:82} INFO - Running: ['airflow', 'tasks', 'run', 'tutorial_2', 'templated', 'backfill__2015-06-01T00:00:00+00:00', '--job-id', '44', '--pool', 'default_pool', '--raw', '--subdir', 'DAGS_FOLDER/tutorial_2.py', '--cfg-path', '/tmp/tmp5rt9rxts']
[2022-12-16T09:44:18.448+0000] {standard_task_runner.py:83} INFO - Job 44: Subtask templated
[2022-12-16T09:44:18.504+0000] {task_command.py:389} INFO - Running <TaskInstance: tutorial_2.templated backfill__2015-06-01T00:00:00+00:00 [running]> on host vibrdairflow.tciw5gv3lhjetcyg0kqzfvdylc.hx.internal.cloudapp.net
[2022-12-16T09:44:18.563+0000] {taskinstance.py:1511} INFO - Exporting the following env vars:
AIRFLOW_CTX_DAG_EMAIL=airflow@example.com
AIRFLOW_CTX_DAG_OWNER=airflow
AIRFLOW_CTX_DAG_ID=tutorial_2
AIRFLOW_CTX_TASK_ID=templated
AIRFLOW_CTX_EXECUTION_DATE=2015-06-01T00:00:00+00:00
AIRFLOW_CTX_TRY_NUMBER=1
AIRFLOW_CTX_DAG_RUN_ID=backfill__2015-06-01T00:00:00+00:00
[2022-12-16T09:44:18.564+0000] {subprocess.py:63} INFO - Tmp dir root location: 
 /tmp
[2022-12-16T09:44:18.564+0000] {subprocess.py:75} INFO - Running command: ['/bin/bash', '-c', '\n\n    echo "2015-06-01"\n    echo "2015-06-08"\n\n    echo "2015-06-01"\n    echo "2015-06-08"\n\n    echo "2015-06-01"\n    echo "2015-06-08"\n\n    echo "2015-06-01"\n    echo "2015-06-08"\n\n    echo "2015-06-01"\n    echo "2015-06-08"\n']
[2022-12-16T09:44:18.572+0000] {subprocess.py:86} INFO - Output:
[2022-12-16T09:44:18.573+0000] {subprocess.py:93} INFO - 2015-06-01
[2022-12-16T09:44:18.573+0000] {subprocess.py:93} INFO - 2015-06-08
[2022-12-16T09:44:18.574+0000] {subprocess.py:93} INFO - 2015-06-01
[2022-12-16T09:44:18.574+0000] {subprocess.py:93} INFO - 2015-06-08
[2022-12-16T09:44:18.574+0000] {subprocess.py:93} INFO - 2015-06-01
[2022-12-16T09:44:18.574+0000] {subprocess.py:93} INFO - 2015-06-08
[2022-12-16T09:44:18.574+0000] {subprocess.py:93} INFO - 2015-06-01
[2022-12-16T09:44:18.574+0000] {subprocess.py:93} INFO - 2015-06-08
[2022-12-16T09:44:18.574+0000] {subprocess.py:93} INFO - 2015-06-01
[2022-12-16T09:44:18.574+0000] {subprocess.py:93} INFO - 2015-06-08
[2022-12-16T09:44:18.574+0000] {subprocess.py:97} INFO - Command exited with return code 0
[2022-12-16T09:44:18.606+0000] {taskinstance.py:1322} INFO - Marking task as SUCCESS. dag_id=tutorial_2, task_id=templated, execution_date=20150601T000000, start_date=20221216T094418, end_date=20221216T094418
[2022-12-16T09:44:18.658+0000] {local_task_job.py:159} INFO - Task exited with return code 0
[2022-12-16T09:44:18.669+0000] {taskinstance.py:2582} INFO - 0 downstream tasks scheduled from follow-on schedule check
