[2022-12-16T09:42:32.681+0000] {taskinstance.py:1087} INFO - Dependencies all met for <TaskInstance: tutorial.sleep backfill__2015-06-01T00:00:00+00:00 [queued]>
[2022-12-16T09:42:32.686+0000] {taskinstance.py:1087} INFO - Dependencies all met for <TaskInstance: tutorial.sleep backfill__2015-06-01T00:00:00+00:00 [queued]>
[2022-12-16T09:42:32.686+0000] {taskinstance.py:1283} INFO - 
--------------------------------------------------------------------------------
[2022-12-16T09:42:32.686+0000] {taskinstance.py:1284} INFO - Starting attempt 1 of 4
[2022-12-16T09:42:32.686+0000] {taskinstance.py:1285} INFO - 
--------------------------------------------------------------------------------
[2022-12-16T09:42:32.711+0000] {taskinstance.py:1304} INFO - Executing <Task(BashOperator): sleep> on 2015-06-01 00:00:00+00:00
[2022-12-16T09:42:32.714+0000] {standard_task_runner.py:55} INFO - Started process 63911 to run task
[2022-12-16T09:42:32.718+0000] {standard_task_runner.py:82} INFO - Running: ['airflow', 'tasks', 'run', 'tutorial', 'sleep', 'backfill__2015-06-01T00:00:00+00:00', '--job-id', '27', '--pool', 'default_pool', '--raw', '--subdir', '/home/azureuser/.local/lib/python3.8/site-packages/airflow/example_dags/tutorial.py', '--cfg-path', '/tmp/tmpcs6fbwdg']
[2022-12-16T09:42:32.719+0000] {standard_task_runner.py:83} INFO - Job 27: Subtask sleep
[2022-12-16T09:42:32.770+0000] {task_command.py:389} INFO - Running <TaskInstance: tutorial.sleep backfill__2015-06-01T00:00:00+00:00 [running]> on host vibrdairflow.tciw5gv3lhjetcyg0kqzfvdylc.hx.internal.cloudapp.net
[2022-12-16T09:42:32.822+0000] {taskinstance.py:1511} INFO - Exporting the following env vars:
AIRFLOW_CTX_DAG_EMAIL=airflow@example.com
AIRFLOW_CTX_DAG_OWNER=airflow
AIRFLOW_CTX_DAG_ID=tutorial
AIRFLOW_CTX_TASK_ID=sleep
AIRFLOW_CTX_EXECUTION_DATE=2015-06-01T00:00:00+00:00
AIRFLOW_CTX_TRY_NUMBER=1
AIRFLOW_CTX_DAG_RUN_ID=backfill__2015-06-01T00:00:00+00:00
[2022-12-16T09:42:32.823+0000] {subprocess.py:63} INFO - Tmp dir root location: 
 /tmp
[2022-12-16T09:42:32.824+0000] {subprocess.py:75} INFO - Running command: ['/bin/bash', '-c', 'sleep 5']
[2022-12-16T09:42:32.833+0000] {subprocess.py:86} INFO - Output:
[2022-12-16T09:42:34.306+0000] {process_utils.py:129} INFO - Sending Signals.SIGTERM to group 63911. PIDs of all processes in the group: [63912, 63911]
[2022-12-16T09:42:34.306+0000] {process_utils.py:84} INFO - Sending the signal Signals.SIGTERM to group 63911
[2022-12-16T09:42:34.306+0000] {taskinstance.py:1483} ERROR - Received SIGTERM. Terminating subprocesses.
[2022-12-16T09:42:34.307+0000] {subprocess.py:104} INFO - Sending SIGTERM signal to process group
[2022-12-16T09:42:34.315+0000] {taskinstance.py:1772} ERROR - Task failed with exception
Traceback (most recent call last):
  File "/home/azureuser/.local/lib/python3.8/site-packages/airflow/operators/bash.py", line 187, in execute
    result = self.subprocess_hook.run_command(
  File "/home/azureuser/.local/lib/python3.8/site-packages/airflow/hooks/subprocess.py", line 91, in run_command
    for raw_line in iter(self.sub_process.stdout.readline, b""):
  File "/home/azureuser/.local/lib/python3.8/site-packages/airflow/models/taskinstance.py", line 1485, in signal_handler
    raise AirflowException("Task received SIGTERM signal")
airflow.exceptions.AirflowException: Task received SIGTERM signal
[2022-12-16T09:42:34.318+0000] {taskinstance.py:1322} INFO - Marking task as UP_FOR_RETRY. dag_id=tutorial, task_id=sleep, execution_date=20150601T000000, start_date=20221216T094232, end_date=20221216T094234
[2022-12-16T09:42:34.341+0000] {standard_task_runner.py:100} ERROR - Failed to execute job 27 for task sleep (Task received SIGTERM signal; 63911)
[2022-12-16T09:42:34.363+0000] {process_utils.py:79} INFO - Process psutil.Process(pid=63912, status='terminated', started='09:42:32') (63912) terminated with exit code None
[2022-12-16T09:42:34.364+0000] {process_utils.py:79} INFO - Process psutil.Process(pid=63911, status='terminated', exitcode=1, started='09:42:31') (63911) terminated with exit code 1
