[2023-03-29T08:32:08.119+0000] {taskinstance.py:1087} INFO - Dependencies all met for <TaskInstance: docker_sample.print_hello scheduled__2023-03-28T15:50:00+00:00 [queued]>
[2023-03-29T08:32:08.131+0000] {taskinstance.py:1087} INFO - Dependencies all met for <TaskInstance: docker_sample.print_hello scheduled__2023-03-28T15:50:00+00:00 [queued]>
[2023-03-29T08:32:08.132+0000] {taskinstance.py:1283} INFO - 
--------------------------------------------------------------------------------
[2023-03-29T08:32:08.132+0000] {taskinstance.py:1284} INFO - Starting attempt 1 of 2
[2023-03-29T08:32:08.132+0000] {taskinstance.py:1285} INFO - 
--------------------------------------------------------------------------------
[2023-03-29T08:32:08.172+0000] {taskinstance.py:1304} INFO - Executing <Task(BashOperator): print_hello> on 2023-03-28 15:50:00+00:00
[2023-03-29T08:32:08.176+0000] {standard_task_runner.py:55} INFO - Started process 137261 to run task
[2023-03-29T08:32:08.181+0000] {standard_task_runner.py:82} INFO - Running: ['airflow', 'tasks', 'run', 'docker_sample', 'print_hello', 'scheduled__2023-03-28T15:50:00+00:00', '--job-id', '1110', '--raw', '--subdir', 'DAGS_FOLDER/test_docker_operator.py', '--cfg-path', '/tmp/tmp4ye6ts0s']
[2023-03-29T08:32:08.185+0000] {standard_task_runner.py:83} INFO - Job 1110: Subtask print_hello
[2023-03-29T08:32:08.269+0000] {task_command.py:389} INFO - Running <TaskInstance: docker_sample.print_hello scheduled__2023-03-28T15:50:00+00:00 [running]> on host vibrdairflow.tciw5gv3lhjetcyg0kqzfvdylc.hx.internal.cloudapp.net
[2023-03-29T08:32:08.381+0000] {taskinstance.py:1511} INFO - Exporting the following env vars:
AIRFLOW_CTX_DAG_EMAIL=airflow@example.com
AIRFLOW_CTX_DAG_OWNER=airflow
AIRFLOW_CTX_DAG_ID=docker_sample
AIRFLOW_CTX_TASK_ID=print_hello
AIRFLOW_CTX_EXECUTION_DATE=2023-03-28T15:50:00+00:00
AIRFLOW_CTX_TRY_NUMBER=1
AIRFLOW_CTX_DAG_RUN_ID=scheduled__2023-03-28T15:50:00+00:00
[2023-03-29T08:32:08.384+0000] {subprocess.py:63} INFO - Tmp dir root location: 
 /tmp
[2023-03-29T08:32:08.385+0000] {subprocess.py:75} INFO - Running command: ['/bin/bash', '-c', 'echo "hello world!!!"']
[2023-03-29T08:32:08.396+0000] {subprocess.py:86} INFO - Output:
[2023-03-29T08:32:08.398+0000] {subprocess.py:93} INFO - hello world!!!
[2023-03-29T08:32:08.399+0000] {subprocess.py:97} INFO - Command exited with return code 0
[2023-03-29T08:32:08.436+0000] {taskinstance.py:1322} INFO - Marking task as SUCCESS. dag_id=docker_sample, task_id=print_hello, execution_date=20230328T155000, start_date=20230329T083208, end_date=20230329T083208
[2023-03-29T08:32:08.516+0000] {local_task_job.py:159} INFO - Task exited with return code 0
[2023-03-29T08:32:08.536+0000] {taskinstance.py:2582} INFO - 0 downstream tasks scheduled from follow-on schedule check
