[2023-03-29T07:27:01.372+0000] {taskinstance.py:1087} INFO - Dependencies all met for <TaskInstance: docker_dag.docker_command manual__2023-03-29T07:26:54.026972+00:00 [queued]>
[2023-03-29T07:27:01.379+0000] {taskinstance.py:1087} INFO - Dependencies all met for <TaskInstance: docker_dag.docker_command manual__2023-03-29T07:26:54.026972+00:00 [queued]>
[2023-03-29T07:27:01.379+0000] {taskinstance.py:1283} INFO - 
--------------------------------------------------------------------------------
[2023-03-29T07:27:01.380+0000] {taskinstance.py:1284} INFO - Starting attempt 1 of 2
[2023-03-29T07:27:01.380+0000] {taskinstance.py:1285} INFO - 
--------------------------------------------------------------------------------
[2023-03-29T07:27:01.407+0000] {taskinstance.py:1304} INFO - Executing <Task(DockerOperator): docker_command> on 2023-03-29 07:26:54.026972+00:00
[2023-03-29T07:27:01.411+0000] {standard_task_runner.py:55} INFO - Started process 26377 to run task
[2023-03-29T07:27:01.418+0000] {standard_task_runner.py:82} INFO - Running: ['airflow', 'tasks', 'run', 'docker_dag', 'docker_command', 'manual__2023-03-29T07:26:54.026972+00:00', '--job-id', '649', '--raw', '--subdir', 'DAGS_FOLDER/test_docker_dag.py', '--cfg-path', '/tmp/tmpybae6equ']
[2023-03-29T07:27:01.420+0000] {standard_task_runner.py:83} INFO - Job 649: Subtask docker_command
[2023-03-29T07:27:01.535+0000] {task_command.py:389} INFO - Running <TaskInstance: docker_dag.docker_command manual__2023-03-29T07:26:54.026972+00:00 [running]> on host vibrdairflow.tciw5gv3lhjetcyg0kqzfvdylc.hx.internal.cloudapp.net
[2023-03-29T07:27:01.612+0000] {taskinstance.py:1511} INFO - Exporting the following env vars:
AIRFLOW_CTX_DAG_OWNER=airflow
AIRFLOW_CTX_DAG_ID=docker_dag
AIRFLOW_CTX_TASK_ID=docker_command
AIRFLOW_CTX_EXECUTION_DATE=2023-03-29T07:26:54.026972+00:00
AIRFLOW_CTX_TRY_NUMBER=1
AIRFLOW_CTX_DAG_RUN_ID=manual__2023-03-29T07:26:54.026972+00:00
[2023-03-29T07:27:01.633+0000] {docker.py:306} INFO - Starting docker container from image centos:latest
[2023-03-29T07:27:01.642+0000] {docker.py:314} WARNING - Using remote engine or docker-in-docker and mounting temporary volume from host is not supported. Falling back to `mount_tmp_dir=False` mode. You can set `mount_tmp_dir` parameter to False to disable mounting and remove the warning
[2023-03-29T07:27:34.915+0000] {taskinstance.py:1322} INFO - Marking task as SUCCESS. dag_id=docker_dag, task_id=docker_command, execution_date=20230329T072654, start_date=20230329T072701, end_date=20230329T072734
[2023-03-29T07:27:34.973+0000] {local_task_job.py:159} INFO - Task exited with return code 0
[2023-03-29T07:27:34.987+0000] {taskinstance.py:2582} INFO - 1 downstream tasks scheduled from follow-on schedule check
