[2023-03-29T08:22:14.133+0000] {taskinstance.py:1087} INFO - Dependencies all met for <TaskInstance: dbt_maturity_docker_run.sleep manual__2023-03-29T08:14:54.241107+00:00 [queued]>
[2023-03-29T08:22:14.140+0000] {taskinstance.py:1087} INFO - Dependencies all met for <TaskInstance: dbt_maturity_docker_run.sleep manual__2023-03-29T08:14:54.241107+00:00 [queued]>
[2023-03-29T08:22:14.141+0000] {taskinstance.py:1283} INFO - 
--------------------------------------------------------------------------------
[2023-03-29T08:22:14.141+0000] {taskinstance.py:1284} INFO - Starting attempt 1 of 4
[2023-03-29T08:22:14.141+0000] {taskinstance.py:1285} INFO - 
--------------------------------------------------------------------------------
[2023-03-29T08:22:14.164+0000] {taskinstance.py:1304} INFO - Executing <Task(BashOperator): sleep> on 2023-03-29 08:14:54.241107+00:00
[2023-03-29T08:22:14.168+0000] {standard_task_runner.py:55} INFO - Started process 117912 to run task
[2023-03-29T08:22:14.174+0000] {standard_task_runner.py:82} INFO - Running: ['airflow', 'tasks', 'run', 'dbt_maturity_docker_run', 'sleep', 'manual__2023-03-29T08:14:54.241107+00:00', '--job-id', '992', '--raw', '--subdir', 'DAGS_FOLDER/dbt_docker_operator.py', '--cfg-path', '/tmp/tmpjnbqzu4r']
[2023-03-29T08:22:14.176+0000] {standard_task_runner.py:83} INFO - Job 992: Subtask sleep
[2023-03-29T08:22:14.256+0000] {task_command.py:389} INFO - Running <TaskInstance: dbt_maturity_docker_run.sleep manual__2023-03-29T08:14:54.241107+00:00 [running]> on host vibrdairflow.tciw5gv3lhjetcyg0kqzfvdylc.hx.internal.cloudapp.net
[2023-03-29T08:22:14.355+0000] {taskinstance.py:1511} INFO - Exporting the following env vars:
AIRFLOW_CTX_DAG_EMAIL=tan.phamduy@vib.com.vn
AIRFLOW_CTX_DAG_OWNER=tan
AIRFLOW_CTX_DAG_ID=dbt_maturity_docker_run
AIRFLOW_CTX_TASK_ID=sleep
AIRFLOW_CTX_EXECUTION_DATE=2023-03-29T08:14:54.241107+00:00
AIRFLOW_CTX_TRY_NUMBER=1
AIRFLOW_CTX_DAG_RUN_ID=manual__2023-03-29T08:14:54.241107+00:00
[2023-03-29T08:22:14.358+0000] {subprocess.py:63} INFO - Tmp dir root location: 
 /tmp
[2023-03-29T08:22:14.359+0000] {subprocess.py:75} INFO - Running command: ['/bin/bash', '-c', 'sleep 5']
[2023-03-29T08:22:14.371+0000] {subprocess.py:86} INFO - Output:
[2023-03-29T08:22:19.374+0000] {subprocess.py:97} INFO - Command exited with return code 0
[2023-03-29T08:22:19.411+0000] {taskinstance.py:1322} INFO - Marking task as SUCCESS. dag_id=dbt_maturity_docker_run, task_id=sleep, execution_date=20230329T081454, start_date=20230329T082214, end_date=20230329T082219
[2023-03-29T08:22:19.475+0000] {local_task_job.py:159} INFO - Task exited with return code 0
[2023-03-29T08:22:19.485+0000] {taskinstance.py:2582} INFO - 0 downstream tasks scheduled from follow-on schedule check
