[2023-03-29T08:22:06.371+0000] {taskinstance.py:1087} INFO - Dependencies all met for <TaskInstance: dbt_maturity_docker_run.sleep scheduled__2023-03-27T00:00:00+00:00 [queued]>
[2023-03-29T08:22:06.378+0000] {taskinstance.py:1087} INFO - Dependencies all met for <TaskInstance: dbt_maturity_docker_run.sleep scheduled__2023-03-27T00:00:00+00:00 [queued]>
[2023-03-29T08:22:06.378+0000] {taskinstance.py:1283} INFO - 
--------------------------------------------------------------------------------
[2023-03-29T08:22:06.378+0000] {taskinstance.py:1284} INFO - Starting attempt 1 of 4
[2023-03-29T08:22:06.378+0000] {taskinstance.py:1285} INFO - 
--------------------------------------------------------------------------------
[2023-03-29T08:22:06.405+0000] {taskinstance.py:1304} INFO - Executing <Task(BashOperator): sleep> on 2023-03-27 00:00:00+00:00
[2023-03-29T08:22:06.409+0000] {standard_task_runner.py:55} INFO - Started process 117732 to run task
[2023-03-29T08:22:06.418+0000] {standard_task_runner.py:82} INFO - Running: ['airflow', 'tasks', 'run', 'dbt_maturity_docker_run', 'sleep', 'scheduled__2023-03-27T00:00:00+00:00', '--job-id', '991', '--raw', '--subdir', 'DAGS_FOLDER/dbt_docker_operator.py', '--cfg-path', '/tmp/tmpffaekn9y']
[2023-03-29T08:22:06.420+0000] {standard_task_runner.py:83} INFO - Job 991: Subtask sleep
[2023-03-29T08:22:06.504+0000] {task_command.py:389} INFO - Running <TaskInstance: dbt_maturity_docker_run.sleep scheduled__2023-03-27T00:00:00+00:00 [running]> on host vibrdairflow.tciw5gv3lhjetcyg0kqzfvdylc.hx.internal.cloudapp.net
[2023-03-29T08:22:06.587+0000] {taskinstance.py:1511} INFO - Exporting the following env vars:
AIRFLOW_CTX_DAG_EMAIL=tan.phamduy@vib.com.vn
AIRFLOW_CTX_DAG_OWNER=tan
AIRFLOW_CTX_DAG_ID=dbt_maturity_docker_run
AIRFLOW_CTX_TASK_ID=sleep
AIRFLOW_CTX_EXECUTION_DATE=2023-03-27T00:00:00+00:00
AIRFLOW_CTX_TRY_NUMBER=1
AIRFLOW_CTX_DAG_RUN_ID=scheduled__2023-03-27T00:00:00+00:00
[2023-03-29T08:22:06.590+0000] {subprocess.py:63} INFO - Tmp dir root location: 
 /tmp
[2023-03-29T08:22:06.591+0000] {subprocess.py:75} INFO - Running command: ['/bin/bash', '-c', 'sleep 5']
[2023-03-29T08:22:06.602+0000] {subprocess.py:86} INFO - Output:
[2023-03-29T08:22:11.605+0000] {subprocess.py:97} INFO - Command exited with return code 0
[2023-03-29T08:22:11.642+0000] {taskinstance.py:1322} INFO - Marking task as SUCCESS. dag_id=dbt_maturity_docker_run, task_id=sleep, execution_date=20230327T000000, start_date=20230329T082206, end_date=20230329T082211
[2023-03-29T08:22:11.719+0000] {local_task_job.py:159} INFO - Task exited with return code 0
[2023-03-29T08:22:11.729+0000] {taskinstance.py:2582} INFO - 0 downstream tasks scheduled from follow-on schedule check
