[2023-03-29T07:01:33.446+0000] {taskinstance.py:1087} INFO - Dependencies all met for <TaskInstance: docker_dag.print_current_date manual__2023-03-29T07:01:16.746770+00:00 [queued]>
[2023-03-29T07:01:33.452+0000] {taskinstance.py:1087} INFO - Dependencies all met for <TaskInstance: docker_dag.print_current_date manual__2023-03-29T07:01:16.746770+00:00 [queued]>
[2023-03-29T07:01:33.452+0000] {taskinstance.py:1283} INFO - 
--------------------------------------------------------------------------------
[2023-03-29T07:01:33.452+0000] {taskinstance.py:1284} INFO - Starting attempt 1 of 2
[2023-03-29T07:01:33.452+0000] {taskinstance.py:1285} INFO - 
--------------------------------------------------------------------------------
[2023-03-29T07:01:33.475+0000] {taskinstance.py:1304} INFO - Executing <Task(BashOperator): print_current_date> on 2023-03-29 07:01:16.746770+00:00
[2023-03-29T07:01:33.479+0000] {standard_task_runner.py:55} INFO - Started process 359676 to run task
[2023-03-29T07:01:33.484+0000] {standard_task_runner.py:82} INFO - Running: ['airflow', 'tasks', 'run', 'docker_dag', 'print_current_date', 'manual__2023-03-29T07:01:16.746770+00:00', '--job-id', '478', '--raw', '--subdir', 'DAGS_FOLDER/test_docker_dag.py', '--cfg-path', '/tmp/tmpn8cgza2r']
[2023-03-29T07:01:33.485+0000] {standard_task_runner.py:83} INFO - Job 478: Subtask print_current_date
[2023-03-29T07:01:33.545+0000] {task_command.py:389} INFO - Running <TaskInstance: docker_dag.print_current_date manual__2023-03-29T07:01:16.746770+00:00 [running]> on host vibrdairflow.tciw5gv3lhjetcyg0kqzfvdylc.hx.internal.cloudapp.net
[2023-03-29T07:01:33.616+0000] {taskinstance.py:1511} INFO - Exporting the following env vars:
AIRFLOW_CTX_DAG_OWNER=airflow
AIRFLOW_CTX_DAG_ID=docker_dag
AIRFLOW_CTX_TASK_ID=print_current_date
AIRFLOW_CTX_EXECUTION_DATE=2023-03-29T07:01:16.746770+00:00
AIRFLOW_CTX_TRY_NUMBER=1
AIRFLOW_CTX_DAG_RUN_ID=manual__2023-03-29T07:01:16.746770+00:00
[2023-03-29T07:01:33.617+0000] {subprocess.py:63} INFO - Tmp dir root location: 
 /tmp
[2023-03-29T07:01:33.618+0000] {subprocess.py:75} INFO - Running command: ['/bin/bash', '-c', 'date']
[2023-03-29T07:01:33.629+0000] {subprocess.py:86} INFO - Output:
[2023-03-29T07:01:33.631+0000] {subprocess.py:93} INFO - Wed Mar 29 07:01:33 UTC 2023
[2023-03-29T07:01:33.632+0000] {subprocess.py:97} INFO - Command exited with return code 0
[2023-03-29T07:01:33.664+0000] {taskinstance.py:1322} INFO - Marking task as SUCCESS. dag_id=docker_dag, task_id=print_current_date, execution_date=20230329T070116, start_date=20230329T070133, end_date=20230329T070133
[2023-03-29T07:01:33.735+0000] {local_task_job.py:159} INFO - Task exited with return code 0
[2023-03-29T07:01:33.774+0000] {taskinstance.py:2582} INFO - 1 downstream tasks scheduled from follow-on schedule check
