[2023-03-29T08:45:02.895+0000] {taskinstance.py:1087} INFO - Dependencies all met for <TaskInstance: docker_sample.print_hello scheduled__2023-03-28T21:50:00+00:00 [queued]>
[2023-03-29T08:45:02.903+0000] {taskinstance.py:1087} INFO - Dependencies all met for <TaskInstance: docker_sample.print_hello scheduled__2023-03-28T21:50:00+00:00 [queued]>
[2023-03-29T08:45:02.903+0000] {taskinstance.py:1283} INFO - 
--------------------------------------------------------------------------------
[2023-03-29T08:45:02.903+0000] {taskinstance.py:1284} INFO - Starting attempt 1 of 2
[2023-03-29T08:45:02.903+0000] {taskinstance.py:1285} INFO - 
--------------------------------------------------------------------------------
[2023-03-29T08:45:02.933+0000] {taskinstance.py:1304} INFO - Executing <Task(BashOperator): print_hello> on 2023-03-28 21:50:00+00:00
[2023-03-29T08:45:02.937+0000] {standard_task_runner.py:55} INFO - Started process 164054 to run task
[2023-03-29T08:45:02.943+0000] {standard_task_runner.py:82} INFO - Running: ['airflow', 'tasks', 'run', 'docker_sample', 'print_hello', 'scheduled__2023-03-28T21:50:00+00:00', '--job-id', '1262', '--raw', '--subdir', 'DAGS_FOLDER/test_docker_operator.py', '--cfg-path', '/tmp/tmpjmhqy6kr']
[2023-03-29T08:45:02.946+0000] {standard_task_runner.py:83} INFO - Job 1262: Subtask print_hello
[2023-03-29T08:45:03.010+0000] {task_command.py:389} INFO - Running <TaskInstance: docker_sample.print_hello scheduled__2023-03-28T21:50:00+00:00 [running]> on host vibrdairflow.tciw5gv3lhjetcyg0kqzfvdylc.hx.internal.cloudapp.net
[2023-03-29T08:45:03.097+0000] {taskinstance.py:1511} INFO - Exporting the following env vars:
AIRFLOW_CTX_DAG_EMAIL=airflow@example.com
AIRFLOW_CTX_DAG_OWNER=airflow
AIRFLOW_CTX_DAG_ID=docker_sample
AIRFLOW_CTX_TASK_ID=print_hello
AIRFLOW_CTX_EXECUTION_DATE=2023-03-28T21:50:00+00:00
AIRFLOW_CTX_TRY_NUMBER=1
AIRFLOW_CTX_DAG_RUN_ID=scheduled__2023-03-28T21:50:00+00:00
[2023-03-29T08:45:03.100+0000] {subprocess.py:63} INFO - Tmp dir root location: 
 /tmp
[2023-03-29T08:45:03.101+0000] {subprocess.py:75} INFO - Running command: ['/bin/bash', '-c', 'echo "hello world!!!"']
[2023-03-29T08:45:03.114+0000] {subprocess.py:86} INFO - Output:
[2023-03-29T08:45:03.117+0000] {subprocess.py:93} INFO - hello world!!!
[2023-03-29T08:45:03.117+0000] {subprocess.py:97} INFO - Command exited with return code 0
[2023-03-29T08:45:03.153+0000] {taskinstance.py:1322} INFO - Marking task as SUCCESS. dag_id=docker_sample, task_id=print_hello, execution_date=20230328T215000, start_date=20230329T084502, end_date=20230329T084503
[2023-03-29T08:45:03.196+0000] {local_task_job.py:159} INFO - Task exited with return code 0
[2023-03-29T08:45:03.210+0000] {taskinstance.py:2582} INFO - 0 downstream tasks scheduled from follow-on schedule check
