[2022-12-16T08:08:32.331+0000] {taskinstance.py:1087} INFO - Dependencies all met for <TaskInstance: example_bash_operator.this_will_skip scheduled__2022-12-15T00:00:00+00:00 [queued]>
[2022-12-16T08:08:32.337+0000] {taskinstance.py:1087} INFO - Dependencies all met for <TaskInstance: example_bash_operator.this_will_skip scheduled__2022-12-15T00:00:00+00:00 [queued]>
[2022-12-16T08:08:32.337+0000] {taskinstance.py:1283} INFO - 
--------------------------------------------------------------------------------
[2022-12-16T08:08:32.337+0000] {taskinstance.py:1284} INFO - Starting attempt 1 of 1
[2022-12-16T08:08:32.337+0000] {taskinstance.py:1285} INFO - 
--------------------------------------------------------------------------------
[2022-12-16T08:08:32.359+0000] {taskinstance.py:1304} INFO - Executing <Task(BashOperator): this_will_skip> on 2022-12-15 00:00:00+00:00
[2022-12-16T08:08:32.361+0000] {standard_task_runner.py:55} INFO - Started process 46442 to run task
[2022-12-16T08:08:32.365+0000] {standard_task_runner.py:82} INFO - Running: ['airflow', 'tasks', 'run', 'example_bash_operator', 'this_will_skip', 'scheduled__2022-12-15T00:00:00+00:00', '--job-id', '11', '--raw', '--subdir', '/home/azureuser/.local/lib/python3.8/site-packages/airflow/example_dags/example_bash_operator.py', '--cfg-path', '/tmp/tmp4ushk2ek']
[2022-12-16T08:08:32.367+0000] {standard_task_runner.py:83} INFO - Job 11: Subtask this_will_skip
[2022-12-16T08:08:32.422+0000] {task_command.py:389} INFO - Running <TaskInstance: example_bash_operator.this_will_skip scheduled__2022-12-15T00:00:00+00:00 [running]> on host vibrdairflow.tciw5gv3lhjetcyg0kqzfvdylc.hx.internal.cloudapp.net
[2022-12-16T08:08:32.482+0000] {taskinstance.py:1511} INFO - Exporting the following env vars:
AIRFLOW_CTX_DAG_OWNER=airflow
AIRFLOW_CTX_DAG_ID=example_bash_operator
AIRFLOW_CTX_TASK_ID=this_will_skip
AIRFLOW_CTX_EXECUTION_DATE=2022-12-15T00:00:00+00:00
AIRFLOW_CTX_TRY_NUMBER=1
AIRFLOW_CTX_DAG_RUN_ID=scheduled__2022-12-15T00:00:00+00:00
[2022-12-16T08:08:32.484+0000] {subprocess.py:63} INFO - Tmp dir root location: 
 /tmp
[2022-12-16T08:08:32.484+0000] {subprocess.py:75} INFO - Running command: ['/bin/bash', '-c', 'echo "hello world"; exit 99;']
[2022-12-16T08:08:32.491+0000] {subprocess.py:86} INFO - Output:
[2022-12-16T08:08:32.492+0000] {subprocess.py:93} INFO - hello world
[2022-12-16T08:08:32.493+0000] {subprocess.py:97} INFO - Command exited with return code 99
[2022-12-16T08:08:32.494+0000] {taskinstance.py:1402} INFO - Bash command returned exit code 99. Skipping.
[2022-12-16T08:08:32.500+0000] {taskinstance.py:1322} INFO - Marking task as SKIPPED. dag_id=example_bash_operator, task_id=this_will_skip, execution_date=20221215T000000, start_date=20221216T080832, end_date=20221216T080832
[2022-12-16T08:08:32.537+0000] {local_task_job.py:159} INFO - Task exited with return code 0
[2022-12-16T08:08:32.553+0000] {taskinstance.py:2582} INFO - 0 downstream tasks scheduled from follow-on schedule check
