[2023-03-29T07:27:46.224+0000] {taskinstance.py:1087} INFO - Dependencies all met for <TaskInstance: docker_dag.print_hello manual__2023-03-29T07:26:54.026972+00:00 [queued]>
[2023-03-29T07:27:46.230+0000] {taskinstance.py:1087} INFO - Dependencies all met for <TaskInstance: docker_dag.print_hello manual__2023-03-29T07:26:54.026972+00:00 [queued]>
[2023-03-29T07:27:46.230+0000] {taskinstance.py:1283} INFO - 
--------------------------------------------------------------------------------
[2023-03-29T07:27:46.231+0000] {taskinstance.py:1284} INFO - Starting attempt 1 of 2
[2023-03-29T07:27:46.231+0000] {taskinstance.py:1285} INFO - 
--------------------------------------------------------------------------------
[2023-03-29T07:27:46.252+0000] {taskinstance.py:1304} INFO - Executing <Task(BashOperator): print_hello> on 2023-03-29 07:26:54.026972+00:00
[2023-03-29T07:27:46.257+0000] {standard_task_runner.py:55} INFO - Started process 27717 to run task
[2023-03-29T07:27:46.263+0000] {standard_task_runner.py:82} INFO - Running: ['airflow', 'tasks', 'run', 'docker_dag', 'print_hello', 'manual__2023-03-29T07:26:54.026972+00:00', '--job-id', '653', '--raw', '--subdir', 'DAGS_FOLDER/test_docker_dag.py', '--cfg-path', '/tmp/tmpf3f4vxvg']
[2023-03-29T07:27:46.265+0000] {standard_task_runner.py:83} INFO - Job 653: Subtask print_hello
[2023-03-29T07:27:46.328+0000] {task_command.py:389} INFO - Running <TaskInstance: docker_dag.print_hello manual__2023-03-29T07:26:54.026972+00:00 [running]> on host vibrdairflow.tciw5gv3lhjetcyg0kqzfvdylc.hx.internal.cloudapp.net
[2023-03-29T07:27:46.403+0000] {taskinstance.py:1511} INFO - Exporting the following env vars:
AIRFLOW_CTX_DAG_OWNER=airflow
AIRFLOW_CTX_DAG_ID=docker_dag
AIRFLOW_CTX_TASK_ID=print_hello
AIRFLOW_CTX_EXECUTION_DATE=2023-03-29T07:26:54.026972+00:00
AIRFLOW_CTX_TRY_NUMBER=1
AIRFLOW_CTX_DAG_RUN_ID=manual__2023-03-29T07:26:54.026972+00:00
[2023-03-29T07:27:46.405+0000] {subprocess.py:63} INFO - Tmp dir root location: 
 /tmp
[2023-03-29T07:27:46.406+0000] {subprocess.py:75} INFO - Running command: ['/bin/bash', '-c', 'echo "hello world"']
[2023-03-29T07:27:46.418+0000] {subprocess.py:86} INFO - Output:
[2023-03-29T07:27:46.422+0000] {subprocess.py:93} INFO - hello world
[2023-03-29T07:27:46.423+0000] {subprocess.py:97} INFO - Command exited with return code 0
[2023-03-29T07:27:46.456+0000] {taskinstance.py:1322} INFO - Marking task as SUCCESS. dag_id=docker_dag, task_id=print_hello, execution_date=20230329T072654, start_date=20230329T072746, end_date=20230329T072746
[2023-03-29T07:27:46.514+0000] {local_task_job.py:159} INFO - Task exited with return code 0
[2023-03-29T07:27:46.527+0000] {taskinstance.py:2582} INFO - 0 downstream tasks scheduled from follow-on schedule check
