[2023-03-29T07:26:58.088+0000] {taskinstance.py:1087} INFO - Dependencies all met for <TaskInstance: docker_dag.print_current_date manual__2023-03-29T07:26:54.026972+00:00 [queued]>
[2023-03-29T07:26:58.094+0000] {taskinstance.py:1087} INFO - Dependencies all met for <TaskInstance: docker_dag.print_current_date manual__2023-03-29T07:26:54.026972+00:00 [queued]>
[2023-03-29T07:26:58.094+0000] {taskinstance.py:1283} INFO - 
--------------------------------------------------------------------------------
[2023-03-29T07:26:58.094+0000] {taskinstance.py:1284} INFO - Starting attempt 1 of 2
[2023-03-29T07:26:58.094+0000] {taskinstance.py:1285} INFO - 
--------------------------------------------------------------------------------
[2023-03-29T07:26:58.121+0000] {taskinstance.py:1304} INFO - Executing <Task(BashOperator): print_current_date> on 2023-03-29 07:26:54.026972+00:00
[2023-03-29T07:26:58.126+0000] {standard_task_runner.py:55} INFO - Started process 26303 to run task
[2023-03-29T07:26:58.132+0000] {standard_task_runner.py:82} INFO - Running: ['airflow', 'tasks', 'run', 'docker_dag', 'print_current_date', 'manual__2023-03-29T07:26:54.026972+00:00', '--job-id', '648', '--raw', '--subdir', 'DAGS_FOLDER/test_docker_dag.py', '--cfg-path', '/tmp/tmp04gaehew']
[2023-03-29T07:26:58.134+0000] {standard_task_runner.py:83} INFO - Job 648: Subtask print_current_date
[2023-03-29T07:26:58.214+0000] {task_command.py:389} INFO - Running <TaskInstance: docker_dag.print_current_date manual__2023-03-29T07:26:54.026972+00:00 [running]> on host vibrdairflow.tciw5gv3lhjetcyg0kqzfvdylc.hx.internal.cloudapp.net
[2023-03-29T07:26:58.287+0000] {taskinstance.py:1511} INFO - Exporting the following env vars:
AIRFLOW_CTX_DAG_OWNER=airflow
AIRFLOW_CTX_DAG_ID=docker_dag
AIRFLOW_CTX_TASK_ID=print_current_date
AIRFLOW_CTX_EXECUTION_DATE=2023-03-29T07:26:54.026972+00:00
AIRFLOW_CTX_TRY_NUMBER=1
AIRFLOW_CTX_DAG_RUN_ID=manual__2023-03-29T07:26:54.026972+00:00
[2023-03-29T07:26:58.289+0000] {subprocess.py:63} INFO - Tmp dir root location: 
 /tmp
[2023-03-29T07:26:58.289+0000] {subprocess.py:75} INFO - Running command: ['/bin/bash', '-c', 'date']
[2023-03-29T07:26:58.298+0000] {subprocess.py:86} INFO - Output:
[2023-03-29T07:26:58.301+0000] {subprocess.py:93} INFO - Wed Mar 29 07:26:58 UTC 2023
[2023-03-29T07:26:58.302+0000] {subprocess.py:97} INFO - Command exited with return code 0
[2023-03-29T07:26:58.340+0000] {taskinstance.py:1322} INFO - Marking task as SUCCESS. dag_id=docker_dag, task_id=print_current_date, execution_date=20230329T072654, start_date=20230329T072658, end_date=20230329T072658
[2023-03-29T07:26:58.383+0000] {local_task_job.py:159} INFO - Task exited with return code 0
[2023-03-29T07:26:58.404+0000] {taskinstance.py:2582} INFO - 1 downstream tasks scheduled from follow-on schedule check
