[2023-03-28T09:43:42.070+0000] {taskinstance.py:1087} INFO - Dependencies all met for <TaskInstance: example_bash_operator.runme_2 scheduled__2023-03-27T00:00:00+00:00 [queued]>
[2023-03-28T09:43:42.076+0000] {taskinstance.py:1087} INFO - Dependencies all met for <TaskInstance: example_bash_operator.runme_2 scheduled__2023-03-27T00:00:00+00:00 [queued]>
[2023-03-28T09:43:42.076+0000] {taskinstance.py:1283} INFO - 
--------------------------------------------------------------------------------
[2023-03-28T09:43:42.076+0000] {taskinstance.py:1284} INFO - Starting attempt 1 of 1
[2023-03-28T09:43:42.076+0000] {taskinstance.py:1285} INFO - 
--------------------------------------------------------------------------------
[2023-03-28T09:43:42.100+0000] {taskinstance.py:1304} INFO - Executing <Task(BashOperator): runme_2> on 2023-03-27 00:00:00+00:00
[2023-03-28T09:43:42.104+0000] {standard_task_runner.py:55} INFO - Started process 48469 to run task
[2023-03-28T09:43:42.109+0000] {standard_task_runner.py:82} INFO - Running: ['airflow', 'tasks', 'run', 'example_bash_operator', 'runme_2', 'scheduled__2023-03-27T00:00:00+00:00', '--job-id', '63', '--raw', '--subdir', '/home/azureuser/.local/lib/python3.8/site-packages/airflow/example_dags/example_bash_operator.py', '--cfg-path', '/tmp/tmpjj76kbxn']
[2023-03-28T09:43:42.111+0000] {standard_task_runner.py:83} INFO - Job 63: Subtask runme_2
[2023-03-28T09:43:42.186+0000] {task_command.py:389} INFO - Running <TaskInstance: example_bash_operator.runme_2 scheduled__2023-03-27T00:00:00+00:00 [running]> on host vibrdairflow.tciw5gv3lhjetcyg0kqzfvdylc.hx.internal.cloudapp.net
[2023-03-28T09:43:42.261+0000] {taskinstance.py:1511} INFO - Exporting the following env vars:
AIRFLOW_CTX_DAG_OWNER=airflow
AIRFLOW_CTX_DAG_ID=example_bash_operator
AIRFLOW_CTX_TASK_ID=runme_2
AIRFLOW_CTX_EXECUTION_DATE=2023-03-27T00:00:00+00:00
AIRFLOW_CTX_TRY_NUMBER=1
AIRFLOW_CTX_DAG_RUN_ID=scheduled__2023-03-27T00:00:00+00:00
[2023-03-28T09:43:42.262+0000] {subprocess.py:63} INFO - Tmp dir root location: 
 /tmp
[2023-03-28T09:43:42.263+0000] {subprocess.py:75} INFO - Running command: ['/bin/bash', '-c', 'echo "example_bash_operator__runme_2__20230327" && sleep 1']
[2023-03-28T09:43:42.273+0000] {subprocess.py:86} INFO - Output:
[2023-03-28T09:43:42.274+0000] {subprocess.py:93} INFO - example_bash_operator__runme_2__20230327
[2023-03-28T09:43:43.276+0000] {subprocess.py:97} INFO - Command exited with return code 0
[2023-03-28T09:43:43.309+0000] {taskinstance.py:1322} INFO - Marking task as SUCCESS. dag_id=example_bash_operator, task_id=runme_2, execution_date=20230327T000000, start_date=20230328T094342, end_date=20230328T094343
[2023-03-28T09:43:43.365+0000] {local_task_job.py:159} INFO - Task exited with return code 0
[2023-03-28T09:43:43.389+0000] {taskinstance.py:2582} INFO - 1 downstream tasks scheduled from follow-on schedule check
