[2022-12-16T09:44:27.975+0000] {taskinstance.py:1087} INFO - Dependencies all met for <TaskInstance: tutorial_2.templated backfill__2015-06-06T00:00:00+00:00 [queued]>
[2022-12-16T09:44:27.981+0000] {taskinstance.py:1087} INFO - Dependencies all met for <TaskInstance: tutorial_2.templated backfill__2015-06-06T00:00:00+00:00 [queued]>
[2022-12-16T09:44:27.981+0000] {taskinstance.py:1283} INFO - 
--------------------------------------------------------------------------------
[2022-12-16T09:44:27.981+0000] {taskinstance.py:1284} INFO - Starting attempt 1 of 2
[2022-12-16T09:44:27.981+0000] {taskinstance.py:1285} INFO - 
--------------------------------------------------------------------------------
[2022-12-16T09:44:28.000+0000] {taskinstance.py:1304} INFO - Executing <Task(BashOperator): templated> on 2015-06-06 00:00:00+00:00
[2022-12-16T09:44:28.004+0000] {standard_task_runner.py:55} INFO - Started process 64670 to run task
[2022-12-16T09:44:28.007+0000] {standard_task_runner.py:82} INFO - Running: ['airflow', 'tasks', 'run', 'tutorial_2', 'templated', 'backfill__2015-06-06T00:00:00+00:00', '--job-id', '49', '--pool', 'default_pool', '--raw', '--subdir', 'DAGS_FOLDER/tutorial_2.py', '--cfg-path', '/tmp/tmp4s7tps0g']
[2022-12-16T09:44:28.008+0000] {standard_task_runner.py:83} INFO - Job 49: Subtask templated
[2022-12-16T09:44:28.083+0000] {task_command.py:389} INFO - Running <TaskInstance: tutorial_2.templated backfill__2015-06-06T00:00:00+00:00 [running]> on host vibrdairflow.tciw5gv3lhjetcyg0kqzfvdylc.hx.internal.cloudapp.net
[2022-12-16T09:44:28.145+0000] {taskinstance.py:1511} INFO - Exporting the following env vars:
AIRFLOW_CTX_DAG_EMAIL=airflow@example.com
AIRFLOW_CTX_DAG_OWNER=airflow
AIRFLOW_CTX_DAG_ID=tutorial_2
AIRFLOW_CTX_TASK_ID=templated
AIRFLOW_CTX_EXECUTION_DATE=2015-06-06T00:00:00+00:00
AIRFLOW_CTX_TRY_NUMBER=1
AIRFLOW_CTX_DAG_RUN_ID=backfill__2015-06-06T00:00:00+00:00
[2022-12-16T09:44:28.146+0000] {subprocess.py:63} INFO - Tmp dir root location: 
 /tmp
[2022-12-16T09:44:28.147+0000] {subprocess.py:75} INFO - Running command: ['/bin/bash', '-c', '\n\n    echo "2015-06-06"\n    echo "2015-06-13"\n\n    echo "2015-06-06"\n    echo "2015-06-13"\n\n    echo "2015-06-06"\n    echo "2015-06-13"\n\n    echo "2015-06-06"\n    echo "2015-06-13"\n\n    echo "2015-06-06"\n    echo "2015-06-13"\n']
[2022-12-16T09:44:28.153+0000] {subprocess.py:86} INFO - Output:
[2022-12-16T09:44:28.155+0000] {subprocess.py:93} INFO - 2015-06-06
[2022-12-16T09:44:28.156+0000] {subprocess.py:93} INFO - 2015-06-13
[2022-12-16T09:44:28.156+0000] {subprocess.py:93} INFO - 2015-06-06
[2022-12-16T09:44:28.156+0000] {subprocess.py:93} INFO - 2015-06-13
[2022-12-16T09:44:28.156+0000] {subprocess.py:93} INFO - 2015-06-06
[2022-12-16T09:44:28.156+0000] {subprocess.py:93} INFO - 2015-06-13
[2022-12-16T09:44:28.156+0000] {subprocess.py:93} INFO - 2015-06-06
[2022-12-16T09:44:28.156+0000] {subprocess.py:93} INFO - 2015-06-13
[2022-12-16T09:44:28.156+0000] {subprocess.py:93} INFO - 2015-06-06
[2022-12-16T09:44:28.156+0000] {subprocess.py:93} INFO - 2015-06-13
[2022-12-16T09:44:28.157+0000] {subprocess.py:97} INFO - Command exited with return code 0
[2022-12-16T09:44:28.182+0000] {taskinstance.py:1322} INFO - Marking task as SUCCESS. dag_id=tutorial_2, task_id=templated, execution_date=20150606T000000, start_date=20221216T094427, end_date=20221216T094428
[2022-12-16T09:44:28.226+0000] {local_task_job.py:159} INFO - Task exited with return code 0
[2022-12-16T09:44:28.238+0000] {taskinstance.py:2582} INFO - 0 downstream tasks scheduled from follow-on schedule check
