[2023-03-29T08:15:01.619+0000] {taskinstance.py:1087} INFO - Dependencies all met for <TaskInstance: dbt_maturity_docker_run.print_date manual__2023-03-29T08:14:54.241107+00:00 [queued]>
[2023-03-29T08:15:01.626+0000] {taskinstance.py:1087} INFO - Dependencies all met for <TaskInstance: dbt_maturity_docker_run.print_date manual__2023-03-29T08:14:54.241107+00:00 [queued]>
[2023-03-29T08:15:01.626+0000] {taskinstance.py:1283} INFO - 
--------------------------------------------------------------------------------
[2023-03-29T08:15:01.626+0000] {taskinstance.py:1284} INFO - Starting attempt 1 of 2
[2023-03-29T08:15:01.626+0000] {taskinstance.py:1285} INFO - 
--------------------------------------------------------------------------------
[2023-03-29T08:15:01.653+0000] {taskinstance.py:1304} INFO - Executing <Task(BashOperator): print_date> on 2023-03-29 08:14:54.241107+00:00
[2023-03-29T08:15:01.657+0000] {standard_task_runner.py:55} INFO - Started process 106924 to run task
[2023-03-29T08:15:01.662+0000] {standard_task_runner.py:82} INFO - Running: ['airflow', 'tasks', 'run', 'dbt_maturity_docker_run', 'print_date', 'manual__2023-03-29T08:14:54.241107+00:00', '--job-id', '987', '--raw', '--subdir', 'DAGS_FOLDER/dbt_docker_operator.py', '--cfg-path', '/tmp/tmprehu4cnt']
[2023-03-29T08:15:01.664+0000] {standard_task_runner.py:83} INFO - Job 987: Subtask print_date
[2023-03-29T08:15:01.726+0000] {task_command.py:389} INFO - Running <TaskInstance: dbt_maturity_docker_run.print_date manual__2023-03-29T08:14:54.241107+00:00 [running]> on host vibrdairflow.tciw5gv3lhjetcyg0kqzfvdylc.hx.internal.cloudapp.net
[2023-03-29T08:15:01.800+0000] {taskinstance.py:1511} INFO - Exporting the following env vars:
AIRFLOW_CTX_DAG_EMAIL=tan.phamduy@vib.com.vn
AIRFLOW_CTX_DAG_OWNER=tan
AIRFLOW_CTX_DAG_ID=dbt_maturity_docker_run
AIRFLOW_CTX_TASK_ID=print_date
AIRFLOW_CTX_EXECUTION_DATE=2023-03-29T08:14:54.241107+00:00
AIRFLOW_CTX_TRY_NUMBER=1
AIRFLOW_CTX_DAG_RUN_ID=manual__2023-03-29T08:14:54.241107+00:00
[2023-03-29T08:15:01.802+0000] {subprocess.py:63} INFO - Tmp dir root location: 
 /tmp
[2023-03-29T08:15:01.802+0000] {subprocess.py:75} INFO - Running command: ['/bin/bash', '-c', 'date']
[2023-03-29T08:15:01.812+0000] {subprocess.py:86} INFO - Output:
[2023-03-29T08:15:01.816+0000] {subprocess.py:93} INFO - Wed Mar 29 08:15:01 UTC 2023
[2023-03-29T08:15:01.817+0000] {subprocess.py:97} INFO - Command exited with return code 0
[2023-03-29T08:15:01.851+0000] {taskinstance.py:1322} INFO - Marking task as SUCCESS. dag_id=dbt_maturity_docker_run, task_id=print_date, execution_date=20230329T081454, start_date=20230329T081501, end_date=20230329T081501
[2023-03-29T08:15:01.914+0000] {local_task_job.py:159} INFO - Task exited with return code 0
[2023-03-29T08:15:01.955+0000] {taskinstance.py:2582} INFO - 2 downstream tasks scheduled from follow-on schedule check
