[2023-03-29T02:14:00.530+0000] {taskinstance.py:1087} INFO - Dependencies all met for <TaskInstance: example_bash_operator.run_after_loop scheduled__2023-03-28T00:00:00+00:00 [queued]>
[2023-03-29T02:14:00.536+0000] {taskinstance.py:1087} INFO - Dependencies all met for <TaskInstance: example_bash_operator.run_after_loop scheduled__2023-03-28T00:00:00+00:00 [queued]>
[2023-03-29T02:14:00.536+0000] {taskinstance.py:1283} INFO - 
--------------------------------------------------------------------------------
[2023-03-29T02:14:00.536+0000] {taskinstance.py:1284} INFO - Starting attempt 1 of 1
[2023-03-29T02:14:00.537+0000] {taskinstance.py:1285} INFO - 
--------------------------------------------------------------------------------
[2023-03-29T02:14:00.558+0000] {taskinstance.py:1304} INFO - Executing <Task(BashOperator): run_after_loop> on 2023-03-28 00:00:00+00:00
[2023-03-29T02:14:00.562+0000] {standard_task_runner.py:55} INFO - Started process 3887 to run task
[2023-03-29T02:14:00.567+0000] {standard_task_runner.py:82} INFO - Running: ['airflow', 'tasks', 'run', 'example_bash_operator', 'run_after_loop', 'scheduled__2023-03-28T00:00:00+00:00', '--job-id', '78', '--raw', '--subdir', '/home/azureuser/.local/lib/python3.8/site-packages/airflow/example_dags/example_bash_operator.py', '--cfg-path', '/tmp/tmpq3b3ful0']
[2023-03-29T02:14:00.569+0000] {standard_task_runner.py:83} INFO - Job 78: Subtask run_after_loop
[2023-03-29T02:14:00.634+0000] {task_command.py:389} INFO - Running <TaskInstance: example_bash_operator.run_after_loop scheduled__2023-03-28T00:00:00+00:00 [running]> on host vibrdairflow.tciw5gv3lhjetcyg0kqzfvdylc.hx.internal.cloudapp.net
[2023-03-29T02:14:00.699+0000] {taskinstance.py:1511} INFO - Exporting the following env vars:
AIRFLOW_CTX_DAG_OWNER=airflow
AIRFLOW_CTX_DAG_ID=example_bash_operator
AIRFLOW_CTX_TASK_ID=run_after_loop
AIRFLOW_CTX_EXECUTION_DATE=2023-03-28T00:00:00+00:00
AIRFLOW_CTX_TRY_NUMBER=1
AIRFLOW_CTX_DAG_RUN_ID=scheduled__2023-03-28T00:00:00+00:00
[2023-03-29T02:14:00.700+0000] {subprocess.py:63} INFO - Tmp dir root location: 
 /tmp
[2023-03-29T02:14:00.701+0000] {subprocess.py:75} INFO - Running command: ['/bin/bash', '-c', 'echo 1']
[2023-03-29T02:14:00.709+0000] {subprocess.py:86} INFO - Output:
[2023-03-29T02:14:00.711+0000] {subprocess.py:93} INFO - 1
[2023-03-29T02:14:00.711+0000] {subprocess.py:97} INFO - Command exited with return code 0
[2023-03-29T02:14:00.745+0000] {taskinstance.py:1322} INFO - Marking task as SUCCESS. dag_id=example_bash_operator, task_id=run_after_loop, execution_date=20230328T000000, start_date=20230329T021400, end_date=20230329T021400
[2023-03-29T02:14:00.779+0000] {local_task_job.py:159} INFO - Task exited with return code 0
[2023-03-29T02:14:00.793+0000] {taskinstance.py:2582} INFO - 0 downstream tasks scheduled from follow-on schedule check
