[2023-03-27T06:52:37.221+0000] {taskinstance.py:1087} INFO - Dependencies all met for <TaskInstance: example_bash_operator.also_run_this scheduled__2023-03-26T00:00:00+00:00 [queued]>
[2023-03-27T06:52:37.229+0000] {taskinstance.py:1087} INFO - Dependencies all met for <TaskInstance: example_bash_operator.also_run_this scheduled__2023-03-26T00:00:00+00:00 [queued]>
[2023-03-27T06:52:37.229+0000] {taskinstance.py:1283} INFO - 
--------------------------------------------------------------------------------
[2023-03-27T06:52:37.229+0000] {taskinstance.py:1284} INFO - Starting attempt 1 of 1
[2023-03-27T06:52:37.229+0000] {taskinstance.py:1285} INFO - 
--------------------------------------------------------------------------------
[2023-03-27T06:52:37.252+0000] {taskinstance.py:1304} INFO - Executing <Task(BashOperator): also_run_this> on 2023-03-26 00:00:00+00:00
[2023-03-27T06:52:37.256+0000] {standard_task_runner.py:55} INFO - Started process 38488 to run task
[2023-03-27T06:52:37.262+0000] {standard_task_runner.py:82} INFO - Running: ['airflow', 'tasks', 'run', 'example_bash_operator', 'also_run_this', 'scheduled__2023-03-26T00:00:00+00:00', '--job-id', '56', '--raw', '--subdir', '/home/azureuser/.local/lib/python3.8/site-packages/airflow/example_dags/example_bash_operator.py', '--cfg-path', '/tmp/tmpn0x22e4l']
[2023-03-27T06:52:37.264+0000] {standard_task_runner.py:83} INFO - Job 56: Subtask also_run_this
[2023-03-27T06:52:37.352+0000] {task_command.py:389} INFO - Running <TaskInstance: example_bash_operator.also_run_this scheduled__2023-03-26T00:00:00+00:00 [running]> on host vibrdairflow.tciw5gv3lhjetcyg0kqzfvdylc.hx.internal.cloudapp.net
[2023-03-27T06:52:37.432+0000] {taskinstance.py:1511} INFO - Exporting the following env vars:
AIRFLOW_CTX_DAG_OWNER=airflow
AIRFLOW_CTX_DAG_ID=example_bash_operator
AIRFLOW_CTX_TASK_ID=also_run_this
AIRFLOW_CTX_EXECUTION_DATE=2023-03-26T00:00:00+00:00
AIRFLOW_CTX_TRY_NUMBER=1
AIRFLOW_CTX_DAG_RUN_ID=scheduled__2023-03-26T00:00:00+00:00
[2023-03-27T06:52:37.433+0000] {subprocess.py:63} INFO - Tmp dir root location: 
 /tmp
[2023-03-27T06:52:37.434+0000] {subprocess.py:75} INFO - Running command: ['/bin/bash', '-c', 'echo "ti_key=example_bash_operator__also_run_this__20230326"']
[2023-03-27T06:52:37.441+0000] {subprocess.py:86} INFO - Output:
[2023-03-27T06:52:37.443+0000] {subprocess.py:93} INFO - ti_key=example_bash_operator__also_run_this__20230326
[2023-03-27T06:52:37.444+0000] {subprocess.py:97} INFO - Command exited with return code 0
[2023-03-27T06:52:37.473+0000] {taskinstance.py:1322} INFO - Marking task as SUCCESS. dag_id=example_bash_operator, task_id=also_run_this, execution_date=20230326T000000, start_date=20230327T065237, end_date=20230327T065237
[2023-03-27T06:52:37.513+0000] {local_task_job.py:159} INFO - Task exited with return code 0
[2023-03-27T06:52:37.539+0000] {taskinstance.py:2582} INFO - 0 downstream tasks scheduled from follow-on schedule check
