[2023-03-29T08:41:13.509+0000] {taskinstance.py:1087} INFO - Dependencies all met for <TaskInstance: docker_sample.sleep scheduled__2023-03-28T20:00:00+00:00 [queued]>
[2023-03-29T08:41:13.516+0000] {taskinstance.py:1087} INFO - Dependencies all met for <TaskInstance: docker_sample.sleep scheduled__2023-03-28T20:00:00+00:00 [queued]>
[2023-03-29T08:41:13.517+0000] {taskinstance.py:1283} INFO - 
--------------------------------------------------------------------------------
[2023-03-29T08:41:13.517+0000] {taskinstance.py:1284} INFO - Starting attempt 1 of 4
[2023-03-29T08:41:13.517+0000] {taskinstance.py:1285} INFO - 
--------------------------------------------------------------------------------
[2023-03-29T08:41:13.541+0000] {taskinstance.py:1304} INFO - Executing <Task(BashOperator): sleep> on 2023-03-28 20:00:00+00:00
[2023-03-29T08:41:13.545+0000] {standard_task_runner.py:55} INFO - Started process 155935 to run task
[2023-03-29T08:41:13.550+0000] {standard_task_runner.py:82} INFO - Running: ['airflow', 'tasks', 'run', 'docker_sample', 'sleep', 'scheduled__2023-03-28T20:00:00+00:00', '--job-id', '1214', '--raw', '--subdir', 'DAGS_FOLDER/test_docker_operator.py', '--cfg-path', '/tmp/tmpbe9f_de0']
[2023-03-29T08:41:13.551+0000] {standard_task_runner.py:83} INFO - Job 1214: Subtask sleep
[2023-03-29T08:41:13.620+0000] {task_command.py:389} INFO - Running <TaskInstance: docker_sample.sleep scheduled__2023-03-28T20:00:00+00:00 [running]> on host vibrdairflow.tciw5gv3lhjetcyg0kqzfvdylc.hx.internal.cloudapp.net
[2023-03-29T08:41:13.711+0000] {taskinstance.py:1511} INFO - Exporting the following env vars:
AIRFLOW_CTX_DAG_EMAIL=airflow@example.com
AIRFLOW_CTX_DAG_OWNER=airflow
AIRFLOW_CTX_DAG_ID=docker_sample
AIRFLOW_CTX_TASK_ID=sleep
AIRFLOW_CTX_EXECUTION_DATE=2023-03-28T20:00:00+00:00
AIRFLOW_CTX_TRY_NUMBER=1
AIRFLOW_CTX_DAG_RUN_ID=scheduled__2023-03-28T20:00:00+00:00
[2023-03-29T08:41:13.713+0000] {subprocess.py:63} INFO - Tmp dir root location: 
 /tmp
[2023-03-29T08:41:13.714+0000] {subprocess.py:75} INFO - Running command: ['/bin/bash', '-c', 'sleep 5']
[2023-03-29T08:41:13.723+0000] {subprocess.py:86} INFO - Output:
[2023-03-29T08:41:18.727+0000] {subprocess.py:97} INFO - Command exited with return code 0
[2023-03-29T08:41:18.771+0000] {taskinstance.py:1322} INFO - Marking task as SUCCESS. dag_id=docker_sample, task_id=sleep, execution_date=20230328T200000, start_date=20230329T084113, end_date=20230329T084118
[2023-03-29T08:41:18.819+0000] {local_task_job.py:159} INFO - Task exited with return code 0
[2023-03-29T08:41:18.828+0000] {taskinstance.py:2582} INFO - 0 downstream tasks scheduled from follow-on schedule check
