[2023-03-29T07:10:16.835+0000] {taskinstance.py:1087} INFO - Dependencies all met for <TaskInstance: docker_sample.sleep scheduled__2023-03-27T20:00:00+00:00 [queued]>
[2023-03-29T07:10:16.842+0000] {taskinstance.py:1087} INFO - Dependencies all met for <TaskInstance: docker_sample.sleep scheduled__2023-03-27T20:00:00+00:00 [queued]>
[2023-03-29T07:10:16.842+0000] {taskinstance.py:1283} INFO - 
--------------------------------------------------------------------------------
[2023-03-29T07:10:16.842+0000] {taskinstance.py:1284} INFO - Starting attempt 1 of 4
[2023-03-29T07:10:16.842+0000] {taskinstance.py:1285} INFO - 
--------------------------------------------------------------------------------
[2023-03-29T07:10:16.866+0000] {taskinstance.py:1304} INFO - Executing <Task(BashOperator): sleep> on 2023-03-27 20:00:00+00:00
[2023-03-29T07:10:16.869+0000] {standard_task_runner.py:55} INFO - Started process 376758 to run task
[2023-03-29T07:10:16.876+0000] {standard_task_runner.py:82} INFO - Running: ['airflow', 'tasks', 'run', 'docker_sample', 'sleep', 'scheduled__2023-03-27T20:00:00+00:00', '--job-id', '578', '--raw', '--subdir', 'DAGS_FOLDER/test_docker_operator.py', '--cfg-path', '/tmp/tmp_xl1ubkn']
[2023-03-29T07:10:16.878+0000] {standard_task_runner.py:83} INFO - Job 578: Subtask sleep
[2023-03-29T07:10:16.936+0000] {task_command.py:389} INFO - Running <TaskInstance: docker_sample.sleep scheduled__2023-03-27T20:00:00+00:00 [running]> on host vibrdairflow.tciw5gv3lhjetcyg0kqzfvdylc.hx.internal.cloudapp.net
[2023-03-29T07:10:17.033+0000] {taskinstance.py:1511} INFO - Exporting the following env vars:
AIRFLOW_CTX_DAG_EMAIL=airflow@example.com
AIRFLOW_CTX_DAG_OWNER=airflow
AIRFLOW_CTX_DAG_ID=docker_sample
AIRFLOW_CTX_TASK_ID=sleep
AIRFLOW_CTX_EXECUTION_DATE=2023-03-27T20:00:00+00:00
AIRFLOW_CTX_TRY_NUMBER=1
AIRFLOW_CTX_DAG_RUN_ID=scheduled__2023-03-27T20:00:00+00:00
[2023-03-29T07:10:17.038+0000] {subprocess.py:63} INFO - Tmp dir root location: 
 /tmp
[2023-03-29T07:10:17.038+0000] {subprocess.py:75} INFO - Running command: ['/bin/bash', '-c', 'sleep 5']
[2023-03-29T07:10:17.048+0000] {subprocess.py:86} INFO - Output:
