[2022-12-16T08:08:40.831+0000] {taskinstance.py:1087} INFO - Dependencies all met for <TaskInstance: example_bash_operator.run_after_loop manual__2022-12-16T08:06:23.260499+00:00 [queued]>
[2022-12-16T08:08:40.836+0000] {taskinstance.py:1087} INFO - Dependencies all met for <TaskInstance: example_bash_operator.run_after_loop manual__2022-12-16T08:06:23.260499+00:00 [queued]>
[2022-12-16T08:08:40.836+0000] {taskinstance.py:1283} INFO - 
--------------------------------------------------------------------------------
[2022-12-16T08:08:40.836+0000] {taskinstance.py:1284} INFO - Starting attempt 1 of 1
[2022-12-16T08:08:40.836+0000] {taskinstance.py:1285} INFO - 
--------------------------------------------------------------------------------
[2022-12-16T08:08:40.861+0000] {taskinstance.py:1304} INFO - Executing <Task(BashOperator): run_after_loop> on 2022-12-16 08:06:23.260499+00:00
[2022-12-16T08:08:40.864+0000] {standard_task_runner.py:55} INFO - Started process 46602 to run task
[2022-12-16T08:08:40.868+0000] {standard_task_runner.py:82} INFO - Running: ['airflow', 'tasks', 'run', 'example_bash_operator', 'run_after_loop', 'manual__2022-12-16T08:06:23.260499+00:00', '--job-id', '15', '--raw', '--subdir', '/home/azureuser/.local/lib/python3.8/site-packages/airflow/example_dags/example_bash_operator.py', '--cfg-path', '/tmp/tmpz758sph_']
[2022-12-16T08:08:40.870+0000] {standard_task_runner.py:83} INFO - Job 15: Subtask run_after_loop
[2022-12-16T08:08:40.925+0000] {task_command.py:389} INFO - Running <TaskInstance: example_bash_operator.run_after_loop manual__2022-12-16T08:06:23.260499+00:00 [running]> on host vibrdairflow.tciw5gv3lhjetcyg0kqzfvdylc.hx.internal.cloudapp.net
[2022-12-16T08:08:40.991+0000] {taskinstance.py:1511} INFO - Exporting the following env vars:
AIRFLOW_CTX_DAG_OWNER=airflow
AIRFLOW_CTX_DAG_ID=example_bash_operator
AIRFLOW_CTX_TASK_ID=run_after_loop
AIRFLOW_CTX_EXECUTION_DATE=2022-12-16T08:06:23.260499+00:00
AIRFLOW_CTX_TRY_NUMBER=1
AIRFLOW_CTX_DAG_RUN_ID=manual__2022-12-16T08:06:23.260499+00:00
[2022-12-16T08:08:40.992+0000] {subprocess.py:63} INFO - Tmp dir root location: 
 /tmp
[2022-12-16T08:08:40.993+0000] {subprocess.py:75} INFO - Running command: ['/bin/bash', '-c', 'echo 1']
[2022-12-16T08:08:40.999+0000] {subprocess.py:86} INFO - Output:
[2022-12-16T08:08:41.001+0000] {subprocess.py:93} INFO - 1
[2022-12-16T08:08:41.001+0000] {subprocess.py:97} INFO - Command exited with return code 0
[2022-12-16T08:08:41.032+0000] {taskinstance.py:1322} INFO - Marking task as SUCCESS. dag_id=example_bash_operator, task_id=run_after_loop, execution_date=20221216T080623, start_date=20221216T080840, end_date=20221216T080841
[2022-12-16T08:08:41.080+0000] {local_task_job.py:159} INFO - Task exited with return code 0
[2022-12-16T08:08:41.111+0000] {taskinstance.py:2582} INFO - 0 downstream tasks scheduled from follow-on schedule check
