[2023-03-29T08:06:14.608+0000] {processor.py:153} INFO - Started process (PID=87313) to work on /home/azureuser/airflow/dags/dbt_docker_operator.py
[2023-03-29T08:06:14.609+0000] {processor.py:743} INFO - Processing file /home/azureuser/airflow/dags/dbt_docker_operator.py for tasks to queue
[2023-03-29T08:06:14.610+0000] {logging_mixin.py:137} INFO - [2023-03-29T08:06:14.610+0000] {dagbag.py:538} INFO - Filling up the DagBag from /home/azureuser/airflow/dags/dbt_docker_operator.py
[2023-03-29T08:06:14.660+0000] {processor.py:753} INFO - DAG(s) dict_keys(['docker_sample']) retrieved from /home/azureuser/airflow/dags/dbt_docker_operator.py
[2023-03-29T08:06:14.714+0000] {logging_mixin.py:137} INFO - [2023-03-29T08:06:14.714+0000] {dag.py:2676} INFO - Sync 1 DAGs
[2023-03-29T08:06:14.731+0000] {logging_mixin.py:137} INFO - [2023-03-29T08:06:14.731+0000] {dag.py:3423} INFO - Setting next_dagrun for docker_sample to 2023-03-28T07:00:00+00:00, run_after=2023-03-28T07:10:00+00:00
[2023-03-29T08:06:14.769+0000] {processor.py:175} INFO - Processing /home/azureuser/airflow/dags/dbt_docker_operator.py took 0.166 seconds
[2023-03-29T08:12:27.807+0000] {processor.py:153} INFO - Started process (PID=101692) to work on /home/azureuser/airflow/dags/dbt_docker_operator.py
[2023-03-29T08:12:27.809+0000] {processor.py:743} INFO - Processing file /home/azureuser/airflow/dags/dbt_docker_operator.py for tasks to queue
[2023-03-29T08:12:27.810+0000] {logging_mixin.py:137} INFO - [2023-03-29T08:12:27.810+0000] {dagbag.py:538} INFO - Filling up the DagBag from /home/azureuser/airflow/dags/dbt_docker_operator.py
[2023-03-29T08:12:27.864+0000] {processor.py:753} INFO - DAG(s) dict_keys(['dbt_maturity_docker_run']) retrieved from /home/azureuser/airflow/dags/dbt_docker_operator.py
[2023-03-29T08:12:28.016+0000] {logging_mixin.py:137} INFO - [2023-03-29T08:12:28.016+0000] {manager.py:504} INFO - Created Permission View: can read on DAG:dbt_maturity_docker_run
[2023-03-29T08:12:28.036+0000] {logging_mixin.py:137} INFO - [2023-03-29T08:12:28.035+0000] {manager.py:504} INFO - Created Permission View: can delete on DAG:dbt_maturity_docker_run
[2023-03-29T08:12:28.056+0000] {logging_mixin.py:137} INFO - [2023-03-29T08:12:28.055+0000] {manager.py:504} INFO - Created Permission View: can edit on DAG:dbt_maturity_docker_run
[2023-03-29T08:12:28.057+0000] {logging_mixin.py:137} INFO - [2023-03-29T08:12:28.056+0000] {dag.py:2676} INFO - Sync 1 DAGs
[2023-03-29T08:12:28.071+0000] {logging_mixin.py:137} INFO - [2023-03-29T08:12:28.071+0000] {dag.py:2697} INFO - Creating ORM DAG for dbt_maturity_docker_run
[2023-03-29T08:12:28.082+0000] {logging_mixin.py:137} INFO - [2023-03-29T08:12:28.082+0000] {dag.py:3423} INFO - Setting next_dagrun for dbt_maturity_docker_run to 2023-03-27T00:00:00+00:00, run_after=2023-03-27T00:00:00+00:00
[2023-03-29T08:12:28.113+0000] {processor.py:175} INFO - Processing /home/azureuser/airflow/dags/dbt_docker_operator.py took 0.309 seconds
[2023-03-29T08:22:20.366+0000] {processor.py:153} INFO - Started process (PID=118112) to work on /home/azureuser/airflow/dags/dbt_docker_operator.py
[2023-03-29T08:22:20.368+0000] {processor.py:743} INFO - Processing file /home/azureuser/airflow/dags/dbt_docker_operator.py for tasks to queue
[2023-03-29T08:22:20.369+0000] {logging_mixin.py:137} INFO - [2023-03-29T08:22:20.369+0000] {dagbag.py:538} INFO - Filling up the DagBag from /home/azureuser/airflow/dags/dbt_docker_operator.py
[2023-03-29T08:22:20.413+0000] {processor.py:753} INFO - DAG(s) dict_keys(['dbt_maturity_docker_run']) retrieved from /home/azureuser/airflow/dags/dbt_docker_operator.py
[2023-03-29T08:22:20.435+0000] {logging_mixin.py:137} INFO - [2023-03-29T08:22:20.434+0000] {dag.py:2676} INFO - Sync 1 DAGs
[2023-03-29T08:22:20.453+0000] {logging_mixin.py:137} INFO - [2023-03-29T08:22:20.453+0000] {dag.py:3423} INFO - Setting next_dagrun for dbt_maturity_docker_run to None, run_after=None
[2023-03-29T08:22:20.495+0000] {processor.py:175} INFO - Processing /home/azureuser/airflow/dags/dbt_docker_operator.py took 0.133 seconds
[2023-03-29T08:30:55.888+0000] {processor.py:153} INFO - Started process (PID=134884) to work on /home/azureuser/airflow/dags/dbt_docker_operator.py
[2023-03-29T08:30:55.889+0000] {processor.py:743} INFO - Processing file /home/azureuser/airflow/dags/dbt_docker_operator.py for tasks to queue
[2023-03-29T08:30:55.890+0000] {logging_mixin.py:137} INFO - [2023-03-29T08:30:55.890+0000] {dagbag.py:538} INFO - Filling up the DagBag from /home/azureuser/airflow/dags/dbt_docker_operator.py
[2023-03-29T08:30:55.930+0000] {processor.py:753} INFO - DAG(s) dict_keys(['dbt_maturity_docker_run']) retrieved from /home/azureuser/airflow/dags/dbt_docker_operator.py
[2023-03-29T08:30:55.955+0000] {logging_mixin.py:137} INFO - [2023-03-29T08:30:55.955+0000] {dag.py:2676} INFO - Sync 1 DAGs
[2023-03-29T08:30:55.973+0000] {logging_mixin.py:137} INFO - [2023-03-29T08:30:55.973+0000] {dag.py:3423} INFO - Setting next_dagrun for dbt_maturity_docker_run to None, run_after=None
[2023-03-29T08:30:56.002+0000] {processor.py:175} INFO - Processing /home/azureuser/airflow/dags/dbt_docker_operator.py took 0.118 seconds
[2023-03-29T08:39:11.486+0000] {processor.py:153} INFO - Started process (PID=151436) to work on /home/azureuser/airflow/dags/dbt_docker_operator.py
[2023-03-29T08:39:11.488+0000] {processor.py:743} INFO - Processing file /home/azureuser/airflow/dags/dbt_docker_operator.py for tasks to queue
[2023-03-29T08:39:11.489+0000] {logging_mixin.py:137} INFO - [2023-03-29T08:39:11.489+0000] {dagbag.py:538} INFO - Filling up the DagBag from /home/azureuser/airflow/dags/dbt_docker_operator.py
[2023-03-29T08:39:11.542+0000] {processor.py:753} INFO - DAG(s) dict_keys(['dbt_maturity_docker_run']) retrieved from /home/azureuser/airflow/dags/dbt_docker_operator.py
[2023-03-29T08:39:11.592+0000] {logging_mixin.py:137} INFO - [2023-03-29T08:39:11.592+0000] {dag.py:2676} INFO - Sync 1 DAGs
[2023-03-29T08:39:11.608+0000] {logging_mixin.py:137} INFO - [2023-03-29T08:39:11.608+0000] {dag.py:3423} INFO - Setting next_dagrun for dbt_maturity_docker_run to None, run_after=None
[2023-03-29T08:39:11.642+0000] {processor.py:175} INFO - Processing /home/azureuser/airflow/dags/dbt_docker_operator.py took 0.160 seconds
[2023-03-29T08:47:03.463+0000] {processor.py:153} INFO - Started process (PID=167859) to work on /home/azureuser/airflow/dags/dbt_docker_operator.py
[2023-03-29T08:47:03.467+0000] {processor.py:743} INFO - Processing file /home/azureuser/airflow/dags/dbt_docker_operator.py for tasks to queue
[2023-03-29T08:47:03.468+0000] {logging_mixin.py:137} INFO - [2023-03-29T08:47:03.468+0000] {dagbag.py:538} INFO - Filling up the DagBag from /home/azureuser/airflow/dags/dbt_docker_operator.py
[2023-03-29T08:47:03.510+0000] {processor.py:753} INFO - DAG(s) dict_keys(['dbt_maturity_docker_run']) retrieved from /home/azureuser/airflow/dags/dbt_docker_operator.py
[2023-03-29T08:47:03.536+0000] {logging_mixin.py:137} INFO - [2023-03-29T08:47:03.536+0000] {dag.py:2676} INFO - Sync 1 DAGs
[2023-03-29T08:47:03.556+0000] {logging_mixin.py:137} INFO - [2023-03-29T08:47:03.556+0000] {dag.py:3423} INFO - Setting next_dagrun for dbt_maturity_docker_run to None, run_after=None
[2023-03-29T08:47:03.585+0000] {processor.py:175} INFO - Processing /home/azureuser/airflow/dags/dbt_docker_operator.py took 0.127 seconds
[2023-03-29T08:54:41.978+0000] {processor.py:153} INFO - Started process (PID=182575) to work on /home/azureuser/airflow/dags/dbt_docker_operator.py
[2023-03-29T08:54:41.980+0000] {processor.py:743} INFO - Processing file /home/azureuser/airflow/dags/dbt_docker_operator.py for tasks to queue
[2023-03-29T08:54:41.980+0000] {logging_mixin.py:137} INFO - [2023-03-29T08:54:41.980+0000] {dagbag.py:538} INFO - Filling up the DagBag from /home/azureuser/airflow/dags/dbt_docker_operator.py
[2023-03-29T08:54:42.021+0000] {processor.py:753} INFO - DAG(s) dict_keys(['dbt_maturity_docker_run']) retrieved from /home/azureuser/airflow/dags/dbt_docker_operator.py
[2023-03-29T08:54:42.044+0000] {logging_mixin.py:137} INFO - [2023-03-29T08:54:42.044+0000] {dag.py:2676} INFO - Sync 1 DAGs
[2023-03-29T08:54:42.065+0000] {logging_mixin.py:137} INFO - [2023-03-29T08:54:42.065+0000] {dag.py:3423} INFO - Setting next_dagrun for dbt_maturity_docker_run to None, run_after=None
[2023-03-29T08:54:42.093+0000] {processor.py:175} INFO - Processing /home/azureuser/airflow/dags/dbt_docker_operator.py took 0.119 seconds
[2023-03-29T09:02:03.082+0000] {processor.py:153} INFO - Started process (PID=196644) to work on /home/azureuser/airflow/dags/dbt_docker_operator.py
[2023-03-29T09:02:03.085+0000] {processor.py:743} INFO - Processing file /home/azureuser/airflow/dags/dbt_docker_operator.py for tasks to queue
[2023-03-29T09:02:03.086+0000] {logging_mixin.py:137} INFO - [2023-03-29T09:02:03.086+0000] {dagbag.py:538} INFO - Filling up the DagBag from /home/azureuser/airflow/dags/dbt_docker_operator.py
[2023-03-29T09:02:03.135+0000] {processor.py:753} INFO - DAG(s) dict_keys(['dbt_maturity_docker_run']) retrieved from /home/azureuser/airflow/dags/dbt_docker_operator.py
[2023-03-29T09:02:03.166+0000] {logging_mixin.py:137} INFO - [2023-03-29T09:02:03.165+0000] {dag.py:2676} INFO - Sync 1 DAGs
[2023-03-29T09:02:03.185+0000] {logging_mixin.py:137} INFO - [2023-03-29T09:02:03.185+0000] {dag.py:3423} INFO - Setting next_dagrun for dbt_maturity_docker_run to None, run_after=None
[2023-03-29T09:02:03.220+0000] {processor.py:175} INFO - Processing /home/azureuser/airflow/dags/dbt_docker_operator.py took 0.142 seconds
