[2023-03-29T08:40:53.782+0000] {taskinstance.py:1087} INFO - Dependencies all met for <TaskInstance: docker_sample.sleep scheduled__2023-03-28T19:50:00+00:00 [queued]>
[2023-03-29T08:40:53.789+0000] {taskinstance.py:1087} INFO - Dependencies all met for <TaskInstance: docker_sample.sleep scheduled__2023-03-28T19:50:00+00:00 [queued]>
[2023-03-29T08:40:53.789+0000] {taskinstance.py:1283} INFO - 
--------------------------------------------------------------------------------
[2023-03-29T08:40:53.790+0000] {taskinstance.py:1284} INFO - Starting attempt 1 of 4
[2023-03-29T08:40:53.790+0000] {taskinstance.py:1285} INFO - 
--------------------------------------------------------------------------------
[2023-03-29T08:40:53.815+0000] {taskinstance.py:1304} INFO - Executing <Task(BashOperator): sleep> on 2023-03-28 19:50:00+00:00
[2023-03-29T08:40:53.818+0000] {standard_task_runner.py:55} INFO - Started process 155153 to run task
[2023-03-29T08:40:53.823+0000] {standard_task_runner.py:82} INFO - Running: ['airflow', 'tasks', 'run', 'docker_sample', 'sleep', 'scheduled__2023-03-28T19:50:00+00:00', '--job-id', '1210', '--raw', '--subdir', 'DAGS_FOLDER/test_docker_operator.py', '--cfg-path', '/tmp/tmp_tcnvf1v']
[2023-03-29T08:40:53.825+0000] {standard_task_runner.py:83} INFO - Job 1210: Subtask sleep
[2023-03-29T08:40:53.892+0000] {task_command.py:389} INFO - Running <TaskInstance: docker_sample.sleep scheduled__2023-03-28T19:50:00+00:00 [running]> on host vibrdairflow.tciw5gv3lhjetcyg0kqzfvdylc.hx.internal.cloudapp.net
[2023-03-29T08:40:54.022+0000] {taskinstance.py:1511} INFO - Exporting the following env vars:
AIRFLOW_CTX_DAG_EMAIL=airflow@example.com
AIRFLOW_CTX_DAG_OWNER=airflow
AIRFLOW_CTX_DAG_ID=docker_sample
AIRFLOW_CTX_TASK_ID=sleep
AIRFLOW_CTX_EXECUTION_DATE=2023-03-28T19:50:00+00:00
AIRFLOW_CTX_TRY_NUMBER=1
AIRFLOW_CTX_DAG_RUN_ID=scheduled__2023-03-28T19:50:00+00:00
[2023-03-29T08:40:54.024+0000] {subprocess.py:63} INFO - Tmp dir root location: 
 /tmp
[2023-03-29T08:40:54.025+0000] {subprocess.py:75} INFO - Running command: ['/bin/bash', '-c', 'sleep 5']
[2023-03-29T08:40:54.042+0000] {subprocess.py:86} INFO - Output:
[2023-03-29T08:40:59.047+0000] {subprocess.py:97} INFO - Command exited with return code 0
[2023-03-29T08:40:59.080+0000] {taskinstance.py:1322} INFO - Marking task as SUCCESS. dag_id=docker_sample, task_id=sleep, execution_date=20230328T195000, start_date=20230329T084053, end_date=20230329T084059
[2023-03-29T08:40:59.125+0000] {local_task_job.py:159} INFO - Task exited with return code 0
[2023-03-29T08:40:59.137+0000] {taskinstance.py:2582} INFO - 0 downstream tasks scheduled from follow-on schedule check
