[2023-03-29T08:21:30.531+0000] {taskinstance.py:1087} INFO - Dependencies all met for <TaskInstance: dbt_maturity_docker_run.dbt_run manual__2023-03-29T08:14:54.241107+00:00 [queued]>
[2023-03-29T08:21:30.538+0000] {taskinstance.py:1087} INFO - Dependencies all met for <TaskInstance: dbt_maturity_docker_run.dbt_run manual__2023-03-29T08:14:54.241107+00:00 [queued]>
[2023-03-29T08:21:30.538+0000] {taskinstance.py:1283} INFO - 
--------------------------------------------------------------------------------
[2023-03-29T08:21:30.538+0000] {taskinstance.py:1284} INFO - Starting attempt 1 of 2
[2023-03-29T08:21:30.538+0000] {taskinstance.py:1285} INFO - 
--------------------------------------------------------------------------------
[2023-03-29T08:21:30.564+0000] {taskinstance.py:1304} INFO - Executing <Task(DockerOperator): dbt_run> on 2023-03-29 08:14:54.241107+00:00
[2023-03-29T08:21:30.568+0000] {standard_task_runner.py:55} INFO - Started process 116828 to run task
[2023-03-29T08:21:30.574+0000] {standard_task_runner.py:82} INFO - Running: ['airflow', 'tasks', 'run', 'dbt_maturity_docker_run', 'dbt_run', 'manual__2023-03-29T08:14:54.241107+00:00', '--job-id', '990', '--raw', '--subdir', 'DAGS_FOLDER/dbt_docker_operator.py', '--cfg-path', '/tmp/tmp_ns47sxt']
[2023-03-29T08:21:30.575+0000] {standard_task_runner.py:83} INFO - Job 990: Subtask dbt_run
[2023-03-29T08:21:30.639+0000] {task_command.py:389} INFO - Running <TaskInstance: dbt_maturity_docker_run.dbt_run manual__2023-03-29T08:14:54.241107+00:00 [running]> on host vibrdairflow.tciw5gv3lhjetcyg0kqzfvdylc.hx.internal.cloudapp.net
[2023-03-29T08:21:30.728+0000] {taskinstance.py:1511} INFO - Exporting the following env vars:
AIRFLOW_CTX_DAG_EMAIL=tan.phamduy@vib.com.vn
AIRFLOW_CTX_DAG_OWNER=tan
AIRFLOW_CTX_DAG_ID=dbt_maturity_docker_run
AIRFLOW_CTX_TASK_ID=dbt_run
AIRFLOW_CTX_EXECUTION_DATE=2023-03-29T08:14:54.241107+00:00
AIRFLOW_CTX_TRY_NUMBER=1
AIRFLOW_CTX_DAG_RUN_ID=manual__2023-03-29T08:14:54.241107+00:00
[2023-03-29T08:21:30.741+0000] {docker.py:306} INFO - Starting docker container from image tanphamduy/dbt-maturity:latest
[2023-03-29T08:21:30.750+0000] {docker.py:314} WARNING - Using remote engine or docker-in-docker and mounting temporary volume from host is not supported. Falling back to `mount_tmp_dir=False` mode. You can set `mount_tmp_dir` parameter to False to disable mounting and remove the warning
[2023-03-29T08:21:34.604+0000] {docker.py:373} INFO - [0m08:21:34  Running with dbt=1.4.5
[2023-03-29T08:21:34.638+0000] {docker.py:373} INFO - [0m08:21:34  Unable to do partial parsing because saved manifest not found. Starting full parse.
[2023-03-29T08:21:36.262+0000] {docker.py:373} INFO - [0m08:21:36  Found 11 models, 20 tests, 0 snapshots, 0 analyses, 495 macros, 1 operation, 6 seed files, 6 sources, 1 exposure, 0 metrics
[2023-03-29T08:21:36.265+0000] {docker.py:373} INFO - [0m08:21:36
[2023-03-29T08:21:39.182+0000] {docker.py:373} INFO - [0m08:21:39  Concurrency: 2 threads (target='prod')
[0m08:21:39
[2023-03-29T08:21:39.210+0000] {docker.py:373} INFO - [0m08:21:39  1 of 11 START sql view model STAGING.stg_claim_diagnosis ....................... [RUN]
[2023-03-29T08:21:39.211+0000] {docker.py:373} INFO - [0m08:21:39  2 of 11 START sql view model STAGING.stg_claim_lines ........................... [RUN]
[2023-03-29T08:21:40.613+0000] {docker.py:373} INFO - [0m08:21:40  2 of 11 OK created sql view model STAGING.stg_claim_lines ...................... [[32mOK[0m in 1.39s]
[2023-03-29T08:21:40.616+0000] {docker.py:373} INFO - [0m08:21:40  3 of 11 START sql view model STAGING.stg_claims ................................ [RUN]
[2023-03-29T08:21:40.623+0000] {docker.py:373} INFO - [0m08:21:40  1 of 11 OK created sql view model STAGING.stg_claim_diagnosis .................. [[32mOK[0m in 1.41s]
[2023-03-29T08:21:40.624+0000] {docker.py:373} INFO - [0m08:21:40  4 of 11 START sql view model STAGING.stg_doc_specialties ....................... [RUN]
[2023-03-29T08:21:41.887+0000] {docker.py:373} INFO - [0m08:21:41  4 of 11 OK created sql view model STAGING.stg_doc_specialties .................. [[32mOK[0m in 1.26s]
[2023-03-29T08:21:41.895+0000] {docker.py:373} INFO - [0m08:21:41  5 of 11 START sql view model STAGING.stg_doctors ............................... [RUN]
[2023-03-29T08:21:41.956+0000] {docker.py:373} INFO - [0m08:21:41  3 of 11 OK created sql view model STAGING.stg_claims ........................... [[32mOK[0m in 1.34s]
[2023-03-29T08:21:41.957+0000] {docker.py:373} INFO - [0m08:21:41  6 of 11 START sql view model STAGING.stg_patients .............................. [RUN]
[2023-03-29T08:21:43.232+0000] {docker.py:373} INFO - [0m08:21:43  5 of 11 OK created sql view model STAGING.stg_doctors .......................... [[32mOK[0m in 1.34s]
[2023-03-29T08:21:43.233+0000] {docker.py:373} INFO - [0m08:21:43  7 of 11 START sql table model BILLING_ANALYTICS.int_billed_claim_amounts ....... [RUN]
[2023-03-29T08:21:43.324+0000] {docker.py:373} INFO - [0m08:21:43  6 of 11 OK created sql view model STAGING.stg_patients ......................... [[32mOK[0m in 1.36s]
[2023-03-29T08:21:43.326+0000] {docker.py:373} INFO - [0m08:21:43  8 of 11 START sql table model BILLING_ANALYTICS.int_claim_diagnosis_pivoted .... [RUN]
[2023-03-29T08:21:47.963+0000] {docker.py:373} INFO - [0m08:21:47  7 of 11 OK created sql table model BILLING_ANALYTICS.int_billed_claim_amounts .. [[32mOK[0m in 4.73s]
[2023-03-29T08:21:47.964+0000] {docker.py:373} INFO - [0m08:21:47  9 of 11 START sql table model BILLING_ANALYTICS.dim_doctors .................... [RUN]
[2023-03-29T08:21:48.043+0000] {docker.py:373} INFO - [0m08:21:48  8 of 11 OK created sql table model BILLING_ANALYTICS.int_claim_diagnosis_pivoted  [[32mOK[0m in 4.72s]
[2023-03-29T08:21:48.044+0000] {docker.py:373} INFO - [0m08:21:48  10 of 11 START sql table model BILLING_ANALYTICS.dim_patients .................. [RUN]
[2023-03-29T08:21:52.226+0000] {docker.py:373} INFO - [0m08:21:52  9 of 11 OK created sql table model BILLING_ANALYTICS.dim_doctors ............... [[32mOK[0m in 4.26s]
[2023-03-29T08:21:52.228+0000] {docker.py:373} INFO - [0m08:21:52  11 of 11 START sql incremental model BILLING_ANALYTICS.fct_billed_patient_claims  [RUN]
[2023-03-29T08:21:52.404+0000] {docker.py:373} INFO - [0m08:21:52  10 of 11 OK created sql table model BILLING_ANALYTICS.dim_patients ............. [[32mOK[0m in 4.36s]
[2023-03-29T08:22:01.022+0000] {docker.py:373} INFO - [0m08:22:01  11 of 11 OK created sql incremental model BILLING_ANALYTICS.fct_billed_patient_claims  [[32mOK[0m in 8.79s]
[2023-03-29T08:22:01.200+0000] {docker.py:373} INFO - [0m08:22:01
[2023-03-29T08:22:01.201+0000] {docker.py:373} INFO - [0m08:22:01  Running 1 on-run-end hook
[2023-03-29T08:22:01.204+0000] {docker.py:373} INFO - [0m08:22:01
[2023-03-29T08:22:01.217+0000] {docker.py:373} INFO - [0m08:22:01  Project Test Coverage: 81.82%
[2023-03-29T08:22:01.221+0000] {docker.py:373} INFO - [0m08:22:01  Project Test to Model Ratio: 1.818
[2023-03-29T08:22:01.221+0000] {docker.py:373} INFO - [0m08:22:01
[2023-03-29T08:22:01.222+0000] {docker.py:373} INFO - [0m08:22:01  1 of 1 START hook: dbt_maturity.on-run-end.0 ................................... [RUN]
[2023-03-29T08:22:01.222+0000] {docker.py:373} INFO - [0m08:22:01  1 of 1 OK hook: dbt_maturity.on-run-end.0 ...................................... [[32mOK[0m in 0.00s]
[2023-03-29T08:22:01.222+0000] {docker.py:373} INFO - [0m08:22:01
[2023-03-29T08:22:01.383+0000] {docker.py:373} INFO - [0m08:22:01
[2023-03-29T08:22:01.383+0000] {docker.py:373} INFO - [0m08:22:01  Finished running 6 view models, 4 table models, 1 incremental model, 1 hook in 0 hours 0 minutes and 25.12 seconds (25.12s).
[2023-03-29T08:22:01.402+0000] {docker.py:373} INFO - [0m08:22:01
[2023-03-29T08:22:01.403+0000] {docker.py:373} INFO - [0m08:22:01  [32mCompleted successfully[0m
[2023-03-29T08:22:01.403+0000] {docker.py:373} INFO - [0m08:22:01  
[0m08:22:01  Done. PASS=11 WARN=0 ERROR=0 SKIP=0 TOTAL=11
[2023-03-29T08:22:03.791+0000] {taskinstance.py:1322} INFO - Marking task as SUCCESS. dag_id=dbt_maturity_docker_run, task_id=dbt_run, execution_date=20230329T081454, start_date=20230329T082130, end_date=20230329T082203
[2023-03-29T08:22:03.839+0000] {local_task_job.py:159} INFO - Task exited with return code 0
[2023-03-29T08:22:03.879+0000] {taskinstance.py:2582} INFO - 1 downstream tasks scheduled from follow-on schedule check
