[2023-03-29T08:28:31.761+0000] {taskinstance.py:1087} INFO - Dependencies all met for <TaskInstance: docker_sample.print_hello scheduled__2023-03-28T14:20:00+00:00 [queued]>
[2023-03-29T08:28:31.767+0000] {taskinstance.py:1087} INFO - Dependencies all met for <TaskInstance: docker_sample.print_hello scheduled__2023-03-28T14:20:00+00:00 [queued]>
[2023-03-29T08:28:31.768+0000] {taskinstance.py:1283} INFO - 
--------------------------------------------------------------------------------
[2023-03-29T08:28:31.768+0000] {taskinstance.py:1284} INFO - Starting attempt 1 of 2
[2023-03-29T08:28:31.768+0000] {taskinstance.py:1285} INFO - 
--------------------------------------------------------------------------------
[2023-03-29T08:28:31.808+0000] {taskinstance.py:1304} INFO - Executing <Task(BashOperator): print_hello> on 2023-03-28 14:20:00+00:00
[2023-03-29T08:28:31.813+0000] {standard_task_runner.py:55} INFO - Started process 130361 to run task
[2023-03-29T08:28:31.818+0000] {standard_task_runner.py:82} INFO - Running: ['airflow', 'tasks', 'run', 'docker_sample', 'print_hello', 'scheduled__2023-03-28T14:20:00+00:00', '--job-id', '1072', '--raw', '--subdir', 'DAGS_FOLDER/test_docker_operator.py', '--cfg-path', '/tmp/tmpmm0ir55c']
[2023-03-29T08:28:31.819+0000] {standard_task_runner.py:83} INFO - Job 1072: Subtask print_hello
[2023-03-29T08:28:31.885+0000] {task_command.py:389} INFO - Running <TaskInstance: docker_sample.print_hello scheduled__2023-03-28T14:20:00+00:00 [running]> on host vibrdairflow.tciw5gv3lhjetcyg0kqzfvdylc.hx.internal.cloudapp.net
[2023-03-29T08:28:31.978+0000] {taskinstance.py:1511} INFO - Exporting the following env vars:
AIRFLOW_CTX_DAG_EMAIL=airflow@example.com
AIRFLOW_CTX_DAG_OWNER=airflow
AIRFLOW_CTX_DAG_ID=docker_sample
AIRFLOW_CTX_TASK_ID=print_hello
AIRFLOW_CTX_EXECUTION_DATE=2023-03-28T14:20:00+00:00
AIRFLOW_CTX_TRY_NUMBER=1
AIRFLOW_CTX_DAG_RUN_ID=scheduled__2023-03-28T14:20:00+00:00
[2023-03-29T08:28:31.981+0000] {subprocess.py:63} INFO - Tmp dir root location: 
 /tmp
[2023-03-29T08:28:31.981+0000] {subprocess.py:75} INFO - Running command: ['/bin/bash', '-c', 'echo "hello world!!!"']
[2023-03-29T08:28:31.992+0000] {subprocess.py:86} INFO - Output:
[2023-03-29T08:28:31.994+0000] {subprocess.py:93} INFO - hello world!!!
[2023-03-29T08:28:31.994+0000] {subprocess.py:97} INFO - Command exited with return code 0
[2023-03-29T08:28:32.028+0000] {taskinstance.py:1322} INFO - Marking task as SUCCESS. dag_id=docker_sample, task_id=print_hello, execution_date=20230328T142000, start_date=20230329T082831, end_date=20230329T082832
[2023-03-29T08:28:32.070+0000] {local_task_job.py:159} INFO - Task exited with return code 0
[2023-03-29T08:28:32.102+0000] {taskinstance.py:2582} INFO - 0 downstream tasks scheduled from follow-on schedule check
