[2023-03-29T04:37:28.359+0000] {taskinstance.py:1087} INFO - Dependencies all met for <TaskInstance: docker_sample.print_date scheduled__2023-03-27T01:50:00+00:00 [queued]>
[2023-03-29T04:37:28.365+0000] {taskinstance.py:1087} INFO - Dependencies all met for <TaskInstance: docker_sample.print_date scheduled__2023-03-27T01:50:00+00:00 [queued]>
[2023-03-29T04:37:28.365+0000] {taskinstance.py:1283} INFO - 
--------------------------------------------------------------------------------
[2023-03-29T04:37:28.365+0000] {taskinstance.py:1284} INFO - Starting attempt 1 of 2
[2023-03-29T04:37:28.365+0000] {taskinstance.py:1285} INFO - 
--------------------------------------------------------------------------------
[2023-03-29T04:37:28.395+0000] {taskinstance.py:1304} INFO - Executing <Task(BashOperator): print_date> on 2023-03-27 01:50:00+00:00
[2023-03-29T04:37:28.399+0000] {standard_task_runner.py:55} INFO - Started process 180011 to run task
[2023-03-29T04:37:28.408+0000] {standard_task_runner.py:82} INFO - Running: ['airflow', 'tasks', 'run', 'docker_sample', 'print_date', 'scheduled__2023-03-27T01:50:00+00:00', '--job-id', '120', '--raw', '--subdir', 'DAGS_FOLDER/test_docker_operator.py', '--cfg-path', '/tmp/tmpin5a6le3']
[2023-03-29T04:37:28.409+0000] {standard_task_runner.py:83} INFO - Job 120: Subtask print_date
[2023-03-29T04:37:28.474+0000] {task_command.py:389} INFO - Running <TaskInstance: docker_sample.print_date scheduled__2023-03-27T01:50:00+00:00 [running]> on host vibrdairflow.tciw5gv3lhjetcyg0kqzfvdylc.hx.internal.cloudapp.net
[2023-03-29T04:37:28.582+0000] {taskinstance.py:1511} INFO - Exporting the following env vars:
AIRFLOW_CTX_DAG_EMAIL=airflow@example.com
AIRFLOW_CTX_DAG_OWNER=airflow
AIRFLOW_CTX_DAG_ID=docker_sample
AIRFLOW_CTX_TASK_ID=print_date
AIRFLOW_CTX_EXECUTION_DATE=2023-03-27T01:50:00+00:00
AIRFLOW_CTX_TRY_NUMBER=1
AIRFLOW_CTX_DAG_RUN_ID=scheduled__2023-03-27T01:50:00+00:00
[2023-03-29T04:37:28.584+0000] {subprocess.py:63} INFO - Tmp dir root location: 
 /tmp
[2023-03-29T04:37:28.584+0000] {subprocess.py:75} INFO - Running command: ['/bin/bash', '-c', 'date']
[2023-03-29T04:37:28.596+0000] {subprocess.py:86} INFO - Output:
[2023-03-29T04:37:28.600+0000] {subprocess.py:93} INFO - Wed Mar 29 04:37:28 UTC 2023
[2023-03-29T04:37:28.600+0000] {subprocess.py:97} INFO - Command exited with return code 0
[2023-03-29T04:37:28.632+0000] {taskinstance.py:1322} INFO - Marking task as SUCCESS. dag_id=docker_sample, task_id=print_date, execution_date=20230327T015000, start_date=20230329T043728, end_date=20230329T043728
[2023-03-29T04:37:28.695+0000] {local_task_job.py:159} INFO - Task exited with return code 0
[2023-03-29T04:37:28.718+0000] {taskinstance.py:2582} INFO - 2 downstream tasks scheduled from follow-on schedule check
