[2023-03-29T08:34:54.674+0000] {taskinstance.py:1087} INFO - Dependencies all met for <TaskInstance: docker_sample.sleep scheduled__2023-03-28T17:20:00+00:00 [queued]>
[2023-03-29T08:34:54.681+0000] {taskinstance.py:1087} INFO - Dependencies all met for <TaskInstance: docker_sample.sleep scheduled__2023-03-28T17:20:00+00:00 [queued]>
[2023-03-29T08:34:54.681+0000] {taskinstance.py:1283} INFO - 
--------------------------------------------------------------------------------
[2023-03-29T08:34:54.681+0000] {taskinstance.py:1284} INFO - Starting attempt 1 of 4
[2023-03-29T08:34:54.681+0000] {taskinstance.py:1285} INFO - 
--------------------------------------------------------------------------------
[2023-03-29T08:34:54.710+0000] {taskinstance.py:1304} INFO - Executing <Task(BashOperator): sleep> on 2023-03-28 17:20:00+00:00
[2023-03-29T08:34:54.714+0000] {standard_task_runner.py:55} INFO - Started process 142581 to run task
[2023-03-29T08:34:54.719+0000] {standard_task_runner.py:82} INFO - Running: ['airflow', 'tasks', 'run', 'docker_sample', 'sleep', 'scheduled__2023-03-28T17:20:00+00:00', '--job-id', '1146', '--raw', '--subdir', 'DAGS_FOLDER/test_docker_operator.py', '--cfg-path', '/tmp/tmpji_iandz']
[2023-03-29T08:34:54.720+0000] {standard_task_runner.py:83} INFO - Job 1146: Subtask sleep
[2023-03-29T08:34:54.792+0000] {task_command.py:389} INFO - Running <TaskInstance: docker_sample.sleep scheduled__2023-03-28T17:20:00+00:00 [running]> on host vibrdairflow.tciw5gv3lhjetcyg0kqzfvdylc.hx.internal.cloudapp.net
[2023-03-29T08:34:54.894+0000] {taskinstance.py:1511} INFO - Exporting the following env vars:
AIRFLOW_CTX_DAG_EMAIL=airflow@example.com
AIRFLOW_CTX_DAG_OWNER=airflow
AIRFLOW_CTX_DAG_ID=docker_sample
AIRFLOW_CTX_TASK_ID=sleep
AIRFLOW_CTX_EXECUTION_DATE=2023-03-28T17:20:00+00:00
AIRFLOW_CTX_TRY_NUMBER=1
AIRFLOW_CTX_DAG_RUN_ID=scheduled__2023-03-28T17:20:00+00:00
[2023-03-29T08:34:54.896+0000] {subprocess.py:63} INFO - Tmp dir root location: 
 /tmp
[2023-03-29T08:34:54.897+0000] {subprocess.py:75} INFO - Running command: ['/bin/bash', '-c', 'sleep 5']
[2023-03-29T08:34:54.908+0000] {subprocess.py:86} INFO - Output:
[2023-03-29T08:34:59.913+0000] {subprocess.py:97} INFO - Command exited with return code 0
[2023-03-29T08:34:59.947+0000] {taskinstance.py:1322} INFO - Marking task as SUCCESS. dag_id=docker_sample, task_id=sleep, execution_date=20230328T172000, start_date=20230329T083454, end_date=20230329T083459
[2023-03-29T08:34:59.983+0000] {local_task_job.py:159} INFO - Task exited with return code 0
[2023-03-29T08:34:59.994+0000] {taskinstance.py:2582} INFO - 0 downstream tasks scheduled from follow-on schedule check
