[2023-03-29T08:29:37.460+0000] {taskinstance.py:1087} INFO - Dependencies all met for <TaskInstance: dbt_maturity_docker_run.print_finish manual__2023-03-29T08:28:30.589150+00:00 [queued]>
[2023-03-29T08:29:37.467+0000] {taskinstance.py:1087} INFO - Dependencies all met for <TaskInstance: dbt_maturity_docker_run.print_finish manual__2023-03-29T08:28:30.589150+00:00 [queued]>
[2023-03-29T08:29:37.468+0000] {taskinstance.py:1283} INFO - 
--------------------------------------------------------------------------------
[2023-03-29T08:29:37.468+0000] {taskinstance.py:1284} INFO - Starting attempt 1 of 2
[2023-03-29T08:29:37.468+0000] {taskinstance.py:1285} INFO - 
--------------------------------------------------------------------------------
[2023-03-29T08:29:37.492+0000] {taskinstance.py:1304} INFO - Executing <Task(BashOperator): print_finish> on 2023-03-29 08:28:30.589150+00:00
[2023-03-29T08:29:37.496+0000] {standard_task_runner.py:55} INFO - Started process 132407 to run task
[2023-03-29T08:29:37.503+0000] {standard_task_runner.py:82} INFO - Running: ['airflow', 'tasks', 'run', 'dbt_maturity_docker_run', 'print_finish', 'manual__2023-03-29T08:28:30.589150+00:00', '--job-id', '1079', '--raw', '--subdir', 'DAGS_FOLDER/dbt_docker_operator.py', '--cfg-path', '/tmp/tmpsqwwbgyt']
[2023-03-29T08:29:37.505+0000] {standard_task_runner.py:83} INFO - Job 1079: Subtask print_finish
[2023-03-29T08:29:37.570+0000] {task_command.py:389} INFO - Running <TaskInstance: dbt_maturity_docker_run.print_finish manual__2023-03-29T08:28:30.589150+00:00 [running]> on host vibrdairflow.tciw5gv3lhjetcyg0kqzfvdylc.hx.internal.cloudapp.net
[2023-03-29T08:29:37.654+0000] {taskinstance.py:1511} INFO - Exporting the following env vars:
AIRFLOW_CTX_DAG_EMAIL=tan.phamduy@vib.com.vn
AIRFLOW_CTX_DAG_OWNER=tan
AIRFLOW_CTX_DAG_ID=dbt_maturity_docker_run
AIRFLOW_CTX_TASK_ID=print_finish
AIRFLOW_CTX_EXECUTION_DATE=2023-03-29T08:28:30.589150+00:00
AIRFLOW_CTX_TRY_NUMBER=1
AIRFLOW_CTX_DAG_RUN_ID=manual__2023-03-29T08:28:30.589150+00:00
[2023-03-29T08:29:37.656+0000] {subprocess.py:63} INFO - Tmp dir root location: 
 /tmp
[2023-03-29T08:29:37.656+0000] {subprocess.py:75} INFO - Running command: ['/bin/bash', '-c', 'echo "Task is finished"']
[2023-03-29T08:29:37.667+0000] {subprocess.py:86} INFO - Output:
[2023-03-29T08:29:37.669+0000] {subprocess.py:93} INFO - Task is finished
[2023-03-29T08:29:37.671+0000] {subprocess.py:97} INFO - Command exited with return code 0
[2023-03-29T08:29:37.713+0000] {taskinstance.py:1322} INFO - Marking task as SUCCESS. dag_id=dbt_maturity_docker_run, task_id=print_finish, execution_date=20230329T082830, start_date=20230329T082937, end_date=20230329T082937
[2023-03-29T08:29:37.752+0000] {local_task_job.py:159} INFO - Task exited with return code 0
[2023-03-29T08:29:37.764+0000] {taskinstance.py:2582} INFO - 0 downstream tasks scheduled from follow-on schedule check
