[2023-03-29T08:22:25.381+0000] {taskinstance.py:1087} INFO - Dependencies all met for <TaskInstance: dbt_maturity_docker_run.print_finish scheduled__2023-03-27T00:00:00+00:00 [queued]>
[2023-03-29T08:22:25.387+0000] {taskinstance.py:1087} INFO - Dependencies all met for <TaskInstance: dbt_maturity_docker_run.print_finish scheduled__2023-03-27T00:00:00+00:00 [queued]>
[2023-03-29T08:22:25.388+0000] {taskinstance.py:1283} INFO - 
--------------------------------------------------------------------------------
[2023-03-29T08:22:25.388+0000] {taskinstance.py:1284} INFO - Starting attempt 1 of 2
[2023-03-29T08:22:25.388+0000] {taskinstance.py:1285} INFO - 
--------------------------------------------------------------------------------
[2023-03-29T08:22:25.411+0000] {taskinstance.py:1304} INFO - Executing <Task(BashOperator): print_finish> on 2023-03-27 00:00:00+00:00
[2023-03-29T08:22:25.417+0000] {standard_task_runner.py:55} INFO - Started process 118210 to run task
[2023-03-29T08:22:25.425+0000] {standard_task_runner.py:82} INFO - Running: ['airflow', 'tasks', 'run', 'dbt_maturity_docker_run', 'print_finish', 'scheduled__2023-03-27T00:00:00+00:00', '--job-id', '994', '--raw', '--subdir', 'DAGS_FOLDER/dbt_docker_operator.py', '--cfg-path', '/tmp/tmp_915788u']
[2023-03-29T08:22:25.426+0000] {standard_task_runner.py:83} INFO - Job 994: Subtask print_finish
[2023-03-29T08:22:25.551+0000] {task_command.py:389} INFO - Running <TaskInstance: dbt_maturity_docker_run.print_finish scheduled__2023-03-27T00:00:00+00:00 [running]> on host vibrdairflow.tciw5gv3lhjetcyg0kqzfvdylc.hx.internal.cloudapp.net
[2023-03-29T08:22:25.675+0000] {taskinstance.py:1511} INFO - Exporting the following env vars:
AIRFLOW_CTX_DAG_EMAIL=tan.phamduy@vib.com.vn
AIRFLOW_CTX_DAG_OWNER=tan
AIRFLOW_CTX_DAG_ID=dbt_maturity_docker_run
AIRFLOW_CTX_TASK_ID=print_finish
AIRFLOW_CTX_EXECUTION_DATE=2023-03-27T00:00:00+00:00
AIRFLOW_CTX_TRY_NUMBER=1
AIRFLOW_CTX_DAG_RUN_ID=scheduled__2023-03-27T00:00:00+00:00
[2023-03-29T08:22:25.677+0000] {subprocess.py:63} INFO - Tmp dir root location: 
 /tmp
[2023-03-29T08:22:25.677+0000] {subprocess.py:75} INFO - Running command: ['/bin/bash', '-c', 'echo "Task is finished"']
[2023-03-29T08:22:25.688+0000] {subprocess.py:86} INFO - Output:
[2023-03-29T08:22:25.690+0000] {subprocess.py:93} INFO - Task is finished
[2023-03-29T08:22:25.690+0000] {subprocess.py:97} INFO - Command exited with return code 0
[2023-03-29T08:22:25.736+0000] {taskinstance.py:1322} INFO - Marking task as SUCCESS. dag_id=dbt_maturity_docker_run, task_id=print_finish, execution_date=20230327T000000, start_date=20230329T082225, end_date=20230329T082225
[2023-03-29T08:22:25.797+0000] {local_task_job.py:159} INFO - Task exited with return code 0
[2023-03-29T08:22:25.810+0000] {taskinstance.py:2582} INFO - 0 downstream tasks scheduled from follow-on schedule check
