[2023-03-29T08:15:04.478+0000] {taskinstance.py:1087} INFO - Dependencies all met for <TaskInstance: docker_sample.print_hello scheduled__2023-03-28T11:10:00+00:00 [queued]>
[2023-03-29T08:15:04.484+0000] {taskinstance.py:1087} INFO - Dependencies all met for <TaskInstance: docker_sample.print_hello scheduled__2023-03-28T11:10:00+00:00 [queued]>
[2023-03-29T08:15:04.485+0000] {taskinstance.py:1283} INFO - 
--------------------------------------------------------------------------------
[2023-03-29T08:15:04.485+0000] {taskinstance.py:1284} INFO - Starting attempt 1 of 2
[2023-03-29T08:15:04.485+0000] {taskinstance.py:1285} INFO - 
--------------------------------------------------------------------------------
[2023-03-29T08:15:04.510+0000] {taskinstance.py:1304} INFO - Executing <Task(BashOperator): print_hello> on 2023-03-28 11:10:00+00:00
[2023-03-29T08:15:04.514+0000] {standard_task_runner.py:55} INFO - Started process 107029 to run task
[2023-03-29T08:15:04.519+0000] {standard_task_runner.py:82} INFO - Running: ['airflow', 'tasks', 'run', 'docker_sample', 'print_hello', 'scheduled__2023-03-28T11:10:00+00:00', '--job-id', '988', '--raw', '--subdir', 'DAGS_FOLDER/test_docker_operator.py', '--cfg-path', '/tmp/tmp7v6dsimy']
[2023-03-29T08:15:04.521+0000] {standard_task_runner.py:83} INFO - Job 988: Subtask print_hello
[2023-03-29T08:15:04.591+0000] {task_command.py:389} INFO - Running <TaskInstance: docker_sample.print_hello scheduled__2023-03-28T11:10:00+00:00 [running]> on host vibrdairflow.tciw5gv3lhjetcyg0kqzfvdylc.hx.internal.cloudapp.net
[2023-03-29T08:15:04.683+0000] {taskinstance.py:1511} INFO - Exporting the following env vars:
AIRFLOW_CTX_DAG_EMAIL=airflow@example.com
AIRFLOW_CTX_DAG_OWNER=airflow
AIRFLOW_CTX_DAG_ID=docker_sample
AIRFLOW_CTX_TASK_ID=print_hello
AIRFLOW_CTX_EXECUTION_DATE=2023-03-28T11:10:00+00:00
AIRFLOW_CTX_TRY_NUMBER=1
AIRFLOW_CTX_DAG_RUN_ID=scheduled__2023-03-28T11:10:00+00:00
[2023-03-29T08:15:04.685+0000] {subprocess.py:63} INFO - Tmp dir root location: 
 /tmp
[2023-03-29T08:15:04.686+0000] {subprocess.py:75} INFO - Running command: ['/bin/bash', '-c', 'echo "hello world!!!"']
[2023-03-29T08:15:04.701+0000] {subprocess.py:86} INFO - Output:
[2023-03-29T08:15:04.701+0000] {subprocess.py:93} INFO - hello world!!!
[2023-03-29T08:15:04.702+0000] {subprocess.py:97} INFO - Command exited with return code 0
[2023-03-29T08:15:04.736+0000] {taskinstance.py:1322} INFO - Marking task as SUCCESS. dag_id=docker_sample, task_id=print_hello, execution_date=20230328T111000, start_date=20230329T081504, end_date=20230329T081504
[2023-03-29T08:15:04.771+0000] {local_task_job.py:159} INFO - Task exited with return code 0
[2023-03-29T08:15:04.784+0000] {taskinstance.py:2582} INFO - 0 downstream tasks scheduled from follow-on schedule check
