[2023-03-29T07:34:04.547+0000] {taskinstance.py:1087} INFO - Dependencies all met for <TaskInstance: docker_sample.print_date scheduled__2023-03-28T01:50:00+00:00 [queued]>
[2023-03-29T07:34:04.553+0000] {taskinstance.py:1087} INFO - Dependencies all met for <TaskInstance: docker_sample.print_date scheduled__2023-03-28T01:50:00+00:00 [queued]>
[2023-03-29T07:34:04.554+0000] {taskinstance.py:1283} INFO - 
--------------------------------------------------------------------------------
[2023-03-29T07:34:04.554+0000] {taskinstance.py:1284} INFO - Starting attempt 1 of 2
[2023-03-29T07:34:04.554+0000] {taskinstance.py:1285} INFO - 
--------------------------------------------------------------------------------
[2023-03-29T07:34:04.589+0000] {taskinstance.py:1304} INFO - Executing <Task(BashOperator): print_date> on 2023-03-28 01:50:00+00:00
[2023-03-29T07:34:04.593+0000] {standard_task_runner.py:55} INFO - Started process 37449 to run task
[2023-03-29T07:34:04.598+0000] {standard_task_runner.py:82} INFO - Running: ['airflow', 'tasks', 'run', 'docker_sample', 'print_date', 'scheduled__2023-03-28T01:50:00+00:00', '--job-id', '721', '--raw', '--subdir', 'DAGS_FOLDER/test_docker_operator.py', '--cfg-path', '/tmp/tmppfvw1z4b']
[2023-03-29T07:34:04.599+0000] {standard_task_runner.py:83} INFO - Job 721: Subtask print_date
[2023-03-29T07:34:04.666+0000] {task_command.py:389} INFO - Running <TaskInstance: docker_sample.print_date scheduled__2023-03-28T01:50:00+00:00 [running]> on host vibrdairflow.tciw5gv3lhjetcyg0kqzfvdylc.hx.internal.cloudapp.net
[2023-03-29T07:34:04.753+0000] {taskinstance.py:1511} INFO - Exporting the following env vars:
AIRFLOW_CTX_DAG_EMAIL=airflow@example.com
AIRFLOW_CTX_DAG_OWNER=airflow
AIRFLOW_CTX_DAG_ID=docker_sample
AIRFLOW_CTX_TASK_ID=print_date
AIRFLOW_CTX_EXECUTION_DATE=2023-03-28T01:50:00+00:00
AIRFLOW_CTX_TRY_NUMBER=1
AIRFLOW_CTX_DAG_RUN_ID=scheduled__2023-03-28T01:50:00+00:00
[2023-03-29T07:34:04.754+0000] {subprocess.py:63} INFO - Tmp dir root location: 
 /tmp
[2023-03-29T07:34:04.755+0000] {subprocess.py:75} INFO - Running command: ['/bin/bash', '-c', 'date']
[2023-03-29T07:34:04.765+0000] {subprocess.py:86} INFO - Output:
[2023-03-29T07:34:04.769+0000] {subprocess.py:93} INFO - Wed Mar 29 07:34:04 UTC 2023
[2023-03-29T07:34:04.769+0000] {subprocess.py:97} INFO - Command exited with return code 0
[2023-03-29T07:34:04.801+0000] {taskinstance.py:1322} INFO - Marking task as SUCCESS. dag_id=docker_sample, task_id=print_date, execution_date=20230328T015000, start_date=20230329T073404, end_date=20230329T073404
[2023-03-29T07:34:04.851+0000] {local_task_job.py:159} INFO - Task exited with return code 0
[2023-03-29T07:34:04.875+0000] {taskinstance.py:2582} INFO - 2 downstream tasks scheduled from follow-on schedule check
