[2023-03-29T07:32:44.833+0000] {taskinstance.py:1087} INFO - Dependencies all met for <TaskInstance: docker_sample.print_date scheduled__2023-03-28T01:30:00+00:00 [queued]>
[2023-03-29T07:32:44.839+0000] {taskinstance.py:1087} INFO - Dependencies all met for <TaskInstance: docker_sample.print_date scheduled__2023-03-28T01:30:00+00:00 [queued]>
[2023-03-29T07:32:44.839+0000] {taskinstance.py:1283} INFO - 
--------------------------------------------------------------------------------
[2023-03-29T07:32:44.839+0000] {taskinstance.py:1284} INFO - Starting attempt 1 of 2
[2023-03-29T07:32:44.840+0000] {taskinstance.py:1285} INFO - 
--------------------------------------------------------------------------------
[2023-03-29T07:32:44.865+0000] {taskinstance.py:1304} INFO - Executing <Task(BashOperator): print_date> on 2023-03-28 01:30:00+00:00
[2023-03-29T07:32:44.869+0000] {standard_task_runner.py:55} INFO - Started process 35407 to run task
[2023-03-29T07:32:44.874+0000] {standard_task_runner.py:82} INFO - Running: ['airflow', 'tasks', 'run', 'docker_sample', 'print_date', 'scheduled__2023-03-28T01:30:00+00:00', '--job-id', '710', '--raw', '--subdir', 'DAGS_FOLDER/test_docker_operator.py', '--cfg-path', '/tmp/tmpxvg_rwvz']
[2023-03-29T07:32:44.876+0000] {standard_task_runner.py:83} INFO - Job 710: Subtask print_date
[2023-03-29T07:32:44.943+0000] {task_command.py:389} INFO - Running <TaskInstance: docker_sample.print_date scheduled__2023-03-28T01:30:00+00:00 [running]> on host vibrdairflow.tciw5gv3lhjetcyg0kqzfvdylc.hx.internal.cloudapp.net
[2023-03-29T07:32:45.031+0000] {taskinstance.py:1511} INFO - Exporting the following env vars:
AIRFLOW_CTX_DAG_EMAIL=airflow@example.com
AIRFLOW_CTX_DAG_OWNER=airflow
AIRFLOW_CTX_DAG_ID=docker_sample
AIRFLOW_CTX_TASK_ID=print_date
AIRFLOW_CTX_EXECUTION_DATE=2023-03-28T01:30:00+00:00
AIRFLOW_CTX_TRY_NUMBER=1
AIRFLOW_CTX_DAG_RUN_ID=scheduled__2023-03-28T01:30:00+00:00
[2023-03-29T07:32:45.033+0000] {subprocess.py:63} INFO - Tmp dir root location: 
 /tmp
[2023-03-29T07:32:45.034+0000] {subprocess.py:75} INFO - Running command: ['/bin/bash', '-c', 'date']
[2023-03-29T07:32:45.045+0000] {subprocess.py:86} INFO - Output:
[2023-03-29T07:32:45.048+0000] {subprocess.py:93} INFO - Wed Mar 29 07:32:45 UTC 2023
[2023-03-29T07:32:45.048+0000] {subprocess.py:97} INFO - Command exited with return code 0
[2023-03-29T07:32:45.081+0000] {taskinstance.py:1322} INFO - Marking task as SUCCESS. dag_id=docker_sample, task_id=print_date, execution_date=20230328T013000, start_date=20230329T073244, end_date=20230329T073245
[2023-03-29T07:32:45.125+0000] {local_task_job.py:159} INFO - Task exited with return code 0
[2023-03-29T07:32:45.152+0000] {taskinstance.py:2582} INFO - 2 downstream tasks scheduled from follow-on schedule check
