[2023-03-27T06:52:25.910+0000] {taskinstance.py:1087} INFO - Dependencies all met for <TaskInstance: example_bash_operator.runme_0 scheduled__2023-03-26T00:00:00+00:00 [queued]>
[2023-03-27T06:52:25.917+0000] {taskinstance.py:1087} INFO - Dependencies all met for <TaskInstance: example_bash_operator.runme_0 scheduled__2023-03-26T00:00:00+00:00 [queued]>
[2023-03-27T06:52:25.917+0000] {taskinstance.py:1283} INFO - 
--------------------------------------------------------------------------------
[2023-03-27T06:52:25.917+0000] {taskinstance.py:1284} INFO - Starting attempt 1 of 1
[2023-03-27T06:52:25.917+0000] {taskinstance.py:1285} INFO - 
--------------------------------------------------------------------------------
[2023-03-27T06:52:25.948+0000] {taskinstance.py:1304} INFO - Executing <Task(BashOperator): runme_0> on 2023-03-26 00:00:00+00:00
[2023-03-27T06:52:25.952+0000] {standard_task_runner.py:55} INFO - Started process 38343 to run task
[2023-03-27T06:52:25.960+0000] {standard_task_runner.py:82} INFO - Running: ['airflow', 'tasks', 'run', 'example_bash_operator', 'runme_0', 'scheduled__2023-03-26T00:00:00+00:00', '--job-id', '53', '--raw', '--subdir', '/home/azureuser/.local/lib/python3.8/site-packages/airflow/example_dags/example_bash_operator.py', '--cfg-path', '/tmp/tmp77uzit7u']
[2023-03-27T06:52:25.962+0000] {standard_task_runner.py:83} INFO - Job 53: Subtask runme_0
[2023-03-27T06:52:26.051+0000] {task_command.py:389} INFO - Running <TaskInstance: example_bash_operator.runme_0 scheduled__2023-03-26T00:00:00+00:00 [running]> on host vibrdairflow.tciw5gv3lhjetcyg0kqzfvdylc.hx.internal.cloudapp.net
[2023-03-27T06:52:26.149+0000] {taskinstance.py:1511} INFO - Exporting the following env vars:
AIRFLOW_CTX_DAG_OWNER=airflow
AIRFLOW_CTX_DAG_ID=example_bash_operator
AIRFLOW_CTX_TASK_ID=runme_0
AIRFLOW_CTX_EXECUTION_DATE=2023-03-26T00:00:00+00:00
AIRFLOW_CTX_TRY_NUMBER=1
AIRFLOW_CTX_DAG_RUN_ID=scheduled__2023-03-26T00:00:00+00:00
[2023-03-27T06:52:26.151+0000] {subprocess.py:63} INFO - Tmp dir root location: 
 /tmp
[2023-03-27T06:52:26.151+0000] {subprocess.py:75} INFO - Running command: ['/bin/bash', '-c', 'echo "example_bash_operator__runme_0__20230326" && sleep 1']
[2023-03-27T06:52:26.158+0000] {subprocess.py:86} INFO - Output:
[2023-03-27T06:52:26.160+0000] {subprocess.py:93} INFO - example_bash_operator__runme_0__20230326
[2023-03-27T06:52:27.169+0000] {subprocess.py:97} INFO - Command exited with return code 0
[2023-03-27T06:52:27.213+0000] {taskinstance.py:1322} INFO - Marking task as SUCCESS. dag_id=example_bash_operator, task_id=runme_0, execution_date=20230326T000000, start_date=20230327T065225, end_date=20230327T065227
[2023-03-27T06:52:27.294+0000] {local_task_job.py:159} INFO - Task exited with return code 0
[2023-03-27T06:52:27.315+0000] {taskinstance.py:2582} INFO - 0 downstream tasks scheduled from follow-on schedule check
