[2022-12-16T08:08:13.311+0000] {taskinstance.py:1087} INFO - Dependencies all met for <TaskInstance: example_bash_operator.runme_0 scheduled__2022-12-15T00:00:00+00:00 [queued]>
[2022-12-16T08:08:13.316+0000] {taskinstance.py:1087} INFO - Dependencies all met for <TaskInstance: example_bash_operator.runme_0 scheduled__2022-12-15T00:00:00+00:00 [queued]>
[2022-12-16T08:08:13.316+0000] {taskinstance.py:1283} INFO - 
--------------------------------------------------------------------------------
[2022-12-16T08:08:13.316+0000] {taskinstance.py:1284} INFO - Starting attempt 1 of 1
[2022-12-16T08:08:13.316+0000] {taskinstance.py:1285} INFO - 
--------------------------------------------------------------------------------
[2022-12-16T08:08:13.335+0000] {taskinstance.py:1304} INFO - Executing <Task(BashOperator): runme_0> on 2022-12-15 00:00:00+00:00
[2022-12-16T08:08:13.338+0000] {standard_task_runner.py:55} INFO - Started process 46264 to run task
[2022-12-16T08:08:13.342+0000] {standard_task_runner.py:82} INFO - Running: ['airflow', 'tasks', 'run', 'example_bash_operator', 'runme_0', 'scheduled__2022-12-15T00:00:00+00:00', '--job-id', '4', '--raw', '--subdir', '/home/azureuser/.local/lib/python3.8/site-packages/airflow/example_dags/example_bash_operator.py', '--cfg-path', '/tmp/tmpnabivqih']
[2022-12-16T08:08:13.343+0000] {standard_task_runner.py:83} INFO - Job 4: Subtask runme_0
[2022-12-16T08:08:13.397+0000] {task_command.py:389} INFO - Running <TaskInstance: example_bash_operator.runme_0 scheduled__2022-12-15T00:00:00+00:00 [running]> on host vibrdairflow.tciw5gv3lhjetcyg0kqzfvdylc.hx.internal.cloudapp.net
[2022-12-16T08:08:13.452+0000] {taskinstance.py:1511} INFO - Exporting the following env vars:
AIRFLOW_CTX_DAG_OWNER=airflow
AIRFLOW_CTX_DAG_ID=example_bash_operator
AIRFLOW_CTX_TASK_ID=runme_0
AIRFLOW_CTX_EXECUTION_DATE=2022-12-15T00:00:00+00:00
AIRFLOW_CTX_TRY_NUMBER=1
AIRFLOW_CTX_DAG_RUN_ID=scheduled__2022-12-15T00:00:00+00:00
[2022-12-16T08:08:13.453+0000] {subprocess.py:63} INFO - Tmp dir root location: 
 /tmp
[2022-12-16T08:08:13.453+0000] {subprocess.py:75} INFO - Running command: ['/bin/bash', '-c', 'echo "example_bash_operator__runme_0__20221215" && sleep 1']
[2022-12-16T08:08:13.459+0000] {subprocess.py:86} INFO - Output:
[2022-12-16T08:08:13.461+0000] {subprocess.py:93} INFO - example_bash_operator__runme_0__20221215
[2022-12-16T08:08:14.462+0000] {subprocess.py:97} INFO - Command exited with return code 0
[2022-12-16T08:08:14.490+0000] {taskinstance.py:1322} INFO - Marking task as SUCCESS. dag_id=example_bash_operator, task_id=runme_0, execution_date=20221215T000000, start_date=20221216T080813, end_date=20221216T080814
[2022-12-16T08:08:14.518+0000] {local_task_job.py:159} INFO - Task exited with return code 0
[2022-12-16T08:08:14.533+0000] {taskinstance.py:2582} INFO - 0 downstream tasks scheduled from follow-on schedule check
