[2023-03-29T08:10:28.508+0000] {taskinstance.py:1087} INFO - Dependencies all met for <TaskInstance: docker_sample.print_hello scheduled__2023-03-28T08:50:00+00:00 [queued]>
[2023-03-29T08:10:28.515+0000] {taskinstance.py:1087} INFO - Dependencies all met for <TaskInstance: docker_sample.print_hello scheduled__2023-03-28T08:50:00+00:00 [queued]>
[2023-03-29T08:10:28.515+0000] {taskinstance.py:1283} INFO - 
--------------------------------------------------------------------------------
[2023-03-29T08:10:28.515+0000] {taskinstance.py:1284} INFO - Starting attempt 1 of 2
[2023-03-29T08:10:28.515+0000] {taskinstance.py:1285} INFO - 
--------------------------------------------------------------------------------
[2023-03-29T08:10:28.539+0000] {taskinstance.py:1304} INFO - Executing <Task(BashOperator): print_hello> on 2023-03-28 08:50:00+00:00
[2023-03-29T08:10:28.544+0000] {standard_task_runner.py:55} INFO - Started process 96996 to run task
[2023-03-29T08:10:28.553+0000] {standard_task_runner.py:82} INFO - Running: ['airflow', 'tasks', 'run', 'docker_sample', 'print_hello', 'scheduled__2023-03-28T08:50:00+00:00', '--job-id', '932', '--raw', '--subdir', 'DAGS_FOLDER/test_docker_operator.py', '--cfg-path', '/tmp/tmpmxlfg6lm']
[2023-03-29T08:10:28.554+0000] {standard_task_runner.py:83} INFO - Job 932: Subtask print_hello
[2023-03-29T08:10:28.619+0000] {task_command.py:389} INFO - Running <TaskInstance: docker_sample.print_hello scheduled__2023-03-28T08:50:00+00:00 [running]> on host vibrdairflow.tciw5gv3lhjetcyg0kqzfvdylc.hx.internal.cloudapp.net
[2023-03-29T08:10:28.704+0000] {taskinstance.py:1511} INFO - Exporting the following env vars:
AIRFLOW_CTX_DAG_EMAIL=airflow@example.com
AIRFLOW_CTX_DAG_OWNER=airflow
AIRFLOW_CTX_DAG_ID=docker_sample
AIRFLOW_CTX_TASK_ID=print_hello
AIRFLOW_CTX_EXECUTION_DATE=2023-03-28T08:50:00+00:00
AIRFLOW_CTX_TRY_NUMBER=1
AIRFLOW_CTX_DAG_RUN_ID=scheduled__2023-03-28T08:50:00+00:00
[2023-03-29T08:10:28.705+0000] {subprocess.py:63} INFO - Tmp dir root location: 
 /tmp
[2023-03-29T08:10:28.705+0000] {subprocess.py:75} INFO - Running command: ['/bin/bash', '-c', 'echo "hello world!!!"']
[2023-03-29T08:10:28.718+0000] {subprocess.py:86} INFO - Output:
[2023-03-29T08:10:28.720+0000] {subprocess.py:93} INFO - hello world!!!
[2023-03-29T08:10:28.721+0000] {subprocess.py:97} INFO - Command exited with return code 0
[2023-03-29T08:10:28.790+0000] {taskinstance.py:1322} INFO - Marking task as SUCCESS. dag_id=docker_sample, task_id=print_hello, execution_date=20230328T085000, start_date=20230329T081028, end_date=20230329T081028
[2023-03-29T08:10:28.841+0000] {local_task_job.py:159} INFO - Task exited with return code 0
[2023-03-29T08:10:28.868+0000] {taskinstance.py:2582} INFO - 0 downstream tasks scheduled from follow-on schedule check
