[2023-03-29T08:30:27.034+0000] {taskinstance.py:1087} INFO - Dependencies all met for <TaskInstance: docker_sample.sleep scheduled__2023-03-28T15:00:00+00:00 [queued]>
[2023-03-29T08:30:27.041+0000] {taskinstance.py:1087} INFO - Dependencies all met for <TaskInstance: docker_sample.sleep scheduled__2023-03-28T15:00:00+00:00 [queued]>
[2023-03-29T08:30:27.042+0000] {taskinstance.py:1283} INFO - 
--------------------------------------------------------------------------------
[2023-03-29T08:30:27.042+0000] {taskinstance.py:1284} INFO - Starting attempt 1 of 4
[2023-03-29T08:30:27.042+0000] {taskinstance.py:1285} INFO - 
--------------------------------------------------------------------------------
[2023-03-29T08:30:27.069+0000] {taskinstance.py:1304} INFO - Executing <Task(BashOperator): sleep> on 2023-03-28 15:00:00+00:00
[2023-03-29T08:30:27.073+0000] {standard_task_runner.py:55} INFO - Started process 134064 to run task
[2023-03-29T08:30:27.079+0000] {standard_task_runner.py:82} INFO - Running: ['airflow', 'tasks', 'run', 'docker_sample', 'sleep', 'scheduled__2023-03-28T15:00:00+00:00', '--job-id', '1090', '--raw', '--subdir', 'DAGS_FOLDER/test_docker_operator.py', '--cfg-path', '/tmp/tmp7blpk64g']
[2023-03-29T08:30:27.081+0000] {standard_task_runner.py:83} INFO - Job 1090: Subtask sleep
[2023-03-29T08:30:27.146+0000] {task_command.py:389} INFO - Running <TaskInstance: docker_sample.sleep scheduled__2023-03-28T15:00:00+00:00 [running]> on host vibrdairflow.tciw5gv3lhjetcyg0kqzfvdylc.hx.internal.cloudapp.net
[2023-03-29T08:30:27.240+0000] {taskinstance.py:1511} INFO - Exporting the following env vars:
AIRFLOW_CTX_DAG_EMAIL=airflow@example.com
AIRFLOW_CTX_DAG_OWNER=airflow
AIRFLOW_CTX_DAG_ID=docker_sample
AIRFLOW_CTX_TASK_ID=sleep
AIRFLOW_CTX_EXECUTION_DATE=2023-03-28T15:00:00+00:00
AIRFLOW_CTX_TRY_NUMBER=1
AIRFLOW_CTX_DAG_RUN_ID=scheduled__2023-03-28T15:00:00+00:00
[2023-03-29T08:30:27.242+0000] {subprocess.py:63} INFO - Tmp dir root location: 
 /tmp
[2023-03-29T08:30:27.242+0000] {subprocess.py:75} INFO - Running command: ['/bin/bash', '-c', 'sleep 5']
[2023-03-29T08:30:27.253+0000] {subprocess.py:86} INFO - Output:
[2023-03-29T08:30:32.257+0000] {subprocess.py:97} INFO - Command exited with return code 0
[2023-03-29T08:30:32.290+0000] {taskinstance.py:1322} INFO - Marking task as SUCCESS. dag_id=docker_sample, task_id=sleep, execution_date=20230328T150000, start_date=20230329T083027, end_date=20230329T083032
[2023-03-29T08:30:32.340+0000] {local_task_job.py:159} INFO - Task exited with return code 0
[2023-03-29T08:30:32.351+0000] {taskinstance.py:2582} INFO - 0 downstream tasks scheduled from follow-on schedule check
