[2023-03-29T08:54:47.700+0000] {taskinstance.py:1087} INFO - Dependencies all met for <TaskInstance: docker_sample.print_date scheduled__2023-03-29T03:10:00+00:00 [queued]>
[2023-03-29T08:54:47.706+0000] {taskinstance.py:1087} INFO - Dependencies all met for <TaskInstance: docker_sample.print_date scheduled__2023-03-29T03:10:00+00:00 [queued]>
[2023-03-29T08:54:47.706+0000] {taskinstance.py:1283} INFO - 
--------------------------------------------------------------------------------
[2023-03-29T08:54:47.706+0000] {taskinstance.py:1284} INFO - Starting attempt 1 of 2
[2023-03-29T08:54:47.706+0000] {taskinstance.py:1285} INFO - 
--------------------------------------------------------------------------------
[2023-03-29T08:54:47.736+0000] {taskinstance.py:1304} INFO - Executing <Task(BashOperator): print_date> on 2023-03-29 03:10:00+00:00
[2023-03-29T08:54:47.740+0000] {standard_task_runner.py:55} INFO - Started process 182768 to run task
[2023-03-29T08:54:47.747+0000] {standard_task_runner.py:82} INFO - Running: ['airflow', 'tasks', 'run', 'docker_sample', 'print_date', 'scheduled__2023-03-29T03:10:00+00:00', '--job-id', '1384', '--raw', '--subdir', 'DAGS_FOLDER/test_docker_operator.py', '--cfg-path', '/tmp/tmp4m6rgsml']
[2023-03-29T08:54:47.748+0000] {standard_task_runner.py:83} INFO - Job 1384: Subtask print_date
[2023-03-29T08:54:47.812+0000] {task_command.py:389} INFO - Running <TaskInstance: docker_sample.print_date scheduled__2023-03-29T03:10:00+00:00 [running]> on host vibrdairflow.tciw5gv3lhjetcyg0kqzfvdylc.hx.internal.cloudapp.net
[2023-03-29T08:54:48.022+0000] {taskinstance.py:1511} INFO - Exporting the following env vars:
AIRFLOW_CTX_DAG_EMAIL=airflow@example.com
AIRFLOW_CTX_DAG_OWNER=airflow
AIRFLOW_CTX_DAG_ID=docker_sample
AIRFLOW_CTX_TASK_ID=print_date
AIRFLOW_CTX_EXECUTION_DATE=2023-03-29T03:10:00+00:00
AIRFLOW_CTX_TRY_NUMBER=1
AIRFLOW_CTX_DAG_RUN_ID=scheduled__2023-03-29T03:10:00+00:00
[2023-03-29T08:54:48.025+0000] {subprocess.py:63} INFO - Tmp dir root location: 
 /tmp
[2023-03-29T08:54:48.025+0000] {subprocess.py:75} INFO - Running command: ['/bin/bash', '-c', 'date']
[2023-03-29T08:54:48.035+0000] {subprocess.py:86} INFO - Output:
[2023-03-29T08:54:48.038+0000] {subprocess.py:93} INFO - Wed Mar 29 08:54:48 UTC 2023
[2023-03-29T08:54:48.039+0000] {subprocess.py:97} INFO - Command exited with return code 0
[2023-03-29T08:54:48.547+0000] {taskinstance.py:1322} INFO - Marking task as SUCCESS. dag_id=docker_sample, task_id=print_date, execution_date=20230329T031000, start_date=20230329T085447, end_date=20230329T085448
[2023-03-29T08:54:48.603+0000] {local_task_job.py:159} INFO - Task exited with return code 0
[2023-03-29T08:54:48.626+0000] {taskinstance.py:2582} INFO - 2 downstream tasks scheduled from follow-on schedule check
