[2022-12-16T09:42:27.676+0000] {taskinstance.py:1087} INFO - Dependencies all met for <TaskInstance: tutorial.print_date backfill__2015-06-01T00:00:00+00:00 [queued]>
[2022-12-16T09:42:27.681+0000] {taskinstance.py:1087} INFO - Dependencies all met for <TaskInstance: tutorial.print_date backfill__2015-06-01T00:00:00+00:00 [queued]>
[2022-12-16T09:42:27.681+0000] {taskinstance.py:1283} INFO - 
--------------------------------------------------------------------------------
[2022-12-16T09:42:27.681+0000] {taskinstance.py:1284} INFO - Starting attempt 1 of 2
[2022-12-16T09:42:27.681+0000] {taskinstance.py:1285} INFO - 
--------------------------------------------------------------------------------
[2022-12-16T09:42:27.698+0000] {taskinstance.py:1304} INFO - Executing <Task(BashOperator): print_date> on 2015-06-01 00:00:00+00:00
[2022-12-16T09:42:27.702+0000] {standard_task_runner.py:55} INFO - Started process 63884 to run task
[2022-12-16T09:42:27.705+0000] {standard_task_runner.py:82} INFO - Running: ['airflow', 'tasks', 'run', 'tutorial', 'print_date', 'backfill__2015-06-01T00:00:00+00:00', '--job-id', '26', '--pool', 'default_pool', '--raw', '--subdir', '/home/azureuser/.local/lib/python3.8/site-packages/airflow/example_dags/tutorial.py', '--cfg-path', '/tmp/tmpwxhajjxi']
[2022-12-16T09:42:27.706+0000] {standard_task_runner.py:83} INFO - Job 26: Subtask print_date
[2022-12-16T09:42:27.758+0000] {task_command.py:389} INFO - Running <TaskInstance: tutorial.print_date backfill__2015-06-01T00:00:00+00:00 [running]> on host vibrdairflow.tciw5gv3lhjetcyg0kqzfvdylc.hx.internal.cloudapp.net
[2022-12-16T09:42:27.815+0000] {taskinstance.py:1511} INFO - Exporting the following env vars:
AIRFLOW_CTX_DAG_EMAIL=airflow@example.com
AIRFLOW_CTX_DAG_OWNER=airflow
AIRFLOW_CTX_DAG_ID=tutorial
AIRFLOW_CTX_TASK_ID=print_date
AIRFLOW_CTX_EXECUTION_DATE=2015-06-01T00:00:00+00:00
AIRFLOW_CTX_TRY_NUMBER=1
AIRFLOW_CTX_DAG_RUN_ID=backfill__2015-06-01T00:00:00+00:00
[2022-12-16T09:42:27.817+0000] {subprocess.py:63} INFO - Tmp dir root location: 
 /tmp
[2022-12-16T09:42:27.817+0000] {subprocess.py:75} INFO - Running command: ['/bin/bash', '-c', 'date']
[2022-12-16T09:42:27.824+0000] {subprocess.py:86} INFO - Output:
[2022-12-16T09:42:27.830+0000] {subprocess.py:93} INFO - Fri Dec 16 09:42:27 UTC 2022
[2022-12-16T09:42:27.831+0000] {subprocess.py:97} INFO - Command exited with return code 0
[2022-12-16T09:42:27.862+0000] {taskinstance.py:1322} INFO - Marking task as SUCCESS. dag_id=tutorial, task_id=print_date, execution_date=20150601T000000, start_date=20221216T094227, end_date=20221216T094227
[2022-12-16T09:42:27.919+0000] {local_task_job.py:159} INFO - Task exited with return code 0
[2022-12-16T09:42:27.935+0000] {taskinstance.py:2582} INFO - 2 downstream tasks scheduled from follow-on schedule check
