[2022-12-16T09:42:36.866+0000] {taskinstance.py:1087} INFO - Dependencies all met for <TaskInstance: tutorial.templated backfill__2015-06-01T00:00:00+00:00 [queued]>
[2022-12-16T09:42:36.871+0000] {taskinstance.py:1087} INFO - Dependencies all met for <TaskInstance: tutorial.templated backfill__2015-06-01T00:00:00+00:00 [queued]>
[2022-12-16T09:42:36.871+0000] {taskinstance.py:1283} INFO - 
--------------------------------------------------------------------------------
[2022-12-16T09:42:36.871+0000] {taskinstance.py:1284} INFO - Starting attempt 1 of 2
[2022-12-16T09:42:36.871+0000] {taskinstance.py:1285} INFO - 
--------------------------------------------------------------------------------
[2022-12-16T09:42:36.890+0000] {taskinstance.py:1304} INFO - Executing <Task(BashOperator): templated> on 2015-06-01 00:00:00+00:00
[2022-12-16T09:42:36.894+0000] {standard_task_runner.py:55} INFO - Started process 63991 to run task
[2022-12-16T09:42:36.900+0000] {standard_task_runner.py:82} INFO - Running: ['airflow', 'tasks', 'run', 'tutorial', 'templated', 'backfill__2015-06-01T00:00:00+00:00', '--job-id', '28', '--pool', 'default_pool', '--raw', '--subdir', '/home/azureuser/.local/lib/python3.8/site-packages/airflow/example_dags/tutorial.py', '--cfg-path', '/tmp/tmpssymc8jy']
[2022-12-16T09:42:36.902+0000] {standard_task_runner.py:83} INFO - Job 28: Subtask templated
[2022-12-16T09:42:36.966+0000] {task_command.py:389} INFO - Running <TaskInstance: tutorial.templated backfill__2015-06-01T00:00:00+00:00 [running]> on host vibrdairflow.tciw5gv3lhjetcyg0kqzfvdylc.hx.internal.cloudapp.net
[2022-12-16T09:42:37.026+0000] {taskinstance.py:1511} INFO - Exporting the following env vars:
AIRFLOW_CTX_DAG_EMAIL=airflow@example.com
AIRFLOW_CTX_DAG_OWNER=airflow
AIRFLOW_CTX_DAG_ID=tutorial
AIRFLOW_CTX_TASK_ID=templated
AIRFLOW_CTX_EXECUTION_DATE=2015-06-01T00:00:00+00:00
AIRFLOW_CTX_TRY_NUMBER=1
AIRFLOW_CTX_DAG_RUN_ID=backfill__2015-06-01T00:00:00+00:00
[2022-12-16T09:42:37.027+0000] {subprocess.py:63} INFO - Tmp dir root location: 
 /tmp
[2022-12-16T09:42:37.028+0000] {subprocess.py:75} INFO - Running command: ['/bin/bash', '-c', '\n\n    echo "2015-06-01"\n    echo "2015-06-08"\n\n    echo "2015-06-01"\n    echo "2015-06-08"\n\n    echo "2015-06-01"\n    echo "2015-06-08"\n\n    echo "2015-06-01"\n    echo "2015-06-08"\n\n    echo "2015-06-01"\n    echo "2015-06-08"\n']
[2022-12-16T09:42:37.035+0000] {subprocess.py:86} INFO - Output:
[2022-12-16T09:42:37.037+0000] {subprocess.py:93} INFO - 2015-06-01
[2022-12-16T09:42:37.037+0000] {subprocess.py:93} INFO - 2015-06-08
[2022-12-16T09:42:37.037+0000] {subprocess.py:93} INFO - 2015-06-01
[2022-12-16T09:42:37.037+0000] {subprocess.py:93} INFO - 2015-06-08
[2022-12-16T09:42:37.037+0000] {subprocess.py:93} INFO - 2015-06-01
[2022-12-16T09:42:37.038+0000] {subprocess.py:93} INFO - 2015-06-08
[2022-12-16T09:42:37.038+0000] {subprocess.py:93} INFO - 2015-06-01
[2022-12-16T09:42:37.038+0000] {subprocess.py:93} INFO - 2015-06-08
[2022-12-16T09:42:37.038+0000] {subprocess.py:93} INFO - 2015-06-01
[2022-12-16T09:42:37.038+0000] {subprocess.py:93} INFO - 2015-06-08
[2022-12-16T09:42:37.038+0000] {subprocess.py:97} INFO - Command exited with return code 0
[2022-12-16T09:42:37.066+0000] {taskinstance.py:1322} INFO - Marking task as SUCCESS. dag_id=tutorial, task_id=templated, execution_date=20150601T000000, start_date=20221216T094236, end_date=20221216T094237
[2022-12-16T09:42:37.117+0000] {local_task_job.py:159} INFO - Task exited with return code 0
[2022-12-16T09:42:37.128+0000] {taskinstance.py:2582} INFO - 0 downstream tasks scheduled from follow-on schedule check
