[2023-03-29T08:37:13.056+0000] {taskinstance.py:1087} INFO - Dependencies all met for <TaskInstance: dbt_maturity_docker_run.print_date manual__2023-03-29T08:37:05.825433+00:00 [queued]>
[2023-03-29T08:37:13.062+0000] {taskinstance.py:1087} INFO - Dependencies all met for <TaskInstance: dbt_maturity_docker_run.print_date manual__2023-03-29T08:37:05.825433+00:00 [queued]>
[2023-03-29T08:37:13.063+0000] {taskinstance.py:1283} INFO - 
--------------------------------------------------------------------------------
[2023-03-29T08:37:13.063+0000] {taskinstance.py:1284} INFO - Starting attempt 1 of 2
[2023-03-29T08:37:13.063+0000] {taskinstance.py:1285} INFO - 
--------------------------------------------------------------------------------
[2023-03-29T08:37:13.084+0000] {taskinstance.py:1304} INFO - Executing <Task(BashOperator): print_date> on 2023-03-29 08:37:05.825433+00:00
[2023-03-29T08:37:13.088+0000] {standard_task_runner.py:55} INFO - Started process 147237 to run task
[2023-03-29T08:37:13.095+0000] {standard_task_runner.py:82} INFO - Running: ['airflow', 'tasks', 'run', 'dbt_maturity_docker_run', 'print_date', 'manual__2023-03-29T08:37:05.825433+00:00', '--job-id', '1174', '--raw', '--subdir', 'DAGS_FOLDER/dbt_docker_operator.py', '--cfg-path', '/tmp/tmpqd16b_dn']
[2023-03-29T08:37:13.097+0000] {standard_task_runner.py:83} INFO - Job 1174: Subtask print_date
[2023-03-29T08:37:13.176+0000] {task_command.py:389} INFO - Running <TaskInstance: dbt_maturity_docker_run.print_date manual__2023-03-29T08:37:05.825433+00:00 [running]> on host vibrdairflow.tciw5gv3lhjetcyg0kqzfvdylc.hx.internal.cloudapp.net
[2023-03-29T08:37:13.263+0000] {taskinstance.py:1511} INFO - Exporting the following env vars:
AIRFLOW_CTX_DAG_EMAIL=tan.phamduy@vib.com.vn
AIRFLOW_CTX_DAG_OWNER=tan
AIRFLOW_CTX_DAG_ID=dbt_maturity_docker_run
AIRFLOW_CTX_TASK_ID=print_date
AIRFLOW_CTX_EXECUTION_DATE=2023-03-29T08:37:05.825433+00:00
AIRFLOW_CTX_TRY_NUMBER=1
AIRFLOW_CTX_DAG_RUN_ID=manual__2023-03-29T08:37:05.825433+00:00
[2023-03-29T08:37:13.264+0000] {subprocess.py:63} INFO - Tmp dir root location: 
 /tmp
[2023-03-29T08:37:13.265+0000] {subprocess.py:75} INFO - Running command: ['/bin/bash', '-c', 'date']
[2023-03-29T08:37:13.277+0000] {subprocess.py:86} INFO - Output:
[2023-03-29T08:37:13.279+0000] {subprocess.py:93} INFO - Wed Mar 29 08:37:13 UTC 2023
[2023-03-29T08:37:13.280+0000] {subprocess.py:97} INFO - Command exited with return code 0
[2023-03-29T08:37:13.310+0000] {taskinstance.py:1322} INFO - Marking task as SUCCESS. dag_id=dbt_maturity_docker_run, task_id=print_date, execution_date=20230329T083705, start_date=20230329T083713, end_date=20230329T083713
[2023-03-29T08:37:13.348+0000] {local_task_job.py:159} INFO - Task exited with return code 0
[2023-03-29T08:37:13.363+0000] {dagrun.py:696} ERROR - Failed to get task for ti <TaskInstance: dbt_maturity_docker_run.sleep manual__2023-03-29T08:37:05.825433+00:00 [None]>. Marking it as removed.
[2023-03-29T08:37:13.374+0000] {taskinstance.py:2582} INFO - 1 downstream tasks scheduled from follow-on schedule check
