[2023-03-29T08:28:49.432+0000] {taskinstance.py:1087} INFO - Dependencies all met for <TaskInstance: dbt_maturity_docker_run.dbt_run manual__2023-03-29T08:28:30.589150+00:00 [queued]>
[2023-03-29T08:28:49.438+0000] {taskinstance.py:1087} INFO - Dependencies all met for <TaskInstance: dbt_maturity_docker_run.dbt_run manual__2023-03-29T08:28:30.589150+00:00 [queued]>
[2023-03-29T08:28:49.439+0000] {taskinstance.py:1283} INFO - 
--------------------------------------------------------------------------------
[2023-03-29T08:28:49.439+0000] {taskinstance.py:1284} INFO - Starting attempt 1 of 2
[2023-03-29T08:28:49.439+0000] {taskinstance.py:1285} INFO - 
--------------------------------------------------------------------------------
[2023-03-29T08:28:49.482+0000] {taskinstance.py:1304} INFO - Executing <Task(DockerOperator): dbt_run> on 2023-03-29 08:28:30.589150+00:00
[2023-03-29T08:28:49.486+0000] {standard_task_runner.py:55} INFO - Started process 130934 to run task
[2023-03-29T08:28:49.493+0000] {standard_task_runner.py:82} INFO - Running: ['airflow', 'tasks', 'run', 'dbt_maturity_docker_run', 'dbt_run', 'manual__2023-03-29T08:28:30.589150+00:00', '--job-id', '1076', '--raw', '--subdir', 'DAGS_FOLDER/dbt_docker_operator.py', '--cfg-path', '/tmp/tmp0bn1t0c1']
[2023-03-29T08:28:49.495+0000] {standard_task_runner.py:83} INFO - Job 1076: Subtask dbt_run
[2023-03-29T08:28:49.558+0000] {task_command.py:389} INFO - Running <TaskInstance: dbt_maturity_docker_run.dbt_run manual__2023-03-29T08:28:30.589150+00:00 [running]> on host vibrdairflow.tciw5gv3lhjetcyg0kqzfvdylc.hx.internal.cloudapp.net
[2023-03-29T08:28:49.632+0000] {taskinstance.py:1511} INFO - Exporting the following env vars:
AIRFLOW_CTX_DAG_EMAIL=tan.phamduy@vib.com.vn
AIRFLOW_CTX_DAG_OWNER=tan
AIRFLOW_CTX_DAG_ID=dbt_maturity_docker_run
AIRFLOW_CTX_TASK_ID=dbt_run
AIRFLOW_CTX_EXECUTION_DATE=2023-03-29T08:28:30.589150+00:00
AIRFLOW_CTX_TRY_NUMBER=1
AIRFLOW_CTX_DAG_RUN_ID=manual__2023-03-29T08:28:30.589150+00:00
[2023-03-29T08:28:49.640+0000] {docker.py:306} INFO - Starting docker container from image tanphamduy/dbt-maturity:latest
[2023-03-29T08:28:49.648+0000] {docker.py:314} WARNING - Using remote engine or docker-in-docker and mounting temporary volume from host is not supported. Falling back to `mount_tmp_dir=False` mode. You can set `mount_tmp_dir` parameter to False to disable mounting and remove the warning
[2023-03-29T08:28:53.759+0000] {docker.py:373} INFO - [0m08:28:53  Running with dbt=1.4.5
[2023-03-29T08:28:53.798+0000] {docker.py:373} INFO - [0m08:28:53  Unable to do partial parsing because saved manifest not found. Starting full parse.
[2023-03-29T08:28:55.433+0000] {docker.py:373} INFO - [0m08:28:55  Found 11 models, 20 tests, 0 snapshots, 0 analyses, 495 macros, 1 operation, 6 seed files, 6 sources, 1 exposure, 0 metrics
[2023-03-29T08:28:55.436+0000] {docker.py:373} INFO - [0m08:28:55
[2023-03-29T08:28:58.514+0000] {docker.py:373} INFO - [0m08:28:58  Concurrency: 2 threads (target='prod')
[2023-03-29T08:28:58.514+0000] {docker.py:373} INFO - [0m08:28:58
[2023-03-29T08:28:58.541+0000] {docker.py:373} INFO - [0m08:28:58  1 of 11 START sql view model STAGING.stg_claim_diagnosis ....................... [RUN]
[2023-03-29T08:28:58.547+0000] {docker.py:373} INFO - [0m08:28:58  2 of 11 START sql view model STAGING.stg_claim_lines ........................... [RUN]
[2023-03-29T08:28:59.973+0000] {docker.py:373} INFO - [0m08:28:59  2 of 11 OK created sql view model STAGING.stg_claim_lines ...................... [[32mOK[0m in 1.42s]
[2023-03-29T08:28:59.976+0000] {docker.py:373} INFO - [0m08:28:59  3 of 11 START sql view model STAGING.stg_claims ................................ [RUN]
[2023-03-29T08:29:00.112+0000] {docker.py:373} INFO - [0m08:29:00  1 of 11 OK created sql view model STAGING.stg_claim_diagnosis .................. [[32mOK[0m in 1.57s]
[2023-03-29T08:29:00.114+0000] {docker.py:373} INFO - [0m08:29:00  4 of 11 START sql view model STAGING.stg_doc_specialties ....................... [RUN]
[2023-03-29T08:29:01.376+0000] {docker.py:373} INFO - [0m08:29:01  3 of 11 OK created sql view model STAGING.stg_claims ........................... [[32mOK[0m in 1.40s]
[2023-03-29T08:29:01.377+0000] {docker.py:373} INFO - [0m08:29:01  5 of 11 START sql view model STAGING.stg_doctors ............................... [RUN]
[2023-03-29T08:29:01.609+0000] {docker.py:373} INFO - [0m08:29:01  4 of 11 OK created sql view model STAGING.stg_doc_specialties .................. [[32mOK[0m in 1.49s]
[0m08:29:01  6 of 11 START sql view model STAGING.stg_patients .............................. [RUN]
[2023-03-29T08:29:02.611+0000] {docker.py:373} INFO - [0m08:29:02  5 of 11 OK created sql view model STAGING.stg_doctors .......................... [[32mOK[0m in 1.23s]
[2023-03-29T08:29:02.614+0000] {docker.py:373} INFO - [0m08:29:02  7 of 11 START sql table model BILLING_ANALYTICS.int_billed_claim_amounts ....... [RUN]
[2023-03-29T08:29:03.008+0000] {docker.py:373} INFO - [0m08:29:03  6 of 11 OK created sql view model STAGING.stg_patients ......................... [[32mOK[0m in 1.40s]
[2023-03-29T08:29:03.009+0000] {docker.py:373} INFO - [0m08:29:03  8 of 11 START sql table model BILLING_ANALYTICS.int_claim_diagnosis_pivoted .... [RUN]
[2023-03-29T08:29:07.486+0000] {docker.py:373} INFO - [0m08:29:07  8 of 11 OK created sql table model BILLING_ANALYTICS.int_claim_diagnosis_pivoted  [[32mOK[0m in 4.47s]
[2023-03-29T08:29:07.487+0000] {docker.py:373} INFO - [0m08:29:07  9 of 11 START sql table model BILLING_ANALYTICS.dim_doctors .................... [RUN]
[2023-03-29T08:29:07.549+0000] {docker.py:373} INFO - [0m08:29:07  7 of 11 OK created sql table model BILLING_ANALYTICS.int_billed_claim_amounts .. [[32mOK[0m in 4.93s]
[0m08:29:07  10 of 11 START sql table model BILLING_ANALYTICS.dim_patients .................. [RUN]
[2023-03-29T08:29:12.321+0000] {docker.py:373} INFO - [0m08:29:12  9 of 11 OK created sql table model BILLING_ANALYTICS.dim_doctors ............... [[32mOK[0m in 4.83s]
[2023-03-29T08:29:12.322+0000] {docker.py:373} INFO - [0m08:29:12  11 of 11 START sql incremental model BILLING_ANALYTICS.fct_billed_patient_claims  [RUN]
[2023-03-29T08:29:12.369+0000] {docker.py:373} INFO - [0m08:29:12  10 of 11 OK created sql table model BILLING_ANALYTICS.dim_patients ............. [[32mOK[0m in 4.82s]
[2023-03-29T08:29:21.093+0000] {docker.py:373} INFO - [0m08:29:21  11 of 11 OK created sql incremental model BILLING_ANALYTICS.fct_billed_patient_claims  [[32mOK[0m in 8.77s]
[2023-03-29T08:29:21.263+0000] {docker.py:373} INFO - [0m08:29:21  
[0m08:29:21  Running 1 on-run-end hook
[2023-03-29T08:29:21.268+0000] {docker.py:373} INFO - [0m08:29:21
[2023-03-29T08:29:21.282+0000] {docker.py:373} INFO - [0m08:29:21  Project Test Coverage: 81.82%
[2023-03-29T08:29:21.285+0000] {docker.py:373} INFO - [0m08:29:21  Project Test to Model Ratio: 1.818
[2023-03-29T08:29:21.286+0000] {docker.py:373} INFO - [0m08:29:21
[2023-03-29T08:29:21.287+0000] {docker.py:373} INFO - [0m08:29:21  1 of 1 START hook: dbt_maturity.on-run-end.0 ................................... [RUN]
[2023-03-29T08:29:21.288+0000] {docker.py:373} INFO - [0m08:29:21  1 of 1 OK hook: dbt_maturity.on-run-end.0 ...................................... [[32mOK[0m in 0.00s]
[2023-03-29T08:29:21.288+0000] {docker.py:373} INFO - [0m08:29:21
[2023-03-29T08:29:21.473+0000] {docker.py:373} INFO - [0m08:29:21  
[0m08:29:21  Finished running 6 view models, 4 table models, 1 incremental model, 1 hook in 0 hours 0 minutes and 26.04 seconds (26.04s).
[2023-03-29T08:29:21.520+0000] {docker.py:373} INFO - [0m08:29:21
[2023-03-29T08:29:21.521+0000] {docker.py:373} INFO - [0m08:29:21  [32mCompleted successfully[0m
[0m08:29:21
[2023-03-29T08:29:21.521+0000] {docker.py:373} INFO - [0m08:29:21  Done. PASS=11 WARN=0 ERROR=0 SKIP=0 TOTAL=11
[2023-03-29T08:29:23.799+0000] {taskinstance.py:1322} INFO - Marking task as SUCCESS. dag_id=dbt_maturity_docker_run, task_id=dbt_run, execution_date=20230329T082830, start_date=20230329T082849, end_date=20230329T082923
[2023-03-29T08:29:23.863+0000] {local_task_job.py:159} INFO - Task exited with return code 0
[2023-03-29T08:29:23.881+0000] {taskinstance.py:2582} INFO - 1 downstream tasks scheduled from follow-on schedule check
